mode: set
mud-platform-backend/cmd/auth-service/auth_handler.go:27.144,35.2 1 0
mud-platform-backend/cmd/auth-service/auth_handler.go:48.77,54.55 2 0
mud-platform-backend/cmd/auth-service/auth_handler.go:54.55,56.3 1 0
mud-platform-backend/cmd/auth-service/auth_handler.go:59.2,60.16 2 0
mud-platform-backend/cmd/auth-service/auth_handler.go:60.16,64.3 1 0
mud-platform-backend/cmd/auth-service/auth_handler.go:65.2,65.14 1 0
mud-platform-backend/cmd/auth-service/auth_handler.go:65.14,68.3 2 0
mud-platform-backend/cmd/auth-service/auth_handler.go:77.2,78.29 2 0
mud-platform-backend/cmd/auth-service/auth_handler.go:78.29,90.26 3 0
mud-platform-backend/cmd/auth-service/auth_handler.go:90.26,92.4 1 0
mud-platform-backend/cmd/auth-service/auth_handler.go:95.2,95.16 1 0
mud-platform-backend/cmd/auth-service/auth_handler.go:95.16,98.3 2 0
mud-platform-backend/cmd/auth-service/auth_handler.go:102.2,104.16 3 0
mud-platform-backend/cmd/auth-service/auth_handler.go:104.16,108.3 3 0
mud-platform-backend/cmd/auth-service/auth_handler.go:111.2,112.16 2 0
mud-platform-backend/cmd/auth-service/auth_handler.go:112.16,116.3 3 0
mud-platform-backend/cmd/auth-service/auth_handler.go:119.2,127.37 3 0
mud-platform-backend/cmd/auth-service/auth_handler.go:130.73,132.16 2 0
mud-platform-backend/cmd/auth-service/auth_handler.go:132.16,134.3 1 0
mud-platform-backend/cmd/auth-service/auth_handler.go:135.2,135.59 1 0
mud-platform-backend/cmd/auth-service/auth_handler.go:135.59,137.3 1 0
mud-platform-backend/cmd/auth-service/auth_handler.go:138.2,138.12 1 0
mud-platform-backend/cmd/auth-service/main.go:17.13,24.19 4 0
mud-platform-backend/cmd/auth-service/main.go:24.19,26.3 1 0
mud-platform-backend/cmd/auth-service/main.go:29.2,30.16 2 0
mud-platform-backend/cmd/auth-service/main.go:30.16,32.3 1 0
mud-platform-backend/cmd/auth-service/main.go:33.2,39.21 4 0
mud-platform-backend/cmd/auth-service/main.go:39.21,41.3 1 0
mud-platform-backend/cmd/auth-service/main.go:42.2,50.26 4 0
mud-platform-backend/cmd/auth-service/main.go:50.26,52.3 1 0
mud-platform-backend/cmd/auth-service/main.go:53.2,54.30 2 0
mud-platform-backend/cmd/auth-service/main.go:54.30,58.3 1 0
mud-platform-backend/cmd/auth-service/main.go:60.2,61.16 2 0
mud-platform-backend/cmd/auth-service/main.go:61.16,63.3 1 0
mud-platform-backend/cmd/auth-service/main.go:65.2,73.58 5 0
mud-platform-backend/cmd/auth-service/main.go:73.58,80.55 3 0
mud-platform-backend/cmd/auth-service/main.go:80.55,82.4 1 0
mud-platform-backend/cmd/auth-service/main.go:84.2,84.16 1 0
mud-platform-backend/cmd/auth-service/main.go:84.16,86.3 1 0
mud-platform-backend/cmd/auth-service/main.go:88.2,95.36 5 0
mud-platform-backend/cmd/ai-gateway/main.go:15.13,20.19 3 0
mud-platform-backend/cmd/ai-gateway/main.go:20.19,22.3 1 0
mud-platform-backend/cmd/ai-gateway/main.go:24.2,26.16 3 0
mud-platform-backend/cmd/ai-gateway/main.go:26.16,28.3 1 0
mud-platform-backend/cmd/ai-gateway/main.go:29.2,37.50 4 0
mud-platform-backend/cmd/ai-gateway/main.go:37.50,39.3 1 0
mud-platform-backend/cmd/ai-gateway/main.go:41.2,48.52 5 0
mud-platform-backend/cmd/migrate/main.go:14.13,16.17 2 0
mud-platform-backend/cmd/migrate/main.go:16.17,18.3 1 0
mud-platform-backend/cmd/migrate/main.go:20.2,22.16 3 0
mud-platform-backend/cmd/migrate/main.go:22.16,24.3 1 0
mud-platform-backend/cmd/migrate/main.go:25.2,27.34 2 0
mud-platform-backend/cmd/migrate/main.go:27.34,29.3 1 0
mud-platform-backend/cmd/migrate/main.go:32.2,33.77 2 0
mud-platform-backend/cmd/migrate/main.go:33.77,35.3 1 0
mud-platform-backend/cmd/migrate/main.go:37.2,39.16 3 0
mud-platform-backend/cmd/migrate/main.go:39.16,41.3 1 0
mud-platform-backend/cmd/migrate/main.go:43.2,44.26 2 0
mud-platform-backend/cmd/migrate/main.go:44.26,45.45 1 0
mud-platform-backend/cmd/migrate/main.go:45.45,47.4 1 0
mud-platform-backend/cmd/migrate/main.go:49.2,51.38 2 0
mud-platform-backend/cmd/migrate/main.go:51.38,54.17 3 0
mud-platform-backend/cmd/migrate/main.go:54.17,56.4 1 0
mud-platform-backend/cmd/migrate/main.go:58.3,58.53 1 0
mud-platform-backend/cmd/migrate/main.go:58.53,59.55 1 0
mud-platform-backend/cmd/migrate/main.go:59.55,61.5 1 0
mud-platform-backend/cmd/migrate/main.go:61.10,64.5 2 0
mud-platform-backend/cmd/migrate/main.go:68.2,68.51 1 0
mud-platform-backend/cmd/player-service/main.go:12.13,17.19 3 0
mud-platform-backend/cmd/player-service/main.go:17.19,19.3 1 0
mud-platform-backend/cmd/player-service/main.go:20.2,21.16 2 0
mud-platform-backend/cmd/player-service/main.go:21.16,23.3 1 0
mud-platform-backend/cmd/player-service/main.go:24.2,35.48 5 0
mud-platform-backend/cmd/world-service/main.go:19.13,32.16 7 0
mud-platform-backend/cmd/world-service/main.go:32.16,34.3 1 0
mud-platform-backend/cmd/world-service/main.go:35.2,38.58 2 0
mud-platform-backend/cmd/world-service/main.go:38.58,40.3 1 0
mud-platform-backend/cmd/world-service/main.go:41.2,49.16 5 0
mud-platform-backend/cmd/world-service/main.go:49.16,51.3 1 0
mud-platform-backend/cmd/world-service/main.go:52.2,90.52 18 0
mud-platform-backend/cmd/world-service/main.go:98.75,100.2 1 0
mud-platform-backend/cmd/world-service/main.go:107.26,109.17 2 0
mud-platform-backend/cmd/world-service/main.go:109.17,111.3 1 0
mud-platform-backend/cmd/world-service/main.go:113.2,114.19 2 0
mud-platform-backend/cmd/world-service/main.go:114.19,116.3 1 0
mud-platform-backend/cmd/world-service/main.go:118.2,121.3 1 0
mud-platform-backend/cmd/world-service/main.go:125.40,128.2 1 0
mud-platform-backend/internal/ai/degradation/fallback.go:24.44,28.2 1 0
mud-platform-backend/internal/ai/degradation/fallback.go:31.57,35.2 3 0
mud-platform-backend/internal/ai/degradation/fallback.go:38.53,42.2 3 0
mud-platform-backend/internal/ai/degradation/fallback.go:45.47,48.2 2 0
mud-platform-backend/internal/ai/degradation/fallback.go:51.74,52.21 1 0
mud-platform-backend/internal/ai/degradation/fallback.go:53.14,54.56 1 0
mud-platform-backend/internal/ai/degradation/fallback.go:55.18,56.29 1 0
mud-platform-backend/internal/ai/degradation/fallback.go:57.10,58.15 1 0
mud-platform-backend/internal/ai/degradation/fallback.go:63.92,65.56 1 0
mud-platform-backend/internal/ai/degradation/fallback.go:65.56,67.3 1 0
mud-platform-backend/internal/ai/degradation/fallback.go:67.8,67.63 1 0
mud-platform-backend/internal/ai/degradation/fallback.go:67.63,69.3 1 0
mud-platform-backend/internal/ai/degradation/fallback.go:69.8,71.3 1 0
mud-platform-backend/cmd/game-server/main.go:30.13,39.21 5 0
mud-platform-backend/cmd/game-server/main.go:39.21,43.17 3 0
mud-platform-backend/cmd/game-server/main.go:43.17,45.4 1 0
mud-platform-backend/cmd/game-server/main.go:46.3,46.32 1 0
mud-platform-backend/cmd/game-server/main.go:50.2,51.17 2 0
mud-platform-backend/cmd/game-server/main.go:51.17,53.3 1 0
mud-platform-backend/cmd/game-server/main.go:55.2,57.16 3 0
mud-platform-backend/cmd/game-server/main.go:57.16,59.3 1 0
mud-platform-backend/cmd/game-server/main.go:60.2,64.21 3 0
mud-platform-backend/cmd/game-server/main.go:64.21,66.3 1 0
mud-platform-backend/cmd/game-server/main.go:68.2,75.52 3 0
mud-platform-backend/cmd/game-server/main.go:75.52,79.3 3 0
mud-platform-backend/cmd/game-server/main.go:82.2,87.16 4 0
mud-platform-backend/cmd/game-server/main.go:87.16,89.3 1 0
mud-platform-backend/cmd/game-server/main.go:90.2,91.16 2 0
mud-platform-backend/cmd/game-server/main.go:91.16,93.3 1 0
mud-platform-backend/cmd/game-server/main.go:94.2,112.24 11 0
mud-platform-backend/cmd/game-server/main.go:112.24,115.3 2 0
mud-platform-backend/cmd/game-server/main.go:118.2,129.12 6 0
mud-platform-backend/cmd/game-server/main.go:129.12,132.7 3 0
mud-platform-backend/cmd/game-server/main.go:132.7,133.11 1 0
mud-platform-backend/cmd/game-server/main.go:134.22,135.11 1 0
mud-platform-backend/cmd/game-server/main.go:136.20,138.43 2 0
mud-platform-backend/cmd/game-server/main.go:144.2,159.45 12 0
mud-platform-backend/cmd/game-server/main.go:159.45,161.3 1 0
mud-platform-backend/cmd/game-server/main.go:164.2,177.37 3 0
mud-platform-backend/cmd/game-server/main.go:177.37,183.30 3 0
mud-platform-backend/cmd/game-server/main.go:183.30,204.4 13 0
mud-platform-backend/cmd/game-server/main.go:208.2,208.64 1 0
mud-platform-backend/cmd/game-server/main.go:208.64,211.3 2 0
mud-platform-backend/cmd/game-server/main.go:214.2,215.16 2 0
mud-platform-backend/cmd/game-server/main.go:215.16,217.3 1 0
mud-platform-backend/cmd/game-server/main.go:219.2,228.12 2 0
mud-platform-backend/cmd/game-server/main.go:228.12,239.54 8 0
mud-platform-backend/cmd/game-server/main.go:239.54,241.4 1 0
mud-platform-backend/cmd/game-server/main.go:244.2,245.79 2 0
mud-platform-backend/cmd/game-server/main.go:245.79,247.3 1 0
mud-platform-backend/cmd/game-server/main.go:249.2,249.31 1 0
mud-platform-backend/internal/ai/area/cache.go:26.32,31.2 1 1
mud-platform-backend/internal/ai/area/cache.go:34.52,39.9 4 1
mud-platform-backend/internal/ai/area/cache.go:39.9,41.3 1 1
mud-platform-backend/internal/ai/area/cache.go:43.2,43.39 1 1
mud-platform-backend/internal/ai/area/cache.go:43.39,45.3 1 0
mud-platform-backend/internal/ai/area/cache.go:47.2,47.32 1 1
mud-platform-backend/internal/ai/area/cache.go:51.50,59.2 3 1
mud-platform-backend/internal/ai/area/cache.go:62.112,65.21 2 1
mud-platform-backend/internal/ai/area/cache.go:65.21,67.3 1 0
mud-platform-backend/internal/ai/area/cache.go:67.8,67.28 1 1
mud-platform-backend/internal/ai/area/cache.go:67.28,69.3 1 0
mud-platform-backend/internal/ai/area/cache.go:69.8,69.28 1 1
mud-platform-backend/internal/ai/area/cache.go:69.28,71.3 1 1
mud-platform-backend/internal/ai/area/cache.go:73.2,77.36 3 1
mud-platform-backend/internal/ai/area/cache.go:82.69,86.2 0 0
mud-platform-backend/internal/ai/area/description.go:24.92,29.2 1 1
mud-platform-backend/internal/ai/area/description.go:47.113,52.38 2 1
mud-platform-backend/internal/ai/area/description.go:52.38,54.3 1 0
mud-platform-backend/internal/ai/area/description.go:57.2,64.16 3 1
mud-platform-backend/internal/ai/area/description.go:64.16,66.3 1 0
mud-platform-backend/internal/ai/area/description.go:69.2,74.21 3 1
mud-platform-backend/internal/ai/area/description.go:77.71,88.28 9 1
mud-platform-backend/internal/ai/area/description.go:88.28,89.35 1 1
mud-platform-backend/internal/ai/area/description.go:89.35,91.4 1 1
mud-platform-backend/internal/ai/area/description.go:92.8,94.3 1 1
mud-platform-backend/internal/ai/area/description.go:95.2,98.30 3 1
mud-platform-backend/internal/ai/area/description.go:98.30,99.38 1 1
mud-platform-backend/internal/ai/area/description.go:99.38,101.4 1 1
mud-platform-backend/internal/ai/area/description.go:102.8,104.3 1 1
mud-platform-backend/internal/ai/area/description.go:105.2,115.20 8 1
mud-platform-backend/internal/ai/metrics/collector.go:27.39,29.2 1 0
mud-platform-backend/internal/ai/metrics/collector.go:32.55,36.2 3 0
mud-platform-backend/internal/ai/metrics/collector.go:40.42,60.2 7 0
mud-platform-backend/internal/ai/metrics/collector.go:63.49,67.2 3 0
mud-platform-backend/internal/ai/metrics/collector.go:70.69,77.2 4 0
mud-platform-backend/internal/ai/metrics/prometheus.go:29.47,33.2 3 0
mud-platform-backend/internal/ai/metrics/prometheus.go:36.42,38.2 1 0
mud-platform-backend/internal/ai/cache/dialogue.go:24.57,29.2 1 1
mud-platform-backend/internal/ai/cache/dialogue.go:32.56,37.9 4 1
mud-platform-backend/internal/ai/cache/dialogue.go:37.9,39.3 1 0
mud-platform-backend/internal/ai/cache/dialogue.go:41.2,41.39 1 1
mud-platform-backend/internal/ai/cache/dialogue.go:41.39,43.3 1 1
mud-platform-backend/internal/ai/cache/dialogue.go:45.2,45.29 1 1
mud-platform-backend/internal/ai/cache/dialogue.go:49.51,57.2 3 1
mud-platform-backend/internal/ai/cache/dialogue.go:60.77,64.2 3 1
mud-platform-backend/internal/ai/cache/keys.go:10.101,14.2 3 1
mud-platform-backend/cmd/game-server/api/auth.go:20.129,26.2 1 1
mud-platform-backend/cmd/game-server/api/auth.go:47.72,49.61 2 1
mud-platform-backend/cmd/game-server/api/auth.go:49.61,53.3 2 0
mud-platform-backend/cmd/game-server/api/auth.go:56.2,62.32 5 1
mud-platform-backend/cmd/game-server/api/auth.go:62.32,66.3 2 1
mud-platform-backend/cmd/game-server/api/auth.go:69.2,70.16 2 1
mud-platform-backend/cmd/game-server/api/auth.go:70.16,71.32 1 0
mud-platform-backend/cmd/game-server/api/auth.go:71.32,75.4 2 0
mud-platform-backend/cmd/game-server/api/auth.go:76.3,78.9 2 0
mud-platform-backend/cmd/game-server/api/auth.go:81.2,81.42 1 1
mud-platform-backend/cmd/game-server/api/auth.go:85.69,87.61 2 1
mud-platform-backend/cmd/game-server/api/auth.go:87.61,91.3 2 0
mud-platform-backend/cmd/game-server/api/auth.go:94.2,100.32 5 1
mud-platform-backend/cmd/game-server/api/auth.go:100.32,104.3 2 0
mud-platform-backend/cmd/game-server/api/auth.go:107.2,108.16 2 1
mud-platform-backend/cmd/game-server/api/auth.go:108.16,109.40 1 1
mud-platform-backend/cmd/game-server/api/auth.go:109.40,113.4 2 1
mud-platform-backend/cmd/game-server/api/auth.go:114.3,116.9 2 0
mud-platform-backend/cmd/game-server/api/auth.go:119.2,122.4 1 1
mud-platform-backend/cmd/game-server/api/auth.go:126.69,131.16 3 0
mud-platform-backend/cmd/game-server/api/auth.go:131.16,134.3 2 0
mud-platform-backend/cmd/game-server/api/auth.go:136.2,139.4 1 0
mud-platform-backend/cmd/game-server/api/auth.go:143.70,146.21 2 0
mud-platform-backend/cmd/game-server/api/auth.go:146.21,148.3 1 0
mud-platform-backend/cmd/game-server/api/auth.go:150.2,150.48 1 0
mud-platform-backend/cmd/game-server/api/auth.go:150.48,151.84 1 0
mud-platform-backend/cmd/game-server/api/auth.go:151.85,153.4 0 0
mud-platform-backend/cmd/game-server/api/auth.go:156.2,156.88 1 0
mud-platform-backend/cmd/game-server/api/auth.go:160.71,164.2 3 1
mud-platform-backend/cmd/game-server/api/auth.go:166.70,168.2 1 0
mud-platform-backend/cmd/game-server/api/entry_handler.go:16.60,20.2 1 0
mud-platform-backend/cmd/game-server/api/entry_handler.go:23.80,25.22 2 0
mud-platform-backend/cmd/game-server/api/entry_handler.go:25.22,28.3 2 0
mud-platform-backend/cmd/game-server/api/entry_handler.go:30.2,31.16 2 0
mud-platform-backend/cmd/game-server/api/entry_handler.go:31.16,34.3 2 0
mud-platform-backend/cmd/game-server/api/entry_handler.go:36.2,37.16 2 0
mud-platform-backend/cmd/game-server/api/entry_handler.go:37.16,40.3 2 0
mud-platform-backend/cmd/game-server/api/entry_handler.go:42.2,43.36 2 0
mud-platform-backend/cmd/game-server/api/health.go:20.40,26.2 3 0
mud-platform-backend/cmd/game-server/api/health.go:30.46,32.2 1 0
mud-platform-backend/cmd/game-server/api/health.go:35.56,37.2 1 0
mud-platform-backend/cmd/game-server/api/health.go:51.79,58.2 3 0
mud-platform-backend/cmd/game-server/api/health.go:62.80,65.23 2 0
mud-platform-backend/cmd/game-server/api/health.go:65.23,72.3 3 0
mud-platform-backend/cmd/game-server/api/health.go:74.2,77.4 2 0
mud-platform-backend/cmd/game-server/api/health.go:82.77,102.2 8 0
mud-platform-backend/cmd/game-server/api/health.go:105.60,109.2 3 0
mud-platform-backend/cmd/game-server/api/interview.go:16.81,18.2 1 0
mud-platform-backend/cmd/game-server/api/interview.go:25.83,27.24 2 0
mud-platform-backend/cmd/game-server/api/interview.go:27.24,30.3 2 0
mud-platform-backend/cmd/game-server/api/interview.go:32.2,33.16 2 0
mud-platform-backend/cmd/game-server/api/interview.go:33.16,36.3 2 0
mud-platform-backend/cmd/game-server/api/interview.go:38.2,41.4 1 0
mud-platform-backend/cmd/game-server/api/interview.go:54.83,56.24 2 0
mud-platform-backend/cmd/game-server/api/interview.go:56.24,59.3 2 0
mud-platform-backend/cmd/game-server/api/interview.go:61.2,62.61 2 0
mud-platform-backend/cmd/game-server/api/interview.go:62.61,65.3 2 0
mud-platform-backend/cmd/game-server/api/interview.go:72.2,73.16 2 0
mud-platform-backend/cmd/game-server/api/interview.go:73.16,76.3 2 0
mud-platform-backend/cmd/game-server/api/interview.go:78.2,81.4 1 0
mud-platform-backend/cmd/game-server/api/interview.go:84.87,86.24 2 0
mud-platform-backend/cmd/game-server/api/interview.go:86.24,89.3 2 0
mud-platform-backend/cmd/game-server/api/interview.go:91.2,92.16 2 0
mud-platform-backend/cmd/game-server/api/interview.go:92.16,95.3 2 0
mud-platform-backend/cmd/game-server/api/interview.go:97.2,97.20 1 0
mud-platform-backend/cmd/game-server/api/interview.go:97.20,100.3 2 0
mud-platform-backend/cmd/game-server/api/interview.go:103.2,104.16 2 0
mud-platform-backend/cmd/game-server/api/interview.go:104.16,107.3 2 0
mud-platform-backend/cmd/game-server/api/interview.go:109.2,112.4 1 0
mud-platform-backend/cmd/game-server/api/interview.go:115.86,117.24 2 0
mud-platform-backend/cmd/game-server/api/interview.go:117.24,120.3 2 0
mud-platform-backend/cmd/game-server/api/interview.go:122.2,125.61 2 0
mud-platform-backend/cmd/game-server/api/interview.go:125.61,128.3 2 0
mud-platform-backend/cmd/game-server/api/interview.go:130.2,131.16 2 0
mud-platform-backend/cmd/game-server/api/interview.go:131.16,134.3 2 0
mud-platform-backend/cmd/game-server/api/interview.go:136.2,136.39 1 0
mud-platform-backend/cmd/game-server/api/middleware.go:14.80,15.46 1 0
mud-platform-backend/cmd/game-server/api/middleware.go:15.46,16.72 1 0
mud-platform-backend/cmd/game-server/api/middleware.go:16.72,21.24 3 0
mud-platform-backend/cmd/game-server/api/middleware.go:21.24,24.48 2 0
mud-platform-backend/cmd/game-server/api/middleware.go:24.48,27.6 2 0
mud-platform-backend/cmd/game-server/api/middleware.go:28.5,28.21 1 0
mud-platform-backend/cmd/game-server/api/middleware.go:29.10,32.20 2 0
mud-platform-backend/cmd/game-server/api/middleware.go:32.20,35.6 2 0
mud-platform-backend/cmd/game-server/api/middleware.go:39.4,40.18 2 0
mud-platform-backend/cmd/game-server/api/middleware.go:40.18,43.5 2 0
mud-platform-backend/cmd/game-server/api/middleware.go:46.4,48.41 2 0
mud-platform-backend/cmd/game-server/api/middleware.go:54.58,55.55 1 1
mud-platform-backend/cmd/game-server/api/middleware.go:55.55,56.55 1 1
mud-platform-backend/cmd/game-server/api/middleware.go:56.55,58.4 1 1
mud-platform-backend/cmd/game-server/api/middleware.go:60.2,60.17 1 0
mud-platform-backend/cmd/game-server/api/middleware.go:64.63,65.65 1 0
mud-platform-backend/cmd/game-server/api/middleware.go:65.65,66.65 1 0
mud-platform-backend/cmd/game-server/api/middleware.go:66.65,68.4 1 0
mud-platform-backend/cmd/game-server/api/middleware.go:70.2,70.17 1 0
mud-platform-backend/cmd/game-server/api/session.go:19.66,21.2 1 1
mud-platform-backend/cmd/game-server/api/session.go:41.82,43.24 2 1
mud-platform-backend/cmd/game-server/api/session.go:43.24,46.3 2 0
mud-platform-backend/cmd/game-server/api/session.go:48.2,49.61 2 1
mud-platform-backend/cmd/game-server/api/session.go:49.61,53.3 2 0
mud-platform-backend/cmd/game-server/api/session.go:56.2,63.20 6 1
mud-platform-backend/cmd/game-server/api/session.go:63.20,65.3 1 1
mud-platform-backend/cmd/game-server/api/session.go:67.2,67.27 1 1
mud-platform-backend/cmd/game-server/api/session.go:67.27,69.3 1 1
mud-platform-backend/cmd/game-server/api/session.go:71.2,71.26 1 1
mud-platform-backend/cmd/game-server/api/session.go:71.26,73.3 1 1
mud-platform-backend/cmd/game-server/api/session.go:75.2,75.32 1 1
mud-platform-backend/cmd/game-server/api/session.go:75.32,79.3 2 0
mud-platform-backend/cmd/game-server/api/session.go:82.2,83.27 2 1
mud-platform-backend/cmd/game-server/api/session.go:83.27,85.19 2 1
mud-platform-backend/cmd/game-server/api/session.go:85.19,89.4 2 0
mud-platform-backend/cmd/game-server/api/session.go:90.3,90.16 1 1
mud-platform-backend/cmd/game-server/api/session.go:94.2,106.21 2 1
mud-platform-backend/cmd/game-server/api/session.go:106.21,108.3 1 0
mud-platform-backend/cmd/game-server/api/session.go:110.2,110.70 1 1
mud-platform-backend/cmd/game-server/api/session.go:110.70,114.3 2 0
mud-platform-backend/cmd/game-server/api/session.go:117.2,117.46 1 1
mud-platform-backend/cmd/game-server/api/session.go:117.46,124.3 2 1
mud-platform-backend/cmd/game-server/api/session.go:126.2,132.4 2 1
mud-platform-backend/cmd/game-server/api/session.go:140.80,142.24 2 0
mud-platform-backend/cmd/game-server/api/session.go:142.24,145.3 2 0
mud-platform-backend/cmd/game-server/api/session.go:147.2,148.16 2 0
mud-platform-backend/cmd/game-server/api/session.go:148.16,151.3 2 0
mud-platform-backend/cmd/game-server/api/session.go:153.2,155.4 1 0
mud-platform-backend/cmd/game-server/api/session.go:170.75,172.24 2 0
mud-platform-backend/cmd/game-server/api/session.go:172.24,175.3 2 0
mud-platform-backend/cmd/game-server/api/session.go:177.2,178.61 2 0
mud-platform-backend/cmd/game-server/api/session.go:178.61,181.3 2 0
mud-platform-backend/cmd/game-server/api/session.go:184.2,185.16 2 0
mud-platform-backend/cmd/game-server/api/session.go:185.16,188.3 2 0
mud-platform-backend/cmd/game-server/api/session.go:191.2,191.27 1 0
mud-platform-backend/cmd/game-server/api/session.go:191.27,194.3 2 0
mud-platform-backend/cmd/game-server/api/session.go:202.2,206.4 1 0
mud-platform-backend/cmd/game-server/api/session.go:210.95,218.2 1 1
mud-platform-backend/cmd/game-server/api/world_handler.go:14.69,18.2 1 0
mud-platform-backend/cmd/game-server/api/world_handler.go:21.75,23.16 2 0
mud-platform-backend/cmd/game-server/api/world_handler.go:23.16,26.3 2 0
mud-platform-backend/cmd/game-server/api/world_handler.go:28.2,29.35 2 0
mud-platform-backend/internal/ai/batch/processor.go:23.63,27.2 1 1
mud-platform-backend/internal/ai/batch/processor.go:41.92,48.33 6 1
mud-platform-backend/internal/ai/batch/processor.go:48.33,50.57 2 1
mud-platform-backend/internal/ai/batch/processor.go:50.57,59.18 5 1
mud-platform-backend/internal/ai/batch/processor.go:59.18,61.5 1 1
mud-platform-backend/internal/ai/batch/processor.go:61.10,63.5 1 1
mud-platform-backend/internal/ai/batch/processor.go:67.2,72.3 2 1
mud-platform-backend/internal/ai/dialogue/emotion.go:5.81,9.113 2 1
mud-platform-backend/internal/ai/dialogue/emotion.go:9.113,11.3 1 1
mud-platform-backend/internal/ai/dialogue/emotion.go:12.2,12.118 1 1
mud-platform-backend/internal/ai/dialogue/emotion.go:12.118,14.3 1 1
mud-platform-backend/internal/ai/dialogue/emotion.go:15.2,15.118 1 1
mud-platform-backend/internal/ai/dialogue/emotion.go:15.118,17.3 1 1
mud-platform-backend/internal/ai/dialogue/emotion.go:18.2,18.78 1 1
mud-platform-backend/internal/ai/dialogue/emotion.go:18.78,20.3 1 1
mud-platform-backend/internal/ai/dialogue/emotion.go:23.2,23.34 1 1
mud-platform-backend/internal/ai/dialogue/emotion.go:23.34,25.3 1 1
mud-platform-backend/internal/ai/dialogue/emotion.go:26.2,26.34 1 1
mud-platform-backend/internal/ai/dialogue/emotion.go:26.34,28.3 1 1
mud-platform-backend/internal/ai/dialogue/emotion.go:30.2,30.23 1 1
mud-platform-backend/internal/ai/dialogue/fallback.go:5.86,6.40 1 1
mud-platform-backend/internal/ai/dialogue/fallback.go:6.40,8.3 1 1
mud-platform-backend/internal/ai/dialogue/fallback.go:9.2,9.41 1 1
mud-platform-backend/internal/ai/dialogue/fallback.go:9.41,11.3 1 1
mud-platform-backend/internal/ai/dialogue/fallback.go:12.2,12.35 1 1
mud-platform-backend/internal/ai/dialogue/fallback.go:12.35,14.3 1 1
mud-platform-backend/internal/ai/dialogue/fallback.go:15.2,15.28 1 1
mud-platform-backend/internal/ai/dialogue/flow.go:9.74,20.16 2 1
mud-platform-backend/internal/ai/dialogue/flow.go:20.16,22.3 1 0
mud-platform-backend/internal/ai/dialogue/flow.go:23.2,24.16 2 1
mud-platform-backend/internal/ai/dialogue/flow.go:24.16,26.3 1 0
mud-platform-backend/internal/ai/dialogue/flow.go:27.2,28.16 2 1
mud-platform-backend/internal/ai/dialogue/flow.go:28.16,30.3 1 0
mud-platform-backend/internal/ai/dialogue/flow.go:32.2,37.8 1 1
mud-platform-backend/internal/ai/dialogue/flow.go:40.91,45.34 3 1
mud-platform-backend/internal/ai/dialogue/flow.go:45.34,46.27 1 1
mud-platform-backend/internal/ai/dialogue/flow.go:46.27,49.4 2 1
mud-platform-backend/internal/ai/dialogue/flow.go:52.2,52.20 1 1
mud-platform-backend/internal/ai/dialogue/flow.go:52.20,54.3 1 0
mud-platform-backend/internal/ai/dialogue/flow.go:56.2,56.22 1 1
mud-platform-backend/internal/ai/dialogue/flow.go:57.25,58.22 1 0
mud-platform-backend/internal/ai/dialogue/flow.go:58.22,60.4 1 0
mud-platform-backend/internal/ai/dialogue/flow.go:61.32,62.22 1 0
mud-platform-backend/internal/ai/dialogue/flow.go:62.22,64.4 1 0
mud-platform-backend/internal/ai/dialogue/flow.go:65.25,66.22 1 0
mud-platform-backend/internal/ai/dialogue/flow.go:66.22,68.4 1 0
mud-platform-backend/internal/ai/dialogue/flow.go:69.33,70.22 1 0
mud-platform-backend/internal/ai/dialogue/flow.go:70.22,72.4 1 0
mud-platform-backend/internal/ai/dialogue/flow.go:75.2,75.44 1 1
mud-platform-backend/internal/ai/dialogue/memory.go:10.127,31.2 2 0
mud-platform-backend/internal/ai/dialogue/relationship.go:9.121,22.17 3 0
mud-platform-backend/internal/ai/dialogue/relationship.go:23.24,25.18 2 0
mud-platform-backend/internal/ai/dialogue/relationship.go:26.15,28.19 2 0
mud-platform-backend/internal/ai/dialogue/relationship.go:29.14,30.19 1 0
mud-platform-backend/internal/ai/dialogue/relationship.go:33.2,33.65 1 0
mud-platform-backend/internal/ai/dialogue/relationship.go:33.65,35.3 1 0
mud-platform-backend/internal/ai/dialogue/service.go:23.20,33.2 1 1
mud-platform-backend/internal/ai/dialogue/service.go:36.134,39.16 2 1
mud-platform-backend/internal/ai/dialogue/service.go:39.16,41.3 1 0
mud-platform-backend/internal/ai/dialogue/service.go:43.2,44.16 2 1
mud-platform-backend/internal/ai/dialogue/service.go:44.16,46.3 1 0
mud-platform-backend/internal/ai/dialogue/service.go:48.2,49.16 2 1
mud-platform-backend/internal/ai/dialogue/service.go:49.16,51.3 1 0
mud-platform-backend/internal/ai/dialogue/service.go:53.2,54.16 2 1
mud-platform-backend/internal/ai/dialogue/service.go:54.16,56.3 1 0
mud-platform-backend/internal/ai/dialogue/service.go:59.2,76.18 7 1
mud-platform-backend/internal/ai/dialogue/service.go:76.18,79.17 2 0
mud-platform-backend/internal/ai/dialogue/service.go:79.18,81.4 0 0
mud-platform-backend/internal/ai/dialogue/service.go:81.9,83.18 2 0
mud-platform-backend/internal/ai/dialogue/service.go:83.18,85.5 1 0
mud-platform-backend/internal/ai/dialogue/service.go:89.2,90.16 2 1
mud-platform-backend/internal/ai/dialogue/service.go:90.16,92.3 1 0
mud-platform-backend/internal/ai/dialogue/service.go:95.2,99.16 4 1
mud-platform-backend/internal/ai/dialogue/service.go:99.16,103.3 2 1
mud-platform-backend/internal/ai/dialogue/service.go:103.8,105.17 2 0
mud-platform-backend/internal/ai/dialogue/service.go:105.17,108.4 2 0
mud-platform-backend/internal/ai/dialogue/service.go:108.9,110.4 1 0
mud-platform-backend/internal/ai/dialogue/service.go:114.2,119.19 2 1
mud-platform-backend/internal/ai/dialogue/service.go:119.19,120.13 1 0
mud-platform-backend/internal/ai/dialogue/service.go:120.13,123.4 2 0
mud-platform-backend/internal/ai/dialogue/service.go:126.2,131.8 1 1
mud-platform-backend/internal/ai/gateway/listener.go:16.41,17.61 1 1
mud-platform-backend/internal/ai/gateway/listener.go:17.61,19.56 2 1
mud-platform-backend/internal/ai/gateway/listener.go:19.56,22.4 2 1
mud-platform-backend/internal/ai/gateway/listener.go:25.3,25.22 1 1
mud-platform-backend/internal/ai/gateway/listener.go:25.22,27.4 1 0
mud-platform-backend/internal/ai/gateway/listener.go:27.9,27.26 1 1
mud-platform-backend/internal/ai/gateway/listener.go:27.26,29.4 1 1
mud-platform-backend/internal/ai/gateway/listener.go:29.9,32.24 2 0
mud-platform-backend/internal/ai/gateway/listener.go:32.24,35.5 2 0
mud-platform-backend/internal/ai/gateway/listener.go:39.3,39.10 1 1
mud-platform-backend/internal/ai/gateway/listener.go:40.28,41.58 1 1
mud-platform-backend/internal/ai/gateway/listener.go:42.11,43.76 1 1
mud-platform-backend/internal/ai/gateway/listener.go:47.2,47.16 1 1
mud-platform-backend/internal/ai/gateway/listener.go:47.16,49.3 1 0
mud-platform-backend/internal/ai/gateway/listener.go:51.2,52.12 2 1
mud-platform-backend/internal/ai/gateway/ollama_client.go:21.38,23.15 2 1
mud-platform-backend/internal/ai/gateway/ollama_client.go:23.15,25.3 1 0
mud-platform-backend/internal/ai/gateway/ollama_client.go:27.2,29.22 3 1
mud-platform-backend/internal/ai/gateway/ollama_client.go:29.22,30.59 1 0
mud-platform-backend/internal/ai/gateway/ollama_client.go:30.59,32.4 1 0
mud-platform-backend/internal/ai/gateway/ollama_client.go:32.9,34.4 1 0
mud-platform-backend/internal/ai/gateway/ollama_client.go:37.2,42.3 1 1
mud-platform-backend/internal/ai/gateway/ollama_client.go:56.78,57.17 1 1
mud-platform-backend/internal/ai/gateway/ollama_client.go:57.17,59.3 1 0
mud-platform-backend/internal/ai/gateway/ollama_client.go:61.2,68.16 3 1
mud-platform-backend/internal/ai/gateway/ollama_client.go:68.16,70.3 1 0
mud-platform-backend/internal/ai/gateway/ollama_client.go:72.2,75.16 3 1
mud-platform-backend/internal/ai/gateway/ollama_client.go:75.16,77.3 1 1
mud-platform-backend/internal/ai/gateway/ollama_client.go:78.2,80.38 2 1
mud-platform-backend/internal/ai/gateway/ollama_client.go:80.38,83.3 2 1
mud-platform-backend/internal/ai/gateway/ollama_client.go:85.2,88.6 3 1
mud-platform-backend/internal/ai/gateway/ollama_client.go:88.6,90.48 2 1
mud-platform-backend/internal/ai/gateway/ollama_client.go:90.48,91.21 1 1
mud-platform-backend/internal/ai/gateway/ollama_client.go:91.21,92.10 1 0
mud-platform-backend/internal/ai/gateway/ollama_client.go:94.4,94.60 1 1
mud-platform-backend/internal/ai/gateway/ollama_client.go:97.3,99.17 2 1
mud-platform-backend/internal/ai/gateway/ollama_client.go:99.17,100.9 1 1
mud-platform-backend/internal/ai/gateway/ollama_client.go:104.2,104.35 1 1
mud-platform-backend/internal/ai/gateway/worker.go:22.49,23.12 1 0
mud-platform-backend/internal/ai/gateway/worker.go:23.12,25.33 2 0
mud-platform-backend/internal/ai/gateway/worker.go:25.33,27.4 1 0
mud-platform-backend/internal/ai/gateway/worker.go:31.67,43.16 6 1
mud-platform-backend/internal/ai/gateway/worker.go:43.16,46.3 2 1
mud-platform-backend/internal/ai/gateway/worker.go:46.8,48.3 1 1
mud-platform-backend/internal/ai/gateway/worker.go:50.2,51.16 2 1
mud-platform-backend/internal/ai/gateway/worker.go:51.16,54.3 2 0
mud-platform-backend/internal/ai/gateway/worker.go:56.2,56.31 1 1
mud-platform-backend/internal/ai/gateway/worker.go:56.31,57.67 1 1
mud-platform-backend/internal/ai/gateway/worker.go:57.67,59.4 1 0
mud-platform-backend/internal/ai/gateway/worker.go:60.8,62.3 1 1
mud-platform-backend/internal/ai/prompt/builder.go:39.40,41.2 1 1
mud-platform-backend/internal/ai/prompt/builder.go:43.210,54.2 10 1
mud-platform-backend/internal/ai/prompt/builder.go:56.100,62.2 5 1
mud-platform-backend/internal/ai/prompt/builder.go:64.98,68.2 3 1
mud-platform-backend/internal/ai/prompt/builder.go:70.76,73.2 2 0
mud-platform-backend/internal/ai/prompt/builder.go:75.135,80.2 4 1
mud-platform-backend/internal/ai/prompt/builder.go:82.79,86.2 3 1
mud-platform-backend/internal/ai/prompt/builder.go:89.50,107.16 3 1
mud-platform-backend/internal/ai/prompt/builder.go:107.16,109.3 1 0
mud-platform-backend/internal/ai/prompt/builder.go:111.2,112.49 2 1
mud-platform-backend/internal/ai/prompt/builder.go:112.49,114.3 1 0
mud-platform-backend/internal/ai/prompt/builder.go:116.2,116.26 1 1
mud-platform-backend/internal/ai/prompt/drift.go:8.146,9.18 1 1
mud-platform-backend/internal/ai/prompt/drift.go:9.18,11.3 1 1
mud-platform-backend/internal/ai/prompt/drift.go:14.2,35.26 4 1
mud-platform-backend/internal/ai/prompt/drift.go:36.16,37.104 1 1
mud-platform-backend/internal/ai/prompt/drift.go:38.18,39.96 1 0
mud-platform-backend/internal/ai/prompt/drift.go:40.16,41.90 1 0
mud-platform-backend/internal/ai/prompt/drift.go:42.10,43.43 1 0
mud-platform-backend/internal/ai/prompt/drift.go:51.2,60.61 1 1
mud-platform-backend/internal/ai/prompt/sections.go:12.65,20.2 7 1
mud-platform-backend/internal/ai/prompt/sections.go:22.114,29.2 5 1
mud-platform-backend/internal/ai/prompt/sections.go:31.70,38.2 5 1
mud-platform-backend/internal/ai/prompt/sections.go:40.60,41.24 1 1
mud-platform-backend/internal/ai/prompt/sections.go:41.24,43.3 1 1
mud-platform-backend/internal/ai/prompt/sections.go:44.2,45.31 2 0
mud-platform-backend/internal/ai/prompt/sections.go:45.31,47.59 1 0
mud-platform-backend/internal/ai/prompt/sections.go:47.59,49.4 1 0
mud-platform-backend/internal/ai/prompt/sections.go:49.9,49.73 1 0
mud-platform-backend/internal/ai/prompt/sections.go:49.73,51.4 1 0
mud-platform-backend/internal/ai/prompt/sections.go:51.9,53.4 1 0
mud-platform-backend/internal/ai/prompt/sections.go:55.2,55.20 1 0
mud-platform-backend/cmd/game-server/websocket/client.go:46.87,55.2 1 0
mud-platform-backend/cmd/game-server/websocket/client.go:58.45,60.2 1 0
mud-platform-backend/cmd/game-server/websocket/client.go:63.29,64.15 1 0
mud-platform-backend/cmd/game-server/websocket/client.go:64.15,67.3 2 0
mud-platform-backend/cmd/game-server/websocket/client.go:69.2,71.43 3 0
mud-platform-backend/cmd/game-server/websocket/client.go:71.43,74.3 2 0
mud-platform-backend/cmd/game-server/websocket/client.go:76.2,76.6 1 0
mud-platform-backend/cmd/game-server/websocket/client.go:76.6,78.17 2 0
mud-platform-backend/cmd/game-server/websocket/client.go:78.17,79.103 1 0
mud-platform-backend/cmd/game-server/websocket/client.go:79.103,81.5 1 0
mud-platform-backend/cmd/game-server/websocket/client.go:82.4,82.9 1 0
mud-platform-backend/cmd/game-server/websocket/client.go:86.3,87.61 2 0
mud-platform-backend/cmd/game-server/websocket/client.go:87.61,89.12 2 0
mud-platform-backend/cmd/game-server/websocket/client.go:93.3,96.4 1 0
mud-platform-backend/cmd/game-server/websocket/client.go:101.30,103.15 2 0
mud-platform-backend/cmd/game-server/websocket/client.go:103.15,106.3 2 0
mud-platform-backend/cmd/game-server/websocket/client.go:108.2,108.6 1 0
mud-platform-backend/cmd/game-server/websocket/client.go:108.6,109.10 1 0
mud-platform-backend/cmd/game-server/websocket/client.go:110.32,112.11 2 0
mud-platform-backend/cmd/game-server/websocket/client.go:112.11,116.5 2 0
mud-platform-backend/cmd/game-server/websocket/client.go:118.4,119.18 2 0
mud-platform-backend/cmd/game-server/websocket/client.go:119.18,121.5 1 0
mud-platform-backend/cmd/game-server/websocket/client.go:122.4,126.27 3 0
mud-platform-backend/cmd/game-server/websocket/client.go:126.27,129.5 2 0
mud-platform-backend/cmd/game-server/websocket/client.go:131.4,131.36 1 0
mud-platform-backend/cmd/game-server/websocket/client.go:131.36,133.5 1 0
mud-platform-backend/cmd/game-server/websocket/client.go:135.19,137.74 2 0
mud-platform-backend/cmd/game-server/websocket/client.go:137.74,139.5 1 0
mud-platform-backend/cmd/game-server/websocket/client.go:145.70,152.16 3 1
mud-platform-backend/cmd/game-server/websocket/client.go:152.16,154.3 1 0
mud-platform-backend/cmd/game-server/websocket/client.go:156.2,159.9 3 1
mud-platform-backend/cmd/game-server/websocket/client.go:160.26,161.13 1 1
mud-platform-backend/cmd/game-server/websocket/client.go:162.10,164.32 1 0
mud-platform-backend/cmd/game-server/websocket/client.go:169.44,173.2 1 0
mud-platform-backend/cmd/game-server/websocket/client.go:176.89,184.2 1 0
mud-platform-backend/cmd/game-server/websocket/client.go:187.58,189.2 1 0
mud-platform-backend/cmd/game-server/websocket/handler.go:14.42,17.3 1 0
mud-platform-backend/cmd/game-server/websocket/handler.go:29.65,34.2 1 0
mud-platform-backend/cmd/game-server/websocket/handler.go:37.69,40.9 2 0
mud-platform-backend/cmd/game-server/websocket/handler.go:40.9,43.3 2 0
mud-platform-backend/cmd/game-server/websocket/handler.go:45.2,46.16 2 0
mud-platform-backend/cmd/game-server/websocket/handler.go:46.16,49.3 2 0
mud-platform-backend/cmd/game-server/websocket/handler.go:52.2,53.69 2 0
mud-platform-backend/cmd/game-server/websocket/handler.go:53.69,54.55 1 0
mud-platform-backend/cmd/game-server/websocket/handler.go:54.55,56.4 1 0
mud-platform-backend/cmd/game-server/websocket/handler.go:60.2,60.29 1 0
mud-platform-backend/cmd/game-server/websocket/handler.go:60.29,62.17 2 0
mud-platform-backend/cmd/game-server/websocket/handler.go:62.17,66.4 3 0
mud-platform-backend/cmd/game-server/websocket/handler.go:67.3,67.38 1 0
mud-platform-backend/cmd/game-server/websocket/handler.go:71.2,72.16 2 0
mud-platform-backend/cmd/game-server/websocket/handler.go:72.16,75.3 2 0
mud-platform-backend/cmd/game-server/websocket/handler.go:78.2,87.29 5 0
mud-platform-backend/cmd/game-server/websocket/handler.go:87.29,89.3 1 0
mud-platform-backend/cmd/game-server/websocket/handler.go:89.8,91.3 1 0
mud-platform-backend/cmd/game-server/websocket/hub.go:52.46,62.2 2 1
mud-platform-backend/cmd/game-server/websocket/hub.go:65.40,66.6 1 1
mud-platform-backend/cmd/game-server/websocket/hub.go:66.6,67.10 1 1
mud-platform-backend/cmd/game-server/websocket/hub.go:68.21,69.10 1 1
mud-platform-backend/cmd/game-server/websocket/hub.go:71.31,79.86 6 1
mud-platform-backend/cmd/game-server/websocket/hub.go:81.33,83.50 2 0
mud-platform-backend/cmd/game-server/websocket/hub.go:83.50,88.5 3 0
mud-platform-backend/cmd/game-server/websocket/hub.go:89.4,91.52 3 0
mud-platform-backend/cmd/game-server/websocket/hub.go:93.37,94.39 1 0
mud-platform-backend/cmd/game-server/websocket/hub.go:100.87,101.30 1 0
mud-platform-backend/cmd/game-server/websocket/hub.go:102.26,104.68 2 0
mud-platform-backend/cmd/game-server/websocket/hub.go:104.68,107.4 2 0
mud-platform-backend/cmd/game-server/websocket/hub.go:109.3,109.79 1 0
mud-platform-backend/cmd/game-server/websocket/hub.go:109.79,112.4 2 0
mud-platform-backend/cmd/game-server/websocket/hub.go:114.10,115.51 1 0
mud-platform-backend/cmd/game-server/websocket/hub.go:120.93,125.8 4 0
mud-platform-backend/cmd/game-server/websocket/hub.go:125.8,127.3 1 0
mud-platform-backend/cmd/game-server/websocket/hub.go:131.64,134.35 3 1
mud-platform-backend/cmd/game-server/websocket/hub.go:134.35,136.3 1 1
mud-platform-backend/cmd/game-server/websocket/hub.go:137.2,139.33 2 1
mud-platform-backend/cmd/game-server/websocket/hub.go:139.33,141.3 1 1
mud-platform-backend/cmd/game-server/websocket/hub.go:145.75,150.2 4 0
mud-platform-backend/cmd/game-server/websocket/hub.go:154.76,156.2 1 1
mud-platform-backend/cmd/game-server/websocket/hub.go:161.106,163.15 2 1
mud-platform-backend/cmd/game-server/websocket/hub.go:163.15,166.3 2 1
mud-platform-backend/cmd/game-server/websocket/hub.go:169.2,174.37 4 1
mud-platform-backend/cmd/game-server/websocket/hub.go:174.37,175.44 1 0
mud-platform-backend/cmd/game-server/websocket/hub.go:175.44,177.4 1 0
mud-platform-backend/cmd/game-server/websocket/hub.go:179.2,181.23 2 1
mud-platform-backend/cmd/game-server/websocket/hub.go:181.23,183.3 1 1
mud-platform-backend/cmd/game-server/websocket/hub.go:186.2,187.36 2 0
mud-platform-backend/cmd/game-server/websocket/hub.go:187.36,189.34 1 0
mud-platform-backend/cmd/game-server/websocket/hub.go:189.34,191.4 1 0
mud-platform-backend/cmd/game-server/websocket/hub.go:192.3,192.9 1 0
mud-platform-backend/cmd/game-server/websocket/hub.go:196.2,196.47 1 0
mud-platform-backend/cmd/game-server/websocket/hub.go:201.88,209.34 4 0
mud-platform-backend/cmd/game-server/websocket/hub.go:209.34,211.13 2 0
mud-platform-backend/cmd/game-server/websocket/hub.go:211.13,213.29 2 0
mud-platform-backend/cmd/game-server/websocket/hub.go:213.29,215.5 1 0
mud-platform-backend/cmd/game-server/websocket/hub.go:220.2,220.33 1 0
mud-platform-backend/cmd/game-server/websocket/hub.go:220.33,222.3 1 0
mud-platform-backend/cmd/game-server/websocket/hub.go:223.2,226.11 2 0
mud-platform-backend/cmd/game-server/websocket/hub.go:231.36,235.2 3 0
mud-platform-backend/internal/ai/ollama/client.go:19.53,27.2 1 1
mud-platform-backend/internal/ai/ollama/client.go:45.64,53.16 3 1
mud-platform-backend/internal/ai/ollama/client.go:53.16,55.3 1 0
mud-platform-backend/internal/ai/ollama/client.go:57.2,58.16 2 1
mud-platform-backend/internal/ai/ollama/client.go:58.16,60.3 1 0
mud-platform-backend/internal/ai/ollama/client.go:61.2,63.38 2 1
mud-platform-backend/internal/ai/ollama/client.go:63.38,65.3 1 0
mud-platform-backend/internal/ai/ollama/client.go:67.2,68.68 2 1
mud-platform-backend/internal/ai/ollama/client.go:68.68,70.3 1 0
mud-platform-backend/internal/ai/ollama/client.go:72.2,72.30 1 1
mud-platform-backend/internal/ai/ollama/parser.go:9.48,11.52 2 1
mud-platform-backend/internal/ai/ollama/parser.go:11.52,13.3 1 1
mud-platform-backend/internal/ai/ollama/parser.go:14.2,14.23 1 1
mud-platform-backend/internal/ai/ollama/parser.go:18.42,28.2 5 1
mud-platform-backend/internal/ai/ollama/parser.go:31.42,32.20 1 1
mud-platform-backend/internal/ai/ollama/parser.go:32.20,34.3 1 0
mud-platform-backend/internal/ai/ollama/parser.go:35.2,35.21 1 1
mud-platform-backend/internal/ai/ollama/parser.go:35.21,37.3 1 0
mud-platform-backend/internal/ai/ollama/parser.go:40.2,41.80 2 1
mud-platform-backend/internal/ai/ollama/parser.go:41.80,43.3 1 1
mud-platform-backend/internal/ai/ollama/parser.go:45.2,45.12 1 1
mud-platform-backend/internal/ai/queue/dialogue_queue.go:31.48,38.2 1 1
mud-platform-backend/internal/ai/queue/dialogue_queue.go:41.82,42.9 1 1
mud-platform-backend/internal/ai/queue/dialogue_queue.go:43.30,44.13 1 1
mud-platform-backend/internal/ai/queue/dialogue_queue.go:45.10,46.34 1 1
mud-platform-backend/internal/ai/queue/dialogue_queue.go:50.79,51.11 1 1
mud-platform-backend/internal/ai/queue/dialogue_queue.go:52.24,53.20 1 1
mud-platform-backend/internal/ai/queue/dialogue_queue.go:54.20,55.16 1 1
mud-platform-backend/internal/ai/queue/dialogue_queue.go:56.22,57.18 1 0
mud-platform-backend/internal/ai/queue/dialogue_queue.go:58.19,59.15 1 1
mud-platform-backend/internal/ai/queue/dialogue_queue.go:60.10,61.15 1 0
mud-platform-backend/internal/ai/queue/worker.go:21.97,28.2 1 0
mud-platform-backend/internal/ai/queue/worker.go:31.31,34.2 2 0
mud-platform-backend/internal/ai/queue/worker.go:37.30,40.2 2 0
mud-platform-backend/internal/ai/queue/worker.go:42.29,45.6 2 0
mud-platform-backend/internal/ai/queue/worker.go:45.6,46.10 1 0
mud-platform-backend/internal/ai/queue/worker.go:47.18,48.10 1 0
mud-platform-backend/internal/ai/queue/worker.go:49.11,51.11 1 0
mud-platform-backend/internal/ai/queue/worker.go:52.36,55.19 2 0
mud-platform-backend/internal/ai/queue/worker.go:55.19,56.43 1 0
mud-platform-backend/internal/ai/queue/worker.go:56.43,57.20 1 0
mud-platform-backend/internal/ai/queue/worker.go:57.20,57.38 1 0
mud-platform-backend/internal/ai/queue/worker.go:70.7,70.94 1 0
mud-platform-backend/internal/ai/queue/worker.go:72.11,76.6 2 0
mud-platform-backend/internal/ai/queue/worker.go:77.19,78.11 1 0
mud-platform-backend/internal/ai/queue/worker.go:84.68,85.9 1 1
mud-platform-backend/internal/ai/queue/worker.go:86.34,87.13 1 1
mud-platform-backend/internal/ai/queue/worker.go:88.10,88.10 0 1
mud-platform-backend/internal/ai/queue/worker.go:91.2,91.9 1 1
mud-platform-backend/internal/ai/queue/worker.go:92.30,93.13 1 1
mud-platform-backend/internal/ai/queue/worker.go:94.10,94.10 0 1
mud-platform-backend/internal/ai/queue/worker.go:97.2,97.9 1 1
mud-platform-backend/internal/ai/queue/worker.go:98.32,99.13 1 0
mud-platform-backend/internal/ai/queue/worker.go:100.10,100.10 0 1
mud-platform-backend/internal/ai/queue/worker.go:103.2,103.9 1 1
mud-platform-backend/internal/ai/queue/worker.go:104.29,105.13 1 1
mud-platform-backend/internal/ai/queue/worker.go:106.10,107.13 1 0
mud-platform-backend/internal/combat/action/queue.go:11.41,11.58 1 1
mud-platform-backend/internal/combat/action/queue.go:12.41,12.89 1 1
mud-platform-backend/internal/combat/action/queue.go:13.41,13.68 1 1
mud-platform-backend/internal/combat/action/queue.go:15.42,17.2 1 1
mud-platform-backend/internal/combat/action/queue.go:19.40,25.2 5 1
mud-platform-backend/internal/combat/action/queue.go:34.36,40.2 3 1
mud-platform-backend/internal/combat/action/queue.go:43.53,47.2 3 1
mud-platform-backend/internal/combat/action/queue.go:50.47,53.25 3 1
mud-platform-backend/internal/combat/action/queue.go:53.25,55.3 1 1
mud-platform-backend/internal/combat/action/queue.go:56.2,56.45 1 1
mud-platform-backend/internal/combat/action/queue.go:60.44,63.25 3 1
mud-platform-backend/internal/combat/action/queue.go:63.25,65.3 1 1
mud-platform-backend/internal/combat/action/queue.go:66.2,66.21 1 1
mud-platform-backend/internal/combat/action/queue.go:70.33,74.2 3 1
mud-platform-backend/internal/combat/action/reaction.go:28.123,31.20 2 1
mud-platform-backend/internal/combat/action/reaction.go:32.20,33.24 1 1
mud-platform-backend/internal/combat/action/reaction.go:34.20,35.30 1 1
mud-platform-backend/internal/combat/action/reaction.go:36.20,37.30 1 1
mud-platform-backend/internal/combat/action/reaction.go:38.11,39.31 1 1
mud-platform-backend/internal/combat/action/reaction.go:41.20,42.24 1 1
mud-platform-backend/internal/combat/action/reaction.go:43.18,44.22 1 0
mud-platform-backend/internal/combat/action/reaction.go:45.21,46.25 1 0
mud-platform-backend/internal/combat/action/reaction.go:47.10,48.30 1 0
mud-platform-backend/internal/combat/action/reaction.go:53.2,58.20 3 1
mud-platform-backend/internal/combat/action/reaction.go:58.20,60.3 1 0
mud-platform-backend/internal/combat/action/reaction.go:62.2,64.37 2 1
mud-platform-backend/internal/combat/action/reaction.go:64.37,66.3 1 1
mud-platform-backend/internal/combat/action/reaction.go:68.2,68.22 1 1
mud-platform-backend/internal/combat/action/resolution.go:19.42,24.2 1 1
mud-platform-backend/internal/combat/action/resolution.go:27.62,31.2 3 1
mud-platform-backend/internal/combat/action/resolution.go:34.65,38.2 3 1
mud-platform-backend/internal/combat/action/resolution.go:41.70,44.6 2 1
mud-platform-backend/internal/combat/action/resolution.go:44.6,47.20 2 1
mud-platform-backend/internal/combat/action/resolution.go:47.20,48.9 1 1
mud-platform-backend/internal/combat/action/resolution.go:52.3,52.34 1 1
mud-platform-backend/internal/combat/action/resolution.go:52.34,53.9 1 1
mud-platform-backend/internal/combat/action/resolution.go:57.3,58.20 2 1
mud-platform-backend/internal/combat/action/resolution.go:58.20,59.9 1 0
mud-platform-backend/internal/combat/action/resolution.go:63.3,64.23 2 1
mud-platform-backend/internal/combat/action/resolution.go:64.23,66.12 1 0
mud-platform-backend/internal/combat/action/resolution.go:70.3,70.48 1 1
mud-platform-backend/internal/combat/action/resolution.go:70.48,72.12 1 1
mud-platform-backend/internal/combat/action/resolution.go:76.3,87.52 5 1
mud-platform-backend/internal/combat/action/resolution.go:90.2,90.24 1 1
mud-platform-backend/internal/combat/action/resolution.go:94.87,96.30 1 1
mud-platform-backend/internal/combat/action/resolution.go:96.30,98.3 1 1
mud-platform-backend/internal/combat/action/resolution.go:101.2,101.31 1 1
mud-platform-backend/internal/combat/action/resolution.go:101.31,103.3 1 1
mud-platform-backend/internal/combat/action/resolution.go:106.2,107.44 2 1
mud-platform-backend/internal/combat/action/resolution.go:107.44,109.3 1 1
mud-platform-backend/internal/combat/action/resolution.go:111.2,111.13 1 1
mud-platform-backend/internal/combat/action/resolution.go:115.74,116.24 1 1
mud-platform-backend/internal/combat/action/resolution.go:116.24,118.3 1 1
mud-platform-backend/internal/combat/action/resolution.go:121.2,126.31 3 1
mud-platform-backend/internal/combat/action/state_machine.go:13.72,14.57 1 1
mud-platform-backend/internal/combat/action/state_machine.go:14.57,17.3 1 1
mud-platform-backend/internal/combat/action/state_machine.go:19.2,20.12 2 1
mud-platform-backend/internal/combat/action/state_machine.go:24.51,26.16 1 1
mud-platform-backend/internal/combat/action/state_machine.go:26.16,28.3 1 1
mud-platform-backend/internal/combat/action/state_machine.go:31.2,31.14 1 1
mud-platform-backend/internal/combat/action/state_machine.go:32.17,34.29 1 1
mud-platform-backend/internal/combat/action/state_machine.go:36.21,38.70 1 1
mud-platform-backend/internal/combat/action/state_machine.go:40.20,42.29 1 1
mud-platform-backend/internal/combat/action/state_machine.go:44.21,46.15 1 1
mud-platform-backend/internal/combat/action/state_machine.go:48.10,49.15 1 0
mud-platform-backend/internal/combat/action/types.go:32.116,44.2 2 1
mud-platform-backend/internal/combat/action/validation.go:27.113,29.73 1 1
mud-platform-backend/internal/combat/action/validation.go:29.73,31.3 1 1
mud-platform-backend/internal/combat/action/validation.go:34.2,35.43 2 1
mud-platform-backend/internal/combat/action/validation.go:35.43,37.3 1 1
mud-platform-backend/internal/combat/action/validation.go:40.2,40.31 1 1
mud-platform-backend/internal/combat/action/validation.go:40.31,42.3 1 1
mud-platform-backend/internal/combat/action/validation.go:45.2,46.48 2 1
mud-platform-backend/internal/combat/action/validation.go:46.48,48.3 1 1
mud-platform-backend/internal/combat/action/validation.go:50.2,50.12 1 1
mud-platform-backend/internal/combat/action/validation.go:54.74,55.20 1 1
mud-platform-backend/internal/combat/action/validation.go:56.20,57.24 1 1
mud-platform-backend/internal/combat/action/validation.go:58.20,59.33 1 1
mud-platform-backend/internal/combat/action/validation.go:60.20,61.33 1 1
mud-platform-backend/internal/combat/action/validation.go:62.11,63.34 1 1
mud-platform-backend/internal/combat/action/validation.go:65.20,66.27 1 1
mud-platform-backend/internal/combat/action/validation.go:67.18,68.25 1 1
mud-platform-backend/internal/combat/action/validation.go:69.21,70.28 1 1
mud-platform-backend/internal/combat/action/validation.go:71.10,72.33 1 0
mud-platform-backend/internal/combat/action/validation.go:77.58,78.49 1 1
mud-platform-backend/internal/combat/action/validation.go:78.49,79.70 1 1
mud-platform-backend/internal/combat/action/validation.go:79.70,81.4 1 1
mud-platform-backend/internal/combat/action/validation.go:83.2,83.14 1 1
mud-platform-backend/internal/errors/types.go:17.35,18.18 1 0
mud-platform-backend/internal/errors/types.go:18.18,20.3 1 0
mud-platform-backend/internal/errors/types.go:21.2,21.18 1 0
mud-platform-backend/internal/errors/types.go:25.35,27.2 1 0
mud-platform-backend/internal/errors/types.go:40.64,47.2 1 0
mud-platform-backend/internal/errors/types.go:50.65,56.2 1 0
mud-platform-backend/internal/errors/types.go:67.57,69.9 2 0
mud-platform-backend/internal/errors/types.go:69.9,77.3 1 0
mud-platform-backend/internal/errors/types.go:79.2,85.37 6 0
mud-platform-backend/internal/combat/damage/calculator.go:24.16,27.28 2 1
mud-platform-backend/internal/combat/damage/calculator.go:27.28,29.3 1 1
mud-platform-backend/internal/combat/damage/calculator.go:33.2,37.21 3 1
mud-platform-backend/internal/combat/damage/calculator.go:38.41,39.57 1 1
mud-platform-backend/internal/combat/damage/calculator.go:40.22,41.92 1 0
mud-platform-backend/internal/combat/damage/calculator.go:42.20,43.59 1 0
mud-platform-backend/internal/combat/damage/calculator.go:44.10,45.16 1 0
mud-platform-backend/internal/combat/damage/calculator.go:49.2,50.31 2 1
mud-platform-backend/internal/combat/damage/calculator.go:50.31,52.3 1 0
mud-platform-backend/internal/combat/damage/calculator.go:56.2,62.54 5 1
mud-platform-backend/internal/combat/damage/calculator.go:62.54,63.66 1 1
mud-platform-backend/internal/combat/damage/calculator.go:63.66,64.67 1 1
mud-platform-backend/internal/combat/damage/calculator.go:64.67,72.5 3 1
mud-platform-backend/internal/combat/damage/calculator.go:76.2,85.3 3 1
mud-platform-backend/internal/combat/damage/critical.go:15.82,17.15 1 1
mud-platform-backend/internal/combat/damage/critical.go:17.15,23.3 1 1
mud-platform-backend/internal/combat/damage/critical.go:26.2,35.19 4 1
mud-platform-backend/internal/combat/damage/critical.go:35.19,37.3 1 1
mud-platform-backend/internal/combat/damage/critical.go:39.2,39.23 1 1
mud-platform-backend/internal/combat/damage/critical.go:39.23,45.3 1 1
mud-platform-backend/internal/combat/damage/critical.go:47.2,50.3 1 1
mud-platform-backend/internal/combat/damage/durability.go:11.68,13.27 2 1
mud-platform-backend/internal/combat/damage/durability.go:13.27,15.3 1 0
mud-platform-backend/internal/combat/damage/durability.go:17.2,17.36 1 1
mud-platform-backend/internal/combat/damage/durability.go:21.59,22.28 1 1
mud-platform-backend/internal/combat/damage/durability.go:22.28,28.3 1 1
mud-platform-backend/internal/combat/damage/durability.go:30.2,33.20 3 1
mud-platform-backend/internal/combat/damage/durability.go:33.20,35.3 1 0
mud-platform-backend/internal/combat/damage/durability.go:35.8,35.27 1 1
mud-platform-backend/internal/combat/damage/durability.go:35.27,37.3 1 1
mud-platform-backend/internal/combat/damage/durability.go:39.2,43.3 1 1
mud-platform-backend/internal/combat/damage/durability.go:47.54,49.26 2 0
mud-platform-backend/internal/combat/damage/durability.go:49.26,51.3 1 0
mud-platform-backend/internal/combat/damage/durability.go:55.58,56.30 1 1
mud-platform-backend/internal/combat/damage/durability.go:56.30,58.3 1 0
mud-platform-backend/internal/combat/damage/durability.go:59.2,59.65 1 1
mud-platform-backend/internal/economy/market/market.go:30.55,32.2 1 1
mud-platform-backend/internal/economy/market/market.go:35.129,40.34 4 1
mud-platform-backend/internal/economy/market/market.go:40.34,41.37 1 1
mud-platform-backend/internal/economy/market/market.go:41.37,42.12 1 0
mud-platform-backend/internal/economy/market/market.go:46.3,46.50 1 1
mud-platform-backend/internal/economy/market/market.go:46.50,50.4 3 1
mud-platform-backend/internal/economy/market/market.go:53.2,54.23 2 1
mud-platform-backend/internal/economy/market/market.go:54.23,56.3 1 1
mud-platform-backend/internal/economy/market/market.go:59.2,60.16 2 1
mud-platform-backend/internal/economy/market/market.go:60.16,66.3 1 1
mud-platform-backend/internal/economy/market/market.go:68.2,83.26 6 1
mud-platform-backend/internal/economy/market/market.go:83.26,85.18 2 0
mud-platform-backend/internal/economy/market/market.go:85.18,87.4 1 0
mud-platform-backend/internal/economy/market/market.go:87.9,89.4 1 0
mud-platform-backend/internal/economy/market/market.go:90.8,92.3 1 1
mud-platform-backend/internal/economy/market/market.go:94.2,94.38 1 1
mud-platform-backend/internal/economy/market/market.go:98.109,100.16 2 1
mud-platform-backend/internal/economy/market/market.go:100.16,105.3 1 0
mud-platform-backend/internal/economy/market/market.go:107.2,110.38 3 1
mud-platform-backend/internal/economy/market/market.go:123.123,129.37 2 0
mud-platform-backend/internal/economy/market/market.go:129.37,130.38 1 0
mud-platform-backend/internal/economy/market/market.go:130.38,135.4 1 0
mud-platform-backend/internal/economy/market/market.go:138.2,141.3 1 0
mud-platform-backend/internal/combat/effects/bleed.go:16.71,32.2 1 1
mud-platform-backend/internal/combat/effects/bleed.go:35.38,36.20 1 1
mud-platform-backend/internal/combat/effects/bleed.go:36.20,38.3 1 0
mud-platform-backend/internal/combat/effects/bleed.go:40.2,41.34 2 1
mud-platform-backend/internal/combat/effects/bleed.go:41.34,44.32 3 1
mud-platform-backend/internal/combat/effects/bleed.go:44.32,46.4 1 0
mud-platform-backend/internal/combat/effects/bleed.go:51.47,52.26 1 1
mud-platform-backend/internal/combat/effects/bleed.go:52.26,54.3 1 0
mud-platform-backend/internal/combat/effects/bleed.go:55.2,55.45 1 1
mud-platform-backend/internal/combat/effects/bleed.go:55.45,58.3 2 1
mud-platform-backend/internal/combat/effects/bleed.go:59.2,59.10 1 0
mud-platform-backend/internal/combat/effects/bleed.go:63.53,64.26 1 1
mud-platform-backend/internal/combat/effects/bleed.go:64.26,66.3 1 1
mud-platform-backend/internal/combat/effects/bleed.go:67.2,67.43 1 1
mud-platform-backend/internal/combat/effects/manager.go:6.34,10.2 1 1
mud-platform-backend/internal/combat/effects/manager.go:19.56,23.21 2 1
mud-platform-backend/internal/combat/effects/manager.go:23.21,24.30 1 1
mud-platform-backend/internal/combat/effects/manager.go:24.30,26.4 1 0
mud-platform-backend/internal/combat/effects/manager.go:26.9,28.4 1 1
mud-platform-backend/internal/combat/effects/manager.go:32.2,32.19 1 1
mud-platform-backend/internal/combat/effects/manager.go:32.19,33.31 1 0
mud-platform-backend/internal/combat/effects/manager.go:33.31,35.4 1 0
mud-platform-backend/internal/combat/effects/manager.go:39.2,39.19 1 1
mud-platform-backend/internal/combat/effects/manager.go:39.19,40.51 1 1
mud-platform-backend/internal/combat/effects/manager.go:40.51,42.4 1 0
mud-platform-backend/internal/combat/effects/manager.go:46.2,46.20 1 1
mud-platform-backend/internal/combat/effects/manager.go:46.20,47.29 1 1
mud-platform-backend/internal/combat/effects/manager.go:47.29,49.4 1 0
mud-platform-backend/internal/combat/effects/manager.go:49.9,51.4 1 1
mud-platform-backend/internal/combat/effects/manager.go:55.2,56.34 2 1
mud-platform-backend/internal/combat/effects/manager.go:56.34,57.44 1 0
mud-platform-backend/internal/combat/effects/manager.go:57.44,59.4 1 0
mud-platform-backend/internal/combat/effects/manager.go:61.2,63.12 2 1
mud-platform-backend/internal/combat/effects/modifiers.go:10.134,21.2 2 1
mud-platform-backend/internal/combat/effects/modifiers.go:24.86,28.34 3 1
mud-platform-backend/internal/combat/effects/modifiers.go:28.34,30.45 1 1
mud-platform-backend/internal/combat/effects/modifiers.go:30.45,31.12 1 0
mud-platform-backend/internal/combat/effects/modifiers.go:34.3,34.23 1 1
mud-platform-backend/internal/combat/effects/modifiers.go:34.23,35.21 1 1
mud-platform-backend/internal/combat/effects/modifiers.go:35.21,37.5 1 1
mud-platform-backend/internal/combat/effects/modifiers.go:37.10,39.5 1 1
mud-platform-backend/internal/combat/effects/modifiers.go:45.2,48.17 3 1
mud-platform-backend/internal/combat/effects/poison.go:17.72,18.21 1 1
mud-platform-backend/internal/combat/effects/poison.go:18.21,29.3 1 1
mud-platform-backend/internal/combat/effects/poison.go:29.8,31.40 1 1
mud-platform-backend/internal/combat/effects/poison.go:31.40,34.4 2 1
mud-platform-backend/internal/combat/effects/poison.go:36.3,37.27 2 1
mud-platform-backend/internal/combat/effects/poison.go:43.48,44.45 1 1
mud-platform-backend/internal/combat/effects/poison.go:44.45,47.3 2 1
mud-platform-backend/internal/combat/effects/poison.go:48.2,48.10 1 1
mud-platform-backend/internal/combat/effects/poison.go:52.54,54.2 1 1
mud-platform-backend/internal/combat/effects/slow.go:14.90,25.2 1 1
mud-platform-backend/internal/combat/effects/slow.go:28.67,29.19 1 1
mud-platform-backend/internal/combat/effects/slow.go:29.19,31.3 1 0
mud-platform-backend/internal/combat/effects/slow.go:32.2,32.50 1 1
mud-platform-backend/internal/combat/effects/slow.go:32.50,34.3 1 0
mud-platform-backend/internal/combat/effects/slow.go:35.2,35.26 1 1
mud-platform-backend/internal/combat/effects/stun.go:15.94,16.19 1 1
mud-platform-backend/internal/combat/effects/stun.go:16.19,17.33 1 1
mud-platform-backend/internal/combat/effects/stun.go:17.33,19.4 1 1
mud-platform-backend/internal/combat/effects/stun.go:20.3,26.4 1 1
mud-platform-backend/internal/combat/effects/stun.go:27.8,31.25 2 1
mud-platform-backend/internal/combat/effects/stun.go:31.25,33.4 1 0
mud-platform-backend/internal/combat/effects/stun.go:34.3,37.43 2 1
mud-platform-backend/internal/combat/effects/stun.go:37.43,39.4 1 0
mud-platform-backend/internal/combat/effects/stun.go:41.3,42.52 2 1
mud-platform-backend/internal/combat/effects/stun.go:47.55,48.19 1 1
mud-platform-backend/internal/combat/effects/stun.go:48.19,50.3 1 0
mud-platform-backend/internal/combat/effects/stun.go:51.2,51.34 1 1
mud-platform-backend/internal/economy/crafting/customization.go:20.98,41.37 5 0
mud-platform-backend/internal/economy/crafting/customization.go:41.37,42.30 1 0
mud-platform-backend/internal/economy/crafting/customization.go:42.30,45.31 1 0
mud-platform-backend/internal/economy/crafting/customization.go:45.31,50.5 3 0
mud-platform-backend/internal/economy/crafting/customization.go:55.2,57.13 2 0
mud-platform-backend/internal/economy/crafting/customization.go:60.64,61.20 1 0
mud-platform-backend/internal/economy/crafting/customization.go:62.18,65.29 1 0
mud-platform-backend/internal/economy/crafting/customization.go:66.16,68.29 1 0
mud-platform-backend/internal/economy/crafting/customization.go:69.14,69.14 0 0
mud-platform-backend/internal/economy/crafting/customization.go:71.14,71.14 0 0
mud-platform-backend/internal/economy/crafting/customization.go:76.43,79.34 1 0
mud-platform-backend/internal/economy/crafting/customization.go:79.34,80.34 1 0
mud-platform-backend/internal/economy/crafting/customization.go:80.34,84.4 2 0
mud-platform-backend/internal/economy/crafting/customization.go:85.3,85.33 1 0
mud-platform-backend/internal/economy/crafting/customization.go:85.33,88.4 2 0
mud-platform-backend/internal/economy/crafting/customization.go:92.43,95.34 1 0
mud-platform-backend/internal/economy/crafting/customization.go:95.34,98.3 1 0
mud-platform-backend/internal/economy/crafting/discovery.go:12.101,23.2 2 1
mud-platform-backend/internal/economy/crafting/discovery.go:31.20,41.36 4 0
mud-platform-backend/internal/economy/crafting/discovery.go:41.36,43.3 1 0
mud-platform-backend/internal/economy/crafting/discovery.go:51.2,51.17 1 0
mud-platform-backend/internal/economy/crafting/discovery.go:55.112,58.16 2 1
mud-platform-backend/internal/economy/crafting/discovery.go:58.16,60.3 1 0
mud-platform-backend/internal/economy/crafting/discovery.go:61.2,61.29 1 1
mud-platform-backend/internal/economy/crafting/discovery.go:61.29,63.3 1 0
mud-platform-backend/internal/economy/crafting/discovery.go:66.2,66.32 1 1
mud-platform-backend/internal/economy/crafting/discovery.go:66.32,68.3 1 1
mud-platform-backend/internal/economy/crafting/discovery.go:71.2,73.36 2 1
mud-platform-backend/internal/economy/crafting/discovery.go:73.36,75.3 1 0
mud-platform-backend/internal/economy/crafting/discovery.go:78.2,78.56 1 1
mud-platform-backend/internal/economy/crafting/recipes.go:13.58,15.16 2 0
mud-platform-backend/internal/economy/crafting/recipes.go:15.16,17.3 1 0
mud-platform-backend/internal/economy/crafting/recipes.go:19.2,20.55 2 0
mud-platform-backend/internal/economy/crafting/recipes.go:20.55,22.3 1 0
mud-platform-backend/internal/economy/crafting/recipes.go:24.2,24.33 1 0
mud-platform-backend/internal/economy/crafting/recipes.go:24.33,25.34 1 0
mud-platform-backend/internal/economy/crafting/recipes.go:25.34,27.4 1 0
mud-platform-backend/internal/economy/crafting/recipes.go:30.2,30.21 1 0
mud-platform-backend/internal/economy/crafting/recipes.go:38.55,40.2 1 1
mud-platform-backend/internal/economy/crafting/recipes.go:43.113,46.16 2 1
mud-platform-backend/internal/economy/crafting/recipes.go:46.16,48.3 1 0
mud-platform-backend/internal/economy/crafting/recipes.go:50.2,53.31 2 1
mud-platform-backend/internal/economy/crafting/recipes.go:53.31,54.34 1 1
mud-platform-backend/internal/economy/crafting/recipes.go:54.34,56.4 1 1
mud-platform-backend/internal/economy/crafting/recipes.go:59.2,59.23 1 1
mud-platform-backend/internal/economy/crafting/recipes.go:62.65,63.48 1 1
mud-platform-backend/internal/economy/crafting/recipes.go:63.48,68.38 2 1
mud-platform-backend/internal/economy/crafting/recipes.go:68.38,70.48 2 1
mud-platform-backend/internal/economy/crafting/recipes.go:70.48,72.5 1 0
mud-platform-backend/internal/economy/crafting/recipes.go:74.4,74.59 1 1
mud-platform-backend/internal/economy/crafting/recipes.go:74.59,76.5 1 1
mud-platform-backend/internal/economy/crafting/recipes.go:79.2,79.13 1 1
mud-platform-backend/internal/economy/crafting/recipes.go:83.56,87.16 3 0
mud-platform-backend/internal/economy/crafting/recipes.go:87.16,89.3 1 0
mud-platform-backend/internal/economy/crafting/recipes.go:91.2,91.29 1 0
mud-platform-backend/internal/economy/crafting/recipes.go:91.29,92.43 1 0
mud-platform-backend/internal/economy/crafting/recipes.go:92.43,95.18 3 0
mud-platform-backend/internal/economy/crafting/recipes.go:95.18,97.5 1 0
mud-platform-backend/internal/economy/crafting/recipes.go:98.4,98.47 1 0
mud-platform-backend/internal/economy/crafting/recipes.go:102.2,102.24 1 0
mud-platform-backend/internal/economy/crafting/tech_trees.go:13.61,15.16 2 0
mud-platform-backend/internal/economy/crafting/tech_trees.go:15.16,17.3 1 0
mud-platform-backend/internal/economy/crafting/tech_trees.go:19.2,20.53 2 0
mud-platform-backend/internal/economy/crafting/tech_trees.go:20.53,22.3 1 0
mud-platform-backend/internal/economy/crafting/tech_trees.go:26.2,26.29 1 0
mud-platform-backend/internal/economy/crafting/tech_trees.go:26.29,27.30 1 0
mud-platform-backend/internal/economy/crafting/tech_trees.go:27.30,29.4 1 0
mud-platform-backend/internal/economy/crafting/tech_trees.go:32.2,32.19 1 0
mud-platform-backend/internal/economy/crafting/tech_trees.go:40.59,42.2 1 0
mud-platform-backend/internal/economy/crafting/tech_trees.go:45.86,48.16 2 0
mud-platform-backend/internal/economy/crafting/tech_trees.go:48.16,50.3 1 0
mud-platform-backend/internal/economy/crafting/tech_trees.go:53.2,54.16 2 0
mud-platform-backend/internal/economy/crafting/tech_trees.go:54.16,56.3 1 0
mud-platform-backend/internal/economy/crafting/tech_trees.go:57.2,57.14 1 0
mud-platform-backend/internal/economy/crafting/tech_trees.go:57.14,59.3 1 0
mud-platform-backend/internal/economy/crafting/tech_trees.go:62.2,62.46 1 0
mud-platform-backend/internal/economy/crafting/tech_trees.go:62.46,64.17 2 0
mud-platform-backend/internal/economy/crafting/tech_trees.go:64.17,66.4 1 0
mud-platform-backend/internal/economy/crafting/tech_trees.go:67.3,67.22 1 0
mud-platform-backend/internal/economy/crafting/tech_trees.go:67.22,69.4 1 0
mud-platform-backend/internal/economy/crafting/tech_trees.go:73.2,73.60 1 0
mud-platform-backend/internal/economy/crafting/tech_trees.go:73.60,75.3 1 0
mud-platform-backend/internal/economy/crafting/tech_trees.go:78.2,78.47 1 0
mud-platform-backend/internal/economy/crafting/tech_trees.go:78.47,88.3 2 0
mud-platform-backend/internal/economy/crafting/tech_trees.go:90.2,90.12 1 0
mud-platform-backend/internal/economy/crafting/tech_trees.go:94.74,99.31 3 0
mud-platform-backend/internal/economy/crafting/tech_trees.go:99.31,104.50 3 0
mud-platform-backend/internal/economy/crafting/tech_trees.go:104.50,105.12 1 0
mud-platform-backend/internal/economy/crafting/tech_trees.go:108.3,109.17 2 0
mud-platform-backend/internal/economy/crafting/tech_trees.go:109.17,111.4 1 0
mud-platform-backend/internal/economy/crafting/tech_trees.go:113.3,113.24 1 0
mud-platform-backend/internal/economy/crafting/tech_trees.go:116.2,116.20 1 0
mud-platform-backend/internal/character/attributes.go:4.73,12.2 1 1
mud-platform-backend/internal/character/creation.go:16.44,18.2 1 1
mud-platform-backend/internal/character/creation.go:36.125,39.25 2 1
mud-platform-backend/internal/character/creation.go:39.25,41.3 1 1
mud-platform-backend/internal/character/creation.go:44.2,57.97 3 1
mud-platform-backend/internal/character/creation.go:57.97,59.3 1 1
mud-platform-backend/internal/character/creation.go:62.2,93.30 6 1
mud-platform-backend/internal/character/creation.go:97.121,135.2 5 1
mud-platform-backend/internal/character/genetic_variance.go:34.76,35.15 1 1
mud-platform-backend/internal/character/genetic_variance.go:35.15,37.3 1 1
mud-platform-backend/internal/character/genetic_variance.go:38.2,76.27 4 1
mud-platform-backend/internal/character/point_buy.go:18.93,21.40 2 1
mud-platform-backend/internal/character/point_buy.go:21.40,22.19 1 1
mud-platform-backend/internal/character/point_buy.go:22.19,24.4 1 1
mud-platform-backend/internal/character/point_buy.go:25.3,25.20 1 1
mud-platform-backend/internal/character/point_buy.go:25.20,26.12 1 0
mud-platform-backend/internal/character/point_buy.go:28.3,28.29 1 1
mud-platform-backend/internal/character/point_buy.go:28.29,30.4 1 1
mud-platform-backend/internal/character/point_buy.go:33.3,34.34 2 1
mud-platform-backend/internal/character/point_buy.go:34.34,35.27 1 1
mud-platform-backend/internal/character/point_buy.go:35.27,37.5 1 1
mud-platform-backend/internal/character/point_buy.go:37.10,37.34 1 1
mud-platform-backend/internal/character/point_buy.go:37.34,39.5 1 1
mud-platform-backend/internal/character/point_buy.go:39.10,41.5 1 1
mud-platform-backend/internal/character/point_buy.go:43.3,43.20 1 1
mud-platform-backend/internal/character/point_buy.go:46.2,46.27 1 1
mud-platform-backend/internal/character/point_buy.go:46.27,48.3 1 1
mud-platform-backend/internal/character/point_buy.go:50.2,50.12 1 1
mud-platform-backend/internal/character/point_buy.go:54.95,73.40 2 1
mud-platform-backend/internal/character/point_buy.go:73.40,74.15 1 1
mud-platform-backend/internal/character/point_buy.go:75.18,76.27 1 1
mud-platform-backend/internal/character/point_buy.go:77.20,78.29 1 1
mud-platform-backend/internal/character/point_buy.go:79.22,80.31 1 1
mud-platform-backend/internal/character/point_buy.go:81.21,82.30 1 1
mud-platform-backend/internal/character/point_buy.go:83.21,84.30 1 1
mud-platform-backend/internal/character/point_buy.go:85.22,86.31 1 1
mud-platform-backend/internal/character/point_buy.go:87.20,88.29 1 1
mud-platform-backend/internal/character/point_buy.go:89.22,90.31 1 1
mud-platform-backend/internal/character/point_buy.go:91.21,92.30 1 1
mud-platform-backend/internal/character/point_buy.go:93.22,94.31 1 1
mud-platform-backend/internal/character/point_buy.go:95.18,96.27 1 1
mud-platform-backend/internal/character/point_buy.go:97.20,98.29 1 1
mud-platform-backend/internal/character/point_buy.go:99.18,100.27 1 1
mud-platform-backend/internal/character/point_buy.go:101.18,102.27 1 1
mud-platform-backend/internal/character/point_buy.go:103.18,104.27 1 1
mud-platform-backend/internal/character/point_buy.go:108.2,108.14 1 1
mud-platform-backend/internal/character/repository.go:25.78,27.2 1 1
mud-platform-backend/internal/character/repository.go:29.108,30.30 1 1
mud-platform-backend/internal/character/repository.go:30.30,36.24 4 1
mud-platform-backend/internal/character/repository.go:37.43,39.34 2 1
mud-platform-backend/internal/character/repository.go:40.44,42.34 2 1
mud-platform-backend/internal/character/repository.go:43.31,45.34 2 1
mud-platform-backend/internal/character/repository.go:46.11,47.50 1 0
mud-platform-backend/internal/character/repository.go:50.3,50.17 1 1
mud-platform-backend/internal/character/repository.go:50.17,52.4 1 0
mud-platform-backend/internal/character/repository.go:54.3,64.57 2 1
mud-platform-backend/internal/character/repository.go:64.57,66.4 1 0
mud-platform-backend/internal/character/repository.go:68.2,68.12 1 1
mud-platform-backend/internal/character/repository.go:71.94,73.16 2 1
mud-platform-backend/internal/character/repository.go:73.16,75.3 1 0
mud-platform-backend/internal/character/repository.go:77.2,77.22 1 1
mud-platform-backend/internal/character/repository.go:77.22,79.3 1 0
mud-platform-backend/internal/character/repository.go:81.2,82.31 2 1
mud-platform-backend/internal/character/repository.go:82.31,83.51 1 1
mud-platform-backend/internal/character/repository.go:83.51,85.4 1 0
mud-platform-backend/internal/character/repository.go:88.2,88.18 1 1
mud-platform-backend/internal/character/repository.go:91.92,100.33 1 1
mud-platform-backend/internal/character/repository.go:101.46,103.59 2 1
mud-platform-backend/internal/character/repository.go:103.59,105.4 1 0
mud-platform-backend/internal/character/repository.go:106.3,112.31 7 1
mud-platform-backend/internal/character/repository.go:114.47,116.59 2 1
mud-platform-backend/internal/character/repository.go:116.59,118.4 1 0
mud-platform-backend/internal/character/repository.go:119.3,125.31 4 1
mud-platform-backend/internal/character/repository.go:127.34,129.59 2 1
mud-platform-backend/internal/character/repository.go:129.59,131.4 1 0
mud-platform-backend/internal/character/repository.go:135.3,136.31 2 1
mud-platform-backend/internal/character/repository.go:139.2,139.12 1 1
mud-platform-backend/internal/character/repository.go:142.102,143.14 1 1
mud-platform-backend/internal/character/repository.go:144.17,145.31 1 1
mud-platform-backend/internal/character/repository.go:146.19,147.33 1 0
mud-platform-backend/internal/character/repository.go:148.21,149.35 1 0
mud-platform-backend/internal/character/repository.go:150.20,151.34 1 0
mud-platform-backend/internal/character/repository.go:152.20,153.34 1 0
mud-platform-backend/internal/character/repository.go:154.21,155.35 1 0
mud-platform-backend/internal/character/repository.go:156.19,157.33 1 0
mud-platform-backend/internal/character/repository.go:158.21,159.35 1 0
mud-platform-backend/internal/character/repository.go:160.20,161.34 1 0
mud-platform-backend/internal/character/repository.go:162.21,163.35 1 0
mud-platform-backend/internal/character/repository.go:164.17,165.31 1 0
mud-platform-backend/internal/character/repository.go:166.19,167.33 1 0
mud-platform-backend/internal/character/repository.go:168.17,169.31 1 0
mud-platform-backend/internal/character/repository.go:170.17,171.31 1 0
mud-platform-backend/internal/character/repository.go:172.17,173.31 1 0
mud-platform-backend/internal/character/repository.go:176.2,176.62 1 1
mud-platform-backend/internal/character/types.go:111.57,112.17 1 1
mud-platform-backend/internal/character/types.go:113.20,136.4 1 1
mud-platform-backend/internal/character/types.go:137.18,160.4 1 1
mud-platform-backend/internal/character/types.go:161.20,182.4 1 1
mud-platform-backend/internal/character/types.go:183.10,184.27 1 1
mud-platform-backend/internal/economy/npc/barter.go:23.69,25.2 1 1
mud-platform-backend/internal/economy/npc/barter.go:28.154,29.40 1 1
mud-platform-backend/internal/economy/npc/barter.go:29.40,31.3 1 0
mud-platform-backend/internal/economy/npc/barter.go:34.2,50.44 5 1
mud-platform-backend/internal/economy/npc/barter.go:50.44,52.3 1 1
mud-platform-backend/internal/economy/npc/barter.go:56.2,56.48 1 1
mud-platform-backend/internal/economy/npc/barter.go:56.48,66.36 5 1
mud-platform-backend/internal/economy/npc/barter.go:66.36,68.74 2 1
mud-platform-backend/internal/economy/npc/barter.go:68.74,70.5 1 1
mud-platform-backend/internal/economy/npc/barter.go:73.3,73.47 1 1
mud-platform-backend/internal/economy/npc/barter.go:76.2,76.40 1 1
mud-platform-backend/internal/economy/npc/barter.go:79.97,81.29 2 1
mud-platform-backend/internal/economy/npc/barter.go:81.29,85.3 2 1
mud-platform-backend/internal/economy/npc/barter.go:86.2,86.19 1 1
mud-platform-backend/internal/economy/npc/crafting.go:50.9,54.37 1 1
mud-platform-backend/internal/economy/npc/crafting.go:54.37,56.3 1 1
mud-platform-backend/internal/economy/npc/crafting.go:61.2,64.16 3 1
mud-platform-backend/internal/economy/npc/crafting.go:64.16,66.3 1 0
mud-platform-backend/internal/economy/npc/crafting.go:68.2,68.25 1 1
mud-platform-backend/internal/economy/npc/crafting.go:68.25,70.3 1 1
mud-platform-backend/internal/economy/npc/crafting.go:73.2,74.23 2 1
mud-platform-backend/internal/economy/npc/crafting.go:74.23,76.3 1 0
mud-platform-backend/internal/economy/npc/crafting.go:79.2,79.39 1 1
mud-platform-backend/internal/economy/npc/crafting.go:79.39,85.17 2 1
mud-platform-backend/internal/economy/npc/crafting.go:85.17,87.4 1 0
mud-platform-backend/internal/economy/npc/crafting.go:92.2,93.36 2 1
mud-platform-backend/internal/economy/npc/crafting.go:93.36,95.3 1 1
mud-platform-backend/internal/economy/npc/crafting.go:98.2,99.39 2 1
mud-platform-backend/internal/economy/npc/crafting.go:99.39,101.3 1 1
mud-platform-backend/internal/economy/npc/crafting.go:103.2,104.16 2 1
mud-platform-backend/internal/economy/npc/crafting.go:104.16,109.3 2 0
mud-platform-backend/internal/economy/npc/crafting.go:112.2,112.84 1 1
mud-platform-backend/internal/economy/npc/crafting.go:112.84,114.3 1 0
mud-platform-backend/internal/economy/npc/crafting.go:117.2,117.46 1 1
mud-platform-backend/internal/economy/npc/crafting.go:117.46,119.3 1 0
mud-platform-backend/internal/economy/npc/crafting.go:123.2,124.54 2 1
mud-platform-backend/internal/economy/npc/crafting.go:124.54,126.3 1 0
mud-platform-backend/internal/economy/npc/crafting.go:127.2,131.36 3 1
mud-platform-backend/internal/economy/npc/crafting.go:131.36,133.3 1 0
mud-platform-backend/internal/economy/npc/crafting.go:135.2,135.12 1 1
mud-platform-backend/internal/economy/npc/crafting.go:138.106,139.23 1 1
mud-platform-backend/internal/economy/npc/crafting.go:139.23,141.3 1 0
mud-platform-backend/internal/economy/npc/crafting.go:145.2,145.42 1 1
mud-platform-backend/internal/economy/npc/crafting.go:145.42,149.3 3 1
mud-platform-backend/internal/economy/npc/crafting.go:151.2,151.19 1 1
mud-platform-backend/internal/economy/npc/crafting.go:154.103,159.17 3 1
mud-platform-backend/internal/economy/npc/crafting.go:159.17,161.3 1 0
mud-platform-backend/internal/economy/npc/crafting.go:163.2,163.23 1 1
mud-platform-backend/internal/economy/npc/gathering.go:59.104,61.42 1 1
mud-platform-backend/internal/economy/npc/gathering.go:61.42,63.3 1 1
mud-platform-backend/internal/economy/npc/gathering.go:66.2,67.16 2 1
mud-platform-backend/internal/economy/npc/gathering.go:67.16,69.3 1 0
mud-platform-backend/internal/economy/npc/gathering.go:72.2,73.19 2 1
mud-platform-backend/internal/economy/npc/gathering.go:73.19,75.3 1 1
mud-platform-backend/internal/economy/npc/gathering.go:83.2,85.45 2 1
mud-platform-backend/internal/economy/npc/gathering.go:85.45,88.3 2 1
mud-platform-backend/internal/economy/npc/gathering.go:90.2,91.16 2 1
mud-platform-backend/internal/economy/npc/gathering.go:91.16,93.3 1 0
mud-platform-backend/internal/economy/npc/gathering.go:98.2,98.44 1 1
mud-platform-backend/internal/economy/npc/gathering.go:98.44,99.77 1 1
mud-platform-backend/internal/economy/npc/gathering.go:99.77,101.4 1 0
mud-platform-backend/internal/economy/npc/gathering.go:105.2,106.41 2 1
mud-platform-backend/internal/economy/npc/gathering.go:106.41,108.3 1 0
mud-platform-backend/internal/economy/npc/gathering.go:110.2,110.12 1 1
mud-platform-backend/internal/economy/npc/gathering.go:113.93,117.29 2 1
mud-platform-backend/internal/economy/npc/gathering.go:117.29,118.36 1 1
mud-platform-backend/internal/economy/npc/gathering.go:118.36,120.4 1 1
mud-platform-backend/internal/economy/npc/gathering.go:123.2,123.26 1 1
mud-platform-backend/internal/economy/npc/gathering.go:123.26,125.3 1 1
mud-platform-backend/internal/economy/npc/gathering.go:130.2,130.45 1 1
mud-platform-backend/internal/economy/npc/gathering.go:130.45,132.3 1 0
mud-platform-backend/internal/economy/npc/gathering.go:134.2,134.22 1 1
mud-platform-backend/internal/economy/npc/gathering.go:137.72,141.52 2 1
mud-platform-backend/internal/economy/npc/gathering.go:141.52,142.20 1 1
mud-platform-backend/internal/economy/npc/gathering.go:142.20,144.4 1 1
mud-platform-backend/internal/economy/npc/gathering.go:147.2,147.54 1 1
mud-platform-backend/internal/economy/npc/gathering.go:147.54,148.20 1 1
mud-platform-backend/internal/economy/npc/gathering.go:148.20,150.4 1 0
mud-platform-backend/internal/economy/npc/gathering.go:152.2,152.14 1 1
mud-platform-backend/internal/economy/npc/merchant.go:31.67,33.2 1 1
mud-platform-backend/internal/economy/npc/merchant.go:36.129,38.16 2 1
mud-platform-backend/internal/economy/npc/merchant.go:38.16,40.3 1 0
mud-platform-backend/internal/economy/npc/merchant.go:48.2,65.56 7 1
mud-platform-backend/internal/economy/npc/merchant.go:65.56,67.3 1 0
mud-platform-backend/internal/economy/npc/merchant.go:69.2,69.32 1 1
mud-platform-backend/internal/economy/npc/merchant.go:73.115,75.16 2 1
mud-platform-backend/internal/economy/npc/merchant.go:75.16,77.3 1 0
mud-platform-backend/internal/economy/npc/merchant.go:80.2,83.45 3 1
mud-platform-backend/internal/economy/npc/merchant.go:83.45,84.35 1 1
mud-platform-backend/internal/economy/npc/merchant.go:84.35,86.4 1 1
mud-platform-backend/internal/economy/npc/merchant.go:91.2,91.40 1 1
mud-platform-backend/internal/economy/npc/merchant.go:91.40,96.17 4 1
mud-platform-backend/internal/economy/npc/merchant.go:96.17,101.36 3 1
mud-platform-backend/internal/economy/npc/merchant.go:101.36,113.5 4 1
mud-platform-backend/internal/economy/npc/merchant.go:117.2,117.40 1 1
mud-platform-backend/internal/economy/npc/merchant.go:121.120,123.16 2 1
mud-platform-backend/internal/economy/npc/merchant.go:123.16,125.3 1 0
mud-platform-backend/internal/economy/npc/merchant.go:139.2,141.45 3 1
[...]
mud-platform-backend/internal/worldgen/minerals/veins.go:61.23,62.17 1 1
mud-platform-backend/internal/worldgen/minerals/veins.go:65.2,65.35 1 1
mud-platform-backend/internal/worldgen/minerals/veins.go:66.24,71.46 4 1
mud-platform-backend/internal/worldgen/minerals/veins.go:73.28,78.49 4 1
mud-platform-backend/internal/worldgen/minerals/veins.go:80.28,85.45 4 1
mud-platform-backend/internal/worldgen/minerals/veins.go:88.2,88.42 1 1
mud-platform-backend/internal/worldgen/weather/evaporation.go:14.11,26.2 5 1
mud-platform-backend/internal/worldgen/weather/evaporation.go:29.62,30.23 1 1
mud-platform-backend/internal/worldgen/weather/evaporation.go:30.23,32.3 1 1
mud-platform-backend/internal/worldgen/weather/evaporation.go:34.2,35.18 2 1
mud-platform-backend/internal/worldgen/weather/evaporation.go:35.18,37.3 1 1
mud-platform-backend/internal/worldgen/weather/evaporation.go:39.2,39.15 1 1
mud-platform-backend/internal/worldgen/weather/evaporation.go:43.89,44.18 1 1
mud-platform-backend/internal/worldgen/weather/evaporation.go:44.18,46.3 1 1
mud-platform-backend/internal/worldgen/weather/evaporation.go:48.2,48.25 1 1
mud-platform-backend/internal/worldgen/weather/evaporation.go:48.25,51.22 2 1
mud-platform-backend/internal/worldgen/weather/evaporation.go:51.22,53.4 1 1
mud-platform-backend/internal/worldgen/weather/evaporation.go:54.3,54.19 1 1
mud-platform-backend/internal/worldgen/weather/evaporation.go:58.2,58.33 1 1
mud-platform-backend/internal/worldgen/weather/evaporation.go:58.33,60.3 1 1
mud-platform-backend/internal/worldgen/weather/evaporation.go:63.2,63.34 1 1
mud-platform-backend/internal/worldgen/weather/evaporation.go:63.34,65.3 1 1
mud-platform-backend/internal/worldgen/weather/evaporation.go:68.2,68.54 1 0
mud-platform-backend/internal/worldgen/weather/evaporation.go:72.65,85.18 5 1
mud-platform-backend/internal/worldgen/weather/evaporation.go:85.18,87.3 1 0
mud-platform-backend/internal/worldgen/weather/evaporation.go:89.2,89.17 1 1
mud-platform-backend/internal/worldgen/weather/extremes.go:27.89,30.16 2 1
mud-platform-backend/internal/worldgen/weather/extremes.go:30.16,32.3 1 0
mud-platform-backend/internal/worldgen/weather/extremes.go:34.2,36.30 1 1
mud-platform-backend/internal/worldgen/weather/extremes.go:40.91,45.2 1 1
mud-platform-backend/internal/worldgen/weather/extremes.go:49.104,52.2 1 1
mud-platform-backend/internal/worldgen/weather/extremes.go:55.97,58.2 1 1
mud-platform-backend/internal/worldgen/weather/extremes.go:66.24,69.58 1 1
mud-platform-backend/internal/worldgen/weather/extremes.go:69.58,77.3 1 1
mud-platform-backend/internal/worldgen/weather/extremes.go:80.2,80.80 1 1
mud-platform-backend/internal/worldgen/weather/extremes.go:80.80,88.3 1 1
mud-platform-backend/internal/worldgen/weather/extremes.go:92.2,92.30 1 0
mud-platform-backend/internal/worldgen/weather/extremes.go:92.30,94.55 2 0
mud-platform-backend/internal/worldgen/weather/extremes.go:94.55,102.4 1 0
mud-platform-backend/internal/worldgen/weather/extremes.go:105.2,105.12 1 0
mud-platform-backend/internal/worldgen/weather/extremes.go:108.59,109.23 1 0
mud-platform-backend/internal/worldgen/weather/extremes.go:109.23,111.3 1 0
mud-platform-backend/internal/worldgen/weather/extremes.go:113.2,114.32 2 0
mud-platform-backend/internal/worldgen/weather/extremes.go:114.32,116.3 1 0
mud-platform-backend/internal/worldgen/weather/extremes.go:117.2,117.36 1 0
mud-platform-backend/internal/worldgen/weather/precipitation.go:13.48,19.26 2 1
mud-platform-backend/internal/worldgen/weather/precipitation.go:19.26,20.38 1 1
mud-platform-backend/internal/worldgen/weather/precipitation.go:20.38,21.24 1 1
mud-platform-backend/internal/worldgen/weather/precipitation.go:21.24,24.5 1 1
mud-platform-backend/internal/worldgen/weather/precipitation.go:29.2,29.20 1 1
mud-platform-backend/internal/worldgen/weather/precipitation.go:29.20,31.3 1 0
mud-platform-backend/internal/worldgen/weather/precipitation.go:33.2,36.71 2 1
mud-platform-backend/internal/worldgen/weather/precipitation.go:36.71,44.29 3 1
mud-platform-backend/internal/worldgen/weather/precipitation.go:44.29,46.4 1 0
mud-platform-backend/internal/worldgen/weather/precipitation.go:48.3,52.19 3 1
mud-platform-backend/internal/worldgen/weather/precipitation.go:52.19,54.4 1 1
mud-platform-backend/internal/worldgen/weather/precipitation.go:55.8,55.26 1 1
mud-platform-backend/internal/worldgen/weather/precipitation.go:55.26,59.19 3 1
mud-platform-backend/internal/worldgen/weather/precipitation.go:59.19,61.4 1 0
mud-platform-backend/internal/worldgen/weather/precipitation.go:64.2,64.25 1 1
mud-platform-backend/internal/worldgen/weather/precipitation.go:74.11,79.17 3 1
mud-platform-backend/internal/worldgen/weather/precipitation.go:79.17,82.3 1 1
mud-platform-backend/internal/worldgen/weather/precipitation.go:82.8,82.24 1 1
mud-platform-backend/internal/worldgen/weather/precipitation.go:82.24,85.3 1 1
mud-platform-backend/internal/worldgen/weather/precipitation.go:85.8,85.24 1 1
mud-platform-backend/internal/worldgen/weather/precipitation.go:85.24,88.3 1 1
mud-platform-backend/internal/worldgen/weather/precipitation.go:88.8,91.3 1 1
mud-platform-backend/internal/worldgen/weather/precipitation.go:94.2,95.30 2 1
mud-platform-backend/internal/worldgen/weather/precipitation.go:95.30,97.3 1 1
mud-platform-backend/internal/worldgen/weather/precipitation.go:97.8,97.37 1 1
mud-platform-backend/internal/worldgen/weather/precipitation.go:97.37,99.3 1 1
mud-platform-backend/internal/worldgen/weather/precipitation.go:102.2,103.36 2 1
mud-platform-backend/internal/worldgen/weather/precipitation.go:103.36,106.3 1 1
mud-platform-backend/internal/worldgen/weather/precipitation.go:106.8,106.44 1 1
mud-platform-backend/internal/worldgen/weather/precipitation.go:106.44,109.3 1 1
mud-platform-backend/internal/worldgen/weather/precipitation.go:111.2,111.48 1 1
mud-platform-backend/internal/worldgen/weather/repository.go:23.60,25.2 1 0
mud-platform-backend/internal/worldgen/weather/repository.go:27.95,41.2 3 0
mud-platform-backend/internal/worldgen/weather/repository.go:43.125,46.2 1 0
mud-platform-backend/internal/worldgen/weather/repository.go:48.122,51.2 1 0
mud-platform-backend/internal/worldgen/weather/repository.go:53.119,64.2 4 0
mud-platform-backend/internal/worldgen/weather/states.go:9.15,12.42 1 1
mud-platform-backend/internal/worldgen/weather/states.go:12.42,14.3 1 1
mud-platform-backend/internal/worldgen/weather/states.go:17.2,17.43 1 1
mud-platform-backend/internal/worldgen/weather/states.go:17.43,19.3 1 1
mud-platform-backend/internal/worldgen/weather/states.go:22.2,22.23 1 1
mud-platform-backend/internal/worldgen/weather/states.go:22.23,24.3 1 1
mud-platform-backend/internal/worldgen/weather/states.go:27.2,27.37 1 1
mud-platform-backend/internal/worldgen/weather/states.go:27.37,29.3 1 1
mud-platform-backend/internal/worldgen/weather/states.go:32.2,32.21 1 1
mud-platform-backend/internal/worldgen/weather/states.go:36.59,37.21 1 1
mud-platform-backend/internal/worldgen/weather/states.go:38.20,39.14 1 1
mud-platform-backend/internal/worldgen/weather/states.go:40.21,41.14 1 1
mud-platform-backend/internal/worldgen/weather/states.go:42.19,43.14 1 1
mud-platform-backend/internal/worldgen/weather/states.go:44.19,45.13 1 1
mud-platform-backend/internal/worldgen/weather/states.go:46.20,47.13 1 1
mud-platform-backend/internal/worldgen/weather/states.go:48.10,49.14 1 0
mud-platform-backend/internal/worldgen/weather/types.go:33.36,34.11 1 1
mud-platform-backend/internal/worldgen/weather/types.go:35.20,36.13 1 1
mud-platform-backend/internal/worldgen/weather/types.go:37.32,38.13 1 0
mud-platform-backend/internal/worldgen/weather/types.go:39.20,40.13 1 1
mud-platform-backend/internal/worldgen/weather/types.go:41.10,42.13 1 0
mud-platform-backend/internal/worldgen/weather/types.go:53.43,61.2 2 0
mud-platform-backend/internal/worldgen/weather/types.go:105.40,107.2 1 1
mud-platform-backend/internal/worldgen/weather/updates.go:9.98,12.29 2 1
mud-platform-backend/internal/worldgen/weather/updates.go:12.29,40.3 8 1
mud-platform-backend/internal/worldgen/weather/updates.go:42.2,42.15 1 1
mud-platform-backend/internal/worldgen/weather/updates.go:46.94,62.2 8 1
mud-platform-backend/internal/worldgen/weather/updates.go:65.75,73.17 3 1
mud-platform-backend/internal/worldgen/weather/updates.go:73.17,75.3 1 1
mud-platform-backend/internal/worldgen/weather/updates.go:75.8,75.24 1 1
mud-platform-backend/internal/worldgen/weather/updates.go:75.24,77.3 1 1
mud-platform-backend/internal/worldgen/weather/updates.go:77.8,79.3 1 0
mud-platform-backend/internal/worldgen/weather/updates.go:81.2,81.16 1 1
mud-platform-backend/internal/worldgen/weather/updates.go:82.20,83.18 1 1
mud-platform-backend/internal/worldgen/weather/updates.go:84.20,85.19 1 1
mud-platform-backend/internal/worldgen/weather/updates.go:86.32,87.11 1 1
mud-platform-backend/internal/worldgen/weather/updates.go:88.10,89.11 1 0
mud-platform-backend/internal/worldgen/weather/updates.go:94.64,104.2 4 1
mud-platform-backend/internal/worldgen/weather/wind.go:8.77,14.17 4 1
mud-platform-backend/internal/worldgen/weather/wind.go:14.17,18.3 2 1
mud-platform-backend/internal/worldgen/weather/wind.go:18.8,18.24 1 1
mud-platform-backend/internal/worldgen/weather/wind.go:18.24,22.3 2 1
mud-platform-backend/internal/worldgen/weather/wind.go:22.8,26.3 2 1
mud-platform-backend/internal/worldgen/weather/wind.go:30.2,39.3 4 1
mud-platform-backend/internal/worldgen/weather/wind.go:43.59,46.17 2 1
mud-platform-backend/internal/worldgen/weather/wind.go:46.17,48.3 1 1
mud-platform-backend/internal/worldgen/weather/wind.go:48.8,48.24 1 1
mud-platform-backend/internal/worldgen/weather/wind.go:48.24,50.3 1 1
mud-platform-backend/internal/worldgen/weather/wind.go:51.2,51.18 1 1
mud-platform-backend/internal/worldgen/weather/wind.go:55.61,61.17 2 1
mud-platform-backend/internal/worldgen/weather/wind.go:61.17,63.3 1 1
mud-platform-backend/internal/worldgen/weather/wind.go:63.8,63.24 1 1
mud-platform-backend/internal/worldgen/weather/wind.go:63.24,65.3 1 1
mud-platform-backend/internal/worldgen/weather/wind.go:65.8,65.24 1 1
mud-platform-backend/internal/worldgen/weather/wind.go:65.24,67.3 1 1
mud-platform-backend/internal/worldgen/weather/wind.go:68.2,68.21 1 1
mud-platform-backend/internal/worldgen/weather/wind.go:72.52,73.20 1 1
mud-platform-backend/internal/worldgen/weather/wind.go:73.20,75.3 1 1
mud-platform-backend/internal/worldgen/weather/wind.go:76.2,76.23 1 1
mud-platform-backend/internal/worldgen/weather/wind.go:76.23,78.3 1 0
mud-platform-backend/internal/worldgen/weather/wind.go:79.2,79.18 1 1
mud-platform-backend/internal/pubsub/redis_adapter.go:31.77,37.2 1 0
mud-platform-backend/internal/pubsub/redis_adapter.go:41.77,46.16 3 0
mud-platform-backend/internal/pubsub/redis_adapter.go:46.16,48.3 1 0
mud-platform-backend/internal/pubsub/redis_adapter.go:50.2,55.12 3 0
mud-platform-backend/internal/pubsub/redis_adapter.go:60.98,64.16 3 0
mud-platform-backend/internal/pubsub/redis_adapter.go:64.16,66.3 1 0
mud-platform-backend/internal/pubsub/redis_adapter.go:68.2,68.51 1 0
mud-platform-backend/internal/pubsub/redis_adapter.go:72.93,74.2 1 0
mud-platform-backend/internal/pubsub/redis_adapter.go:77.61,80.6 2 0
mud-platform-backend/internal/pubsub/redis_adapter.go:80.6,81.10 1 0
mud-platform-backend/internal/pubsub/redis_adapter.go:82.21,83.10 1 0
mud-platform-backend/internal/pubsub/redis_adapter.go:84.25,86.73 2 0
mud-platform-backend/internal/pubsub/redis_adapter.go:86.73,88.13 2 0
mud-platform-backend/internal/pubsub/redis_adapter.go:92.4,92.36 1 0
mud-platform-backend/internal/pubsub/redis_adapter.go:92.36,93.13 1 0
mud-platform-backend/internal/pubsub/redis_adapter.go:97.4,97.47 1 0
mud-platform-backend/internal/pubsub/redis_adapter.go:97.47,99.5 1 0
mud-platform-backend/internal/pubsub/redis_adapter.go:99.10,101.5 1 0
mud-platform-backend/internal/pubsub/redis_adapter.go:107.38,108.21 1 0
mud-platform-backend/internal/pubsub/redis_adapter.go:108.21,110.3 1 0
mud-platform-backend/internal/pubsub/redis_adapter.go:111.2,111.12 1 0
mud-platform-backend/internal/pubsub/redis_adapter.go:115.149,123.2 2 0
mud-platform-backend/internal/cache/query_cache.go:20.73,21.14 1 1
mud-platform-backend/internal/cache/query_cache.go:21.14,23.3 1 1
mud-platform-backend/internal/cache/query_cache.go:24.2,27.3 1 1
mud-platform-backend/internal/cache/query_cache.go:32.85,34.16 2 1
mud-platform-backend/internal/cache/query_cache.go:34.16,36.3 1 1
mud-platform-backend/internal/cache/query_cache.go:38.2,38.37 1 1
mud-platform-backend/internal/cache/query_cache.go:42.84,44.16 2 1
mud-platform-backend/internal/cache/query_cache.go:44.16,46.3 1 0
mud-platform-backend/internal/cache/query_cache.go:48.2,48.50 1 1
mud-platform-backend/internal/cache/query_cache.go:53.72,54.20 1 1
mud-platform-backend/internal/cache/query_cache.go:54.20,56.3 1 0
mud-platform-backend/internal/cache/query_cache.go:57.2,57.41 1 1
mud-platform-backend/internal/cache/query_cache.go:62.79,66.21 3 0
mud-platform-backend/internal/cache/query_cache.go:66.21,68.3 1 0
mud-platform-backend/internal/cache/query_cache.go:70.2,70.35 1 0
mud-platform-backend/internal/cache/query_cache.go:70.35,72.3 1 0
mud-platform-backend/internal/cache/query_cache.go:74.2,74.19 1 0
mud-platform-backend/internal/cache/query_cache.go:74.19,76.3 1 0
mud-platform-backend/internal/cache/query_cache.go:78.2,78.12 1 0
mud-platform-backend/internal/cache/query_cache.go:83.126,86.16 2 1
mud-platform-backend/internal/cache/query_cache.go:86.16,88.3 1 1
mud-platform-backend/internal/cache/query_cache.go:90.2,90.22 1 1
mud-platform-backend/internal/cache/query_cache.go:90.23,93.3 0 0
mud-platform-backend/internal/cache/query_cache.go:96.2,97.16 2 1
mud-platform-backend/internal/cache/query_cache.go:97.16,99.3 1 0
mud-platform-backend/internal/cache/query_cache.go:103.2,103.12 1 1
mud-platform-backend/internal/cache/query_cache.go:103.12,105.3 1 1
mud-platform-backend/internal/cache/query_cache.go:108.2,109.16 2 1
mud-platform-backend/internal/cache/query_cache.go:109.16,111.3 1 0
mud-platform-backend/internal/cache/query_cache.go:113.2,113.37 1 1
mud-platform-backend/internal/world/catchup.go:12.78,28.57 5 1
mud-platform-backend/internal/world/catchup.go:28.57,30.3 1 1
mud-platform-backend/internal/world/catchup.go:33.2,35.42 2 1
mud-platform-backend/internal/world/catchup.go:35.42,36.10 1 1
mud-platform-backend/internal/world/catchup.go:37.19,39.10 2 1
mud-platform-backend/internal/world/catchup.go:40.11,42.31 2 1
mud-platform-backend/internal/world/catchup.go:46.2,52.17 2 1
mud-platform-backend/internal/world/registry.go:17.30,21.2 1 1
mud-platform-backend/internal/world/registry.go:25.59,29.45 3 1
mud-platform-backend/internal/world/registry.go:29.45,31.3 1 1
mud-platform-backend/internal/world/registry.go:34.2,37.12 3 1
mud-platform-backend/internal/world/registry.go:42.69,47.13 4 1
mud-platform-backend/internal/world/registry.go:47.13,49.3 1 1
mud-platform-backend/internal/world/registry.go:52.2,53.24 2 1
mud-platform-backend/internal/world/registry.go:58.85,63.13 4 1
mud-platform-backend/internal/world/registry.go:63.13,65.3 1 1
mud-platform-backend/internal/world/registry.go:68.2,70.12 2 1
mud-platform-backend/internal/world/registry.go:74.47,79.33 4 1
mud-platform-backend/internal/world/registry.go:79.33,83.3 2 1
mud-platform-backend/internal/world/registry.go:85.2,85.15 1 1
mud-platform-backend/internal/world/registry.go:90.57,94.45 3 1
mud-platform-backend/internal/world/registry.go:94.45,96.3 1 0
mud-platform-backend/internal/world/registry.go:98.2,100.12 2 1
mud-platform-backend/internal/world/seasons.go:19.92,20.23 1 1
mud-platform-backend/internal/world/seasons.go:20.23,22.3 1 0
mud-platform-backend/internal/world/seasons.go:24.2,30.21 5 1
mud-platform-backend/internal/world/seasons.go:31.9,32.38 1 1
mud-platform-backend/internal/world/seasons.go:33.9,34.38 1 1
mud-platform-backend/internal/world/seasons.go:35.9,36.38 1 1
mud-platform-backend/internal/world/seasons.go:37.9,38.38 1 1
mud-platform-backend/internal/world/seasons.go:39.10,40.38 1 0
mud-platform-backend/internal/world/ticker_manager.go:44.121,51.2 1 1
mud-platform-backend/internal/world/ticker_manager.go:54.105,58.46 2 1
mud-platform-backend/internal/world/ticker_manager.go:58.46,61.3 2 1
mud-platform-backend/internal/world/ticker_manager.go:64.2,88.57 5 1
mud-platform-backend/internal/world/ticker_manager.go:88.57,90.56 1 1
mud-platform-backend/internal/world/ticker_manager.go:90.56,93.4 2 1
mud-platform-backend/internal/world/ticker_manager.go:97.2,105.26 3 1
mud-platform-backend/internal/world/ticker_manager.go:105.26,116.80 3 1
mud-platform-backend/internal/world/ticker_manager.go:116.80,118.4 1 0
mud-platform-backend/internal/world/ticker_manager.go:122.2,126.14 3 1
mud-platform-backend/internal/world/ticker_manager.go:126.14,129.3 1 1
mud-platform-backend/internal/world/ticker_manager.go:129.8,132.3 1 1
mud-platform-backend/internal/world/ticker_manager.go:134.2,134.12 1 1
mud-platform-backend/internal/world/ticker_manager.go:138.62,142.13 3 1
mud-platform-backend/internal/world/ticker_manager.go:142.13,145.3 2 1
mud-platform-backend/internal/world/ticker_manager.go:148.2,157.55 6 1
mud-platform-backend/internal/world/ticker_manager.go:157.55,161.3 3 1
mud-platform-backend/internal/world/ticker_manager.go:164.2,171.26 3 1
mud-platform-backend/internal/world/ticker_manager.go:171.26,182.80 3 1
mud-platform-backend/internal/world/ticker_manager.go:182.80,184.4 1 0
mud-platform-backend/internal/world/ticker_manager.go:187.2,187.12 1 1
mud-platform-backend/internal/world/ticker_manager.go:191.117,198.16 5 1
mud-platform-backend/internal/world/ticker_manager.go:198.16,200.3 1 1
mud-platform-backend/internal/world/ticker_manager.go:202.2,202.49 1 1
mud-platform-backend/internal/world/ticker_manager.go:206.36,209.34 3 1
mud-platform-backend/internal/world/ticker_manager.go:209.34,211.3 1 1
mud-platform-backend/internal/world/ticker_manager.go:212.2,214.35 2 1
mud-platform-backend/internal/world/ticker_manager.go:214.35,215.48 1 1
mud-platform-backend/internal/world/ticker_manager.go:215.48,217.4 1 0
mud-platform-backend/internal/world/ticker_manager.go:222.47,226.6 3 1
mud-platform-backend/internal/world/ticker_manager.go:226.6,227.10 1 1
mud-platform-backend/internal/world/ticker_manager.go:228.19,229.10 1 1
mud-platform-backend/internal/world/ticker_manager.go:230.19,231.14 1 1
mud-platform-backend/internal/world/ticker_manager.go:237.42,247.64 5 1
mud-platform-backend/internal/world/ticker_manager.go:247.64,253.3 5 1
mud-platform-backend/internal/world/ticker_manager.go:255.2,255.16 1 1
mud-platform-backend/internal/world/ticker_manager.go:255.16,258.3 2 0
mud-platform-backend/internal/world/ticker_manager.go:261.2,261.29 1 1
mud-platform-backend/internal/world/ticker_manager.go:261.29,280.65 7 1
mud-platform-backend/internal/world/ticker_manager.go:280.65,282.4 1 0
mud-platform-backend/internal/world/ticker_manager.go:286.2,294.26 3 1
mud-platform-backend/internal/world/ticker_manager.go:294.26,305.80 3 1
mud-platform-backend/internal/world/ticker_manager.go:305.80,307.4 1 0
mud-platform-backend/internal/world/time_of_day.go:23.84,24.20 1 1
mud-platform-backend/internal/world/time_of_day.go:24.20,26.3 1 0
mud-platform-backend/internal/world/time_of_day.go:28.2,29.20 2 1
mud-platform-backend/internal/world/time_of_day.go:33.50,34.9 1 1
mud-platform-backend/internal/world/time_of_day.go:35.26,36.24 1 1
mud-platform-backend/internal/world/time_of_day.go:37.26,38.23 1 1
mud-platform-backend/internal/world/time_of_day.go:39.26,40.26 1 1
mud-platform-backend/internal/world/time_of_day.go:41.26,42.23 1 1
mud-platform-backend/internal/world/time_of_day.go:43.26,44.28 1 1
mud-platform-backend/internal/world/time_of_day.go:45.26,46.23 1 1
mud-platform-backend/internal/world/time_of_day.go:47.26,48.26 1 1
mud-platform-backend/internal/world/time_of_day.go:49.10,50.24 1 1
