mode: set
mud-platform-backend/internal/world/registry.go:17.30,21.2 1 1
mud-platform-backend/internal/world/registry.go:25.59,29.45 3 1
mud-platform-backend/internal/world/registry.go:29.45,31.3 1 1
mud-platform-backend/internal/world/registry.go:34.2,37.12 3 1
mud-platform-backend/internal/world/registry.go:42.69,47.13 4 1
mud-platform-backend/internal/world/registry.go:47.13,49.3 1 1
mud-platform-backend/internal/world/registry.go:52.2,53.24 2 1
mud-platform-backend/internal/world/registry.go:58.85,63.13 4 1
mud-platform-backend/internal/world/registry.go:63.13,65.3 1 1
mud-platform-backend/internal/world/registry.go:68.2,70.12 2 1
mud-platform-backend/internal/world/registry.go:74.47,79.33 4 1
mud-platform-backend/internal/world/registry.go:79.33,83.3 2 1
mud-platform-backend/internal/world/registry.go:85.2,85.15 1 1
mud-platform-backend/internal/world/registry.go:90.57,94.45 3 1
mud-platform-backend/internal/world/registry.go:94.45,96.3 1 0
mud-platform-backend/internal/world/registry.go:98.2,100.12 2 1
mud-platform-backend/internal/world/ticker_manager.go:38.81,44.2 1 1
mud-platform-backend/internal/world/ticker_manager.go:47.105,51.46 2 1
mud-platform-backend/internal/world/ticker_manager.go:51.46,54.3 2 1
mud-platform-backend/internal/world/ticker_manager.go:57.2,81.57 5 1
mud-platform-backend/internal/world/ticker_manager.go:81.57,83.56 1 0
mud-platform-backend/internal/world/ticker_manager.go:83.56,86.4 2 0
mud-platform-backend/internal/world/ticker_manager.go:90.2,98.26 3 1
mud-platform-backend/internal/world/ticker_manager.go:98.26,106.17 1 1
mud-platform-backend/internal/world/ticker_manager.go:106.17,108.4 1 0
mud-platform-backend/internal/world/ticker_manager.go:112.2,114.12 2 1
mud-platform-backend/internal/world/ticker_manager.go:118.62,122.13 3 1
mud-platform-backend/internal/world/ticker_manager.go:122.13,125.3 2 1
mud-platform-backend/internal/world/ticker_manager.go:128.2,136.55 5 1
mud-platform-backend/internal/world/ticker_manager.go:136.55,139.3 2 1
mud-platform-backend/internal/world/ticker_manager.go:142.2,149.26 3 1
mud-platform-backend/internal/world/ticker_manager.go:149.26,157.17 1 1
mud-platform-backend/internal/world/ticker_manager.go:157.17,159.4 1 0
mud-platform-backend/internal/world/ticker_manager.go:162.2,162.12 1 1
mud-platform-backend/internal/world/ticker_manager.go:166.117,173.16 5 1
mud-platform-backend/internal/world/ticker_manager.go:173.16,175.3 1 1
mud-platform-backend/internal/world/ticker_manager.go:177.2,177.49 1 1
mud-platform-backend/internal/world/ticker_manager.go:181.36,184.34 3 1
mud-platform-backend/internal/world/ticker_manager.go:184.34,186.3 1 1
mud-platform-backend/internal/world/ticker_manager.go:187.2,189.35 2 1
mud-platform-backend/internal/world/ticker_manager.go:189.35,190.48 1 1
mud-platform-backend/internal/world/ticker_manager.go:190.48,192.4 1 0
mud-platform-backend/internal/world/ticker_manager.go:197.47,201.6 3 1
mud-platform-backend/internal/world/ticker_manager.go:201.6,202.10 1 1
mud-platform-backend/internal/world/ticker_manager.go:203.19,204.10 1 1
mud-platform-backend/internal/world/ticker_manager.go:205.19,206.14 1 1
mud-platform-backend/internal/world/ticker_manager.go:212.42,222.64 5 1
mud-platform-backend/internal/world/ticker_manager.go:222.64,228.3 5 1
mud-platform-backend/internal/world/ticker_manager.go:230.2,230.16 1 1
mud-platform-backend/internal/world/ticker_manager.go:230.16,233.3 2 0
mud-platform-backend/internal/world/ticker_manager.go:236.2,244.26 3 1
mud-platform-backend/internal/world/ticker_manager.go:244.26,252.17 1 1
mud-platform-backend/internal/world/ticker_manager.go:252.17,254.4 1 0
