mode: set
mud-platform-backend/internal/world/registry.go:17.30,21.2 1 1
mud-platform-backend/internal/world/registry.go:25.59,29.45 3 1
mud-platform-backend/internal/world/registry.go:29.45,31.3 1 1
mud-platform-backend/internal/world/registry.go:34.2,37.12 3 1
mud-platform-backend/internal/world/registry.go:42.69,47.13 4 1
mud-platform-backend/internal/world/registry.go:47.13,49.3 1 1
mud-platform-backend/internal/world/registry.go:52.2,53.24 2 1
mud-platform-backend/internal/world/registry.go:58.85,63.13 4 1
mud-platform-backend/internal/world/registry.go:63.13,65.3 1 1
mud-platform-backend/internal/world/registry.go:68.2,70.12 2 1
mud-platform-backend/internal/world/registry.go:74.47,79.33 4 1
mud-platform-backend/internal/world/registry.go:79.33,83.3 2 1
mud-platform-backend/internal/world/registry.go:85.2,85.15 1 1
mud-platform-backend/internal/world/registry.go:90.57,94.45 3 1
mud-platform-backend/internal/world/registry.go:94.45,96.3 1 0
mud-platform-backend/internal/world/registry.go:98.2,100.12 2 1
mud-platform-backend/internal/world/ticker_manager.go:36.92,42.2 1 1
mud-platform-backend/internal/world/ticker_manager.go:45.105,49.46 2 1
mud-platform-backend/internal/world/ticker_manager.go:49.46,52.3 2 1
mud-platform-backend/internal/world/ticker_manager.go:55.2,79.57 5 1
mud-platform-backend/internal/world/ticker_manager.go:79.57,81.56 1 0
mud-platform-backend/internal/world/ticker_manager.go:81.56,84.4 2 0
mud-platform-backend/internal/world/ticker_manager.go:88.2,96.26 3 1
mud-platform-backend/internal/world/ticker_manager.go:96.26,107.80 3 1
mud-platform-backend/internal/world/ticker_manager.go:107.80,109.4 1 0
mud-platform-backend/internal/world/ticker_manager.go:113.2,115.12 2 1
mud-platform-backend/internal/world/ticker_manager.go:119.62,123.13 3 1
mud-platform-backend/internal/world/ticker_manager.go:123.13,126.3 2 1
mud-platform-backend/internal/world/ticker_manager.go:129.2,137.55 5 1
mud-platform-backend/internal/world/ticker_manager.go:137.55,140.3 2 1
mud-platform-backend/internal/world/ticker_manager.go:143.2,150.26 3 1
mud-platform-backend/internal/world/ticker_manager.go:150.26,161.80 3 1
mud-platform-backend/internal/world/ticker_manager.go:161.80,163.4 1 0
mud-platform-backend/internal/world/ticker_manager.go:166.2,166.12 1 1
mud-platform-backend/internal/world/ticker_manager.go:170.117,177.16 5 1
mud-platform-backend/internal/world/ticker_manager.go:177.16,179.3 1 1
mud-platform-backend/internal/world/ticker_manager.go:181.2,181.49 1 1
mud-platform-backend/internal/world/ticker_manager.go:185.36,188.34 3 1
mud-platform-backend/internal/world/ticker_manager.go:188.34,190.3 1 1
mud-platform-backend/internal/world/ticker_manager.go:191.2,193.35 2 1
mud-platform-backend/internal/world/ticker_manager.go:193.35,194.48 1 1
mud-platform-backend/internal/world/ticker_manager.go:194.48,196.4 1 0
mud-platform-backend/internal/world/ticker_manager.go:201.47,205.6 3 1
mud-platform-backend/internal/world/ticker_manager.go:205.6,206.10 1 1
mud-platform-backend/internal/world/ticker_manager.go:207.19,208.10 1 1
mud-platform-backend/internal/world/ticker_manager.go:209.19,210.14 1 1
mud-platform-backend/internal/world/ticker_manager.go:216.42,226.64 5 1
mud-platform-backend/internal/world/ticker_manager.go:226.64,232.3 5 1
mud-platform-backend/internal/world/ticker_manager.go:234.2,234.16 1 1
mud-platform-backend/internal/world/ticker_manager.go:234.16,237.3 2 0
mud-platform-backend/internal/world/ticker_manager.go:240.2,248.26 3 1
mud-platform-backend/internal/world/ticker_manager.go:248.26,259.80 3 1
mud-platform-backend/internal/world/ticker_manager.go:259.80,261.4 1 0
