mode: set
mud-platform-backend/internal/ai/queue/dialogue_queue.go:31.48,38.2 1 1
mud-platform-backend/internal/ai/queue/dialogue_queue.go:41.82,42.9 1 1
mud-platform-backend/internal/ai/queue/dialogue_queue.go:43.30,44.13 1 1
mud-platform-backend/internal/ai/queue/dialogue_queue.go:45.10,46.34 1 1
mud-platform-backend/internal/ai/queue/dialogue_queue.go:50.79,51.11 1 1
mud-platform-backend/internal/ai/queue/dialogue_queue.go:52.24,53.20 1 1
mud-platform-backend/internal/ai/queue/dialogue_queue.go:54.20,55.16 1 1
mud-platform-backend/internal/ai/queue/dialogue_queue.go:56.22,57.18 1 0
mud-platform-backend/internal/ai/queue/dialogue_queue.go:58.19,59.15 1 1
mud-platform-backend/internal/ai/queue/dialogue_queue.go:60.10,61.15 1 0
mud-platform-backend/internal/ai/queue/worker.go:21.97,28.2 1 0
mud-platform-backend/internal/ai/queue/worker.go:31.31,34.2 2 0
mud-platform-backend/internal/ai/queue/worker.go:37.30,40.2 2 0
mud-platform-backend/internal/ai/queue/worker.go:42.29,45.6 2 0
mud-platform-backend/internal/ai/queue/worker.go:45.6,46.10 1 0
mud-platform-backend/internal/ai/queue/worker.go:47.18,48.10 1 0
mud-platform-backend/internal/ai/queue/worker.go:49.11,51.11 1 0
mud-platform-backend/internal/ai/queue/worker.go:52.36,55.19 2 0
mud-platform-backend/internal/ai/queue/worker.go:55.19,56.43 1 0
mud-platform-backend/internal/ai/queue/worker.go:56.43,57.20 1 0
mud-platform-backend/internal/ai/queue/worker.go:57.20,57.38 1 0
mud-platform-backend/internal/ai/queue/worker.go:70.7,70.94 1 0
mud-platform-backend/internal/ai/queue/worker.go:72.11,76.6 2 0
mud-platform-backend/internal/ai/queue/worker.go:77.19,78.11 1 0
mud-platform-backend/internal/ai/queue/worker.go:84.68,85.9 1 1
mud-platform-backend/internal/ai/queue/worker.go:86.34,87.13 1 1
mud-platform-backend/internal/ai/queue/worker.go:88.10,88.10 0 1
mud-platform-backend/internal/ai/queue/worker.go:91.2,91.9 1 1
mud-platform-backend/internal/ai/queue/worker.go:92.30,93.13 1 1
mud-platform-backend/internal/ai/queue/worker.go:94.10,94.10 0 1
mud-platform-backend/internal/ai/queue/worker.go:97.2,97.9 1 1
mud-platform-backend/internal/ai/queue/worker.go:98.32,99.13 1 0
mud-platform-backend/internal/ai/queue/worker.go:100.10,100.10 0 1
mud-platform-backend/internal/ai/queue/worker.go:103.2,103.9 1 1
mud-platform-backend/internal/ai/queue/worker.go:104.29,105.13 1 1
mud-platform-backend/internal/ai/queue/worker.go:106.10,107.13 1 0
mud-platform-backend/internal/ai/gateway/listener.go:16.41,17.61 1 1
mud-platform-backend/internal/ai/gateway/listener.go:17.61,19.56 2 1
mud-platform-backend/internal/ai/gateway/listener.go:19.56,22.4 2 1
mud-platform-backend/internal/ai/gateway/listener.go:25.3,25.22 1 1
mud-platform-backend/internal/ai/gateway/listener.go:25.22,27.4 1 0
mud-platform-backend/internal/ai/gateway/listener.go:27.9,27.26 1 1
mud-platform-backend/internal/ai/gateway/listener.go:27.26,29.4 1 1
mud-platform-backend/internal/ai/gateway/listener.go:29.9,32.24 2 0
mud-platform-backend/internal/ai/gateway/listener.go:32.24,35.5 2 0
mud-platform-backend/internal/ai/gateway/listener.go:39.3,39.10 1 1
mud-platform-backend/internal/ai/gateway/listener.go:40.28,41.58 1 1
mud-platform-backend/internal/ai/gateway/listener.go:42.11,43.76 1 1
mud-platform-backend/internal/ai/gateway/listener.go:47.2,47.16 1 1
mud-platform-backend/internal/ai/gateway/listener.go:47.16,49.3 1 0
mud-platform-backend/internal/ai/gateway/listener.go:51.2,52.12 2 1
mud-platform-backend/internal/ai/gateway/ollama_client.go:21.38,23.15 2 1
mud-platform-backend/internal/ai/gateway/ollama_client.go:23.15,25.3 1 0
mud-platform-backend/internal/ai/gateway/ollama_client.go:27.2,29.22 3 1
mud-platform-backend/internal/ai/gateway/ollama_client.go:29.22,30.59 1 0
mud-platform-backend/internal/ai/gateway/ollama_client.go:30.59,32.4 1 0
mud-platform-backend/internal/ai/gateway/ollama_client.go:32.9,34.4 1 0
mud-platform-backend/internal/ai/gateway/ollama_client.go:37.2,42.3 1 1
mud-platform-backend/internal/ai/gateway/ollama_client.go:56.78,57.17 1 1
mud-platform-backend/internal/ai/gateway/ollama_client.go:57.17,59.3 1 0
mud-platform-backend/internal/ai/gateway/ollama_client.go:61.2,68.16 3 1
mud-platform-backend/internal/ai/gateway/ollama_client.go:68.16,70.3 1 0
mud-platform-backend/internal/ai/gateway/ollama_client.go:72.2,75.16 3 1
mud-platform-backend/internal/ai/gateway/ollama_client.go:75.16,77.3 1 1
mud-platform-backend/internal/ai/gateway/ollama_client.go:78.2,80.38 2 1
mud-platform-backend/internal/ai/gateway/ollama_client.go:80.38,83.3 2 1
mud-platform-backend/internal/ai/gateway/ollama_client.go:85.2,88.6 3 1
mud-platform-backend/internal/ai/gateway/ollama_client.go:88.6,90.48 2 1
mud-platform-backend/internal/ai/gateway/ollama_client.go:90.48,91.21 1 1
mud-platform-backend/internal/ai/gateway/ollama_client.go:91.21,92.10 1 0
mud-platform-backend/internal/ai/gateway/ollama_client.go:94.4,94.60 1 1
mud-platform-backend/internal/ai/gateway/ollama_client.go:97.3,99.17 2 1
mud-platform-backend/internal/ai/gateway/ollama_client.go:99.17,100.9 1 1
mud-platform-backend/internal/ai/gateway/ollama_client.go:104.2,104.35 1 1
mud-platform-backend/internal/ai/gateway/worker.go:22.49,23.12 1 0
mud-platform-backend/internal/ai/gateway/worker.go:23.12,25.33 2 0
mud-platform-backend/internal/ai/gateway/worker.go:25.33,27.4 1 0
mud-platform-backend/internal/ai/gateway/worker.go:31.67,43.16 6 1
mud-platform-backend/internal/ai/gateway/worker.go:43.16,46.3 2 1
mud-platform-backend/internal/ai/gateway/worker.go:46.8,48.3 1 1
mud-platform-backend/internal/ai/gateway/worker.go:50.2,51.16 2 1
mud-platform-backend/internal/ai/gateway/worker.go:51.16,54.3 2 0
mud-platform-backend/internal/ai/gateway/worker.go:56.2,56.31 1 1
mud-platform-backend/internal/ai/gateway/worker.go:56.31,57.67 1 1
mud-platform-backend/internal/ai/gateway/worker.go:57.67,59.4 1 0
mud-platform-backend/internal/ai/gateway/worker.go:60.8,62.3 1 1
