mode: set
mud-platform-backend/internal/npc/interaction/cooldown.go:21.44,25.2 1 1
mud-platform-backend/internal/npc/interaction/cooldown.go:28.115,30.9 2 1
mud-platform-backend/internal/npc/interaction/cooldown.go:30.9,32.3 1 1
mud-platform-backend/internal/npc/interaction/cooldown.go:38.2,44.46 4 1
mud-platform-backend/internal/npc/interaction/cooldown.go:48.80,50.2 1 1
mud-platform-backend/internal/npc/interaction/flow.go:8.45,10.20 2 1
mud-platform-backend/internal/npc/interaction/flow.go:10.20,12.3 1 1
mud-platform-backend/internal/npc/interaction/flow.go:12.8,12.28 1 1
mud-platform-backend/internal/npc/interaction/flow.go:12.28,14.3 1 1
mud-platform-backend/internal/npc/interaction/flow.go:14.8,16.3 1 1
mud-platform-backend/internal/npc/interaction/flow.go:18.2,18.45 1 1
mud-platform-backend/internal/npc/interaction/flow.go:22.59,24.27 1 1
mud-platform-backend/internal/npc/interaction/flow.go:25.21,27.31 2 1
mud-platform-backend/internal/npc/interaction/flow.go:28.18,30.27 2 1
mud-platform-backend/internal/npc/interaction/flow.go:31.21,33.27 2 1
mud-platform-backend/internal/npc/interaction/flow.go:35.2,35.30 1 1
mud-platform-backend/internal/npc/interaction/initiation.go:15.117,17.39 1 1
mud-platform-backend/internal/npc/interaction/initiation.go:17.39,19.3 1 1
mud-platform-backend/internal/npc/interaction/initiation.go:28.2,41.37 5 1
mud-platform-backend/internal/npc/interaction/memory.go:11.89,14.22 2 1
mud-platform-backend/internal/npc/interaction/memory.go:15.23,16.15 1 1
mud-platform-backend/internal/npc/interaction/memory.go:17.23,18.15 1 0
mud-platform-backend/internal/npc/interaction/memory.go:19.22,20.15 1 0
mud-platform-backend/internal/npc/interaction/memory.go:24.2,42.12 3 1
mud-platform-backend/internal/npc/interaction/outcomes.go:14.65,17.17 2 1
mud-platform-backend/internal/npc/interaction/outcomes.go:18.23,21.24 2 1
mud-platform-backend/internal/npc/interaction/outcomes.go:22.23,25.25 2 0
mud-platform-backend/internal/npc/interaction/outcomes.go:26.22,29.24 2 0
mud-platform-backend/internal/npc/interaction/outcomes.go:32.2,32.15 1 1
mud-platform-backend/internal/npc/interaction/outcomes.go:36.84,43.2 4 1
mud-platform-backend/internal/npc/interaction/outcomes.go:45.22,46.16 1 1
mud-platform-backend/internal/npc/interaction/outcomes.go:46.16,48.3 1 0
mud-platform-backend/internal/npc/interaction/outcomes.go:49.2,49.17 1 1
mud-platform-backend/internal/npc/interaction/outcomes.go:49.17,51.3 1 0
mud-platform-backend/internal/npc/interaction/responses.go:10.96,19.16 4 1
mud-platform-backend/internal/npc/interaction/responses.go:19.16,21.3 1 1
mud-platform-backend/internal/npc/interaction/responses.go:21.8,21.23 1 0
mud-platform-backend/internal/npc/interaction/responses.go:21.23,23.3 1 0
mud-platform-backend/internal/npc/interaction/responses.go:23.8,25.3 1 0
mud-platform-backend/internal/npc/interaction/responses.go:28.2,32.33 3 1
mud-platform-backend/internal/npc/interaction/responses.go:32.33,34.3 1 1
mud-platform-backend/internal/npc/interaction/responses.go:34.8,34.43 1 0
mud-platform-backend/internal/npc/interaction/responses.go:34.43,36.3 1 0
mud-platform-backend/internal/npc/interaction/responses.go:36.8,38.3 1 0
mud-platform-backend/internal/npc/interaction/responses.go:40.2,41.27 2 1
mud-platform-backend/internal/npc/interaction/topics.go:17.82,22.62 3 1
mud-platform-backend/internal/npc/interaction/topics.go:22.62,28.22 3 1
mud-platform-backend/internal/npc/interaction/topics.go:28.22,30.4 1 1
mud-platform-backend/internal/npc/interaction/topics.go:30.9,32.4 1 1
mud-platform-backend/internal/npc/interaction/topics.go:34.3,35.15 2 1
mud-platform-backend/internal/npc/interaction/topics.go:35.15,37.4 1 1
mud-platform-backend/internal/npc/interaction/topics.go:39.3,39.77 1 1
mud-platform-backend/internal/npc/interaction/topics.go:43.2,43.31 1 1
mud-platform-backend/internal/npc/interaction/topics.go:43.31,45.30 2 1
mud-platform-backend/internal/npc/interaction/topics.go:45.30,51.4 1 1
mud-platform-backend/internal/npc/interaction/topics.go:55.2,55.37 1 1
mud-platform-backend/internal/npc/interaction/topics.go:55.37,57.30 2 1
mud-platform-backend/internal/npc/interaction/topics.go:57.30,63.4 1 1
mud-platform-backend/internal/npc/interaction/topics.go:67.2,67.25 1 1
mud-platform-backend/internal/npc/interaction/topics.go:67.25,72.3 1 1
mud-platform-backend/internal/npc/interaction/topics.go:74.2,74.18 1 1
mud-platform-backend/internal/npc/interaction/topics.go:77.44,79.58 1 1
mud-platform-backend/internal/npc/interaction/topics.go:79.58,81.3 1 1
mud-platform-backend/internal/npc/interaction/topics.go:82.2,82.26 1 1
mud-platform-backend/internal/npc/interaction/topics.go:86.49,89.2 2 1
