mode: set
mud-platform-backend/internal/world/catchup.go:12.78,28.57 5 1
mud-platform-backend/internal/world/catchup.go:28.57,30.3 1 1
mud-platform-backend/internal/world/catchup.go:33.2,35.42 2 1
mud-platform-backend/internal/world/catchup.go:35.42,36.10 1 1
mud-platform-backend/internal/world/catchup.go:37.19,39.10 2 1
mud-platform-backend/internal/world/catchup.go:40.11,42.31 2 1
mud-platform-backend/internal/world/catchup.go:46.2,52.17 2 1
mud-platform-backend/internal/world/registry.go:17.30,21.2 1 1
mud-platform-backend/internal/world/registry.go:25.59,29.45 3 1
mud-platform-backend/internal/world/registry.go:29.45,31.3 1 1
mud-platform-backend/internal/world/registry.go:34.2,37.12 3 1
mud-platform-backend/internal/world/registry.go:42.69,47.13 4 1
mud-platform-backend/internal/world/registry.go:47.13,49.3 1 1
mud-platform-backend/internal/world/registry.go:52.2,53.24 2 1
mud-platform-backend/internal/world/registry.go:58.85,63.13 4 1
mud-platform-backend/internal/world/registry.go:63.13,65.3 1 1
mud-platform-backend/internal/world/registry.go:68.2,70.12 2 1
mud-platform-backend/internal/world/registry.go:74.47,79.33 4 1
mud-platform-backend/internal/world/registry.go:79.33,83.3 2 1
mud-platform-backend/internal/world/registry.go:85.2,85.15 1 1
mud-platform-backend/internal/world/registry.go:90.57,94.45 3 1
mud-platform-backend/internal/world/registry.go:94.45,96.3 1 0
mud-platform-backend/internal/world/registry.go:98.2,100.12 2 1
mud-platform-backend/internal/world/ticker_manager.go:44.121,51.2 1 1
mud-platform-backend/internal/world/ticker_manager.go:54.105,58.46 2 1
mud-platform-backend/internal/world/ticker_manager.go:58.46,61.3 2 1
mud-platform-backend/internal/world/ticker_manager.go:64.2,88.57 5 1
mud-platform-backend/internal/world/ticker_manager.go:88.57,90.56 1 1
mud-platform-backend/internal/world/ticker_manager.go:90.56,93.4 2 1
mud-platform-backend/internal/world/ticker_manager.go:97.2,105.26 3 1
mud-platform-backend/internal/world/ticker_manager.go:105.26,116.80 3 1
mud-platform-backend/internal/world/ticker_manager.go:116.80,118.4 1 0
mud-platform-backend/internal/world/ticker_manager.go:122.2,126.14 3 1
mud-platform-backend/internal/world/ticker_manager.go:126.14,129.3 1 1
mud-platform-backend/internal/world/ticker_manager.go:129.8,132.3 1 1
mud-platform-backend/internal/world/ticker_manager.go:134.2,134.12 1 1
mud-platform-backend/internal/world/ticker_manager.go:138.62,142.13 3 1
mud-platform-backend/internal/world/ticker_manager.go:142.13,145.3 2 1
mud-platform-backend/internal/world/ticker_manager.go:148.2,157.55 6 1
mud-platform-backend/internal/world/ticker_manager.go:157.55,161.3 3 1
mud-platform-backend/internal/world/ticker_manager.go:164.2,171.26 3 1
mud-platform-backend/internal/world/ticker_manager.go:171.26,182.80 3 1
mud-platform-backend/internal/world/ticker_manager.go:182.80,184.4 1 0
mud-platform-backend/internal/world/ticker_manager.go:187.2,187.12 1 1
mud-platform-backend/internal/world/ticker_manager.go:191.117,198.16 5 1
mud-platform-backend/internal/world/ticker_manager.go:198.16,200.3 1 1
mud-platform-backend/internal/world/ticker_manager.go:202.2,202.49 1 1
mud-platform-backend/internal/world/ticker_manager.go:206.36,209.34 3 1
mud-platform-backend/internal/world/ticker_manager.go:209.34,211.3 1 1
mud-platform-backend/internal/world/ticker_manager.go:212.2,214.35 2 1
mud-platform-backend/internal/world/ticker_manager.go:214.35,215.48 1 1
mud-platform-backend/internal/world/ticker_manager.go:215.48,217.4 1 0
mud-platform-backend/internal/world/ticker_manager.go:222.47,226.6 3 1
mud-platform-backend/internal/world/ticker_manager.go:226.6,227.10 1 1
mud-platform-backend/internal/world/ticker_manager.go:228.19,229.10 1 1
mud-platform-backend/internal/world/ticker_manager.go:230.19,231.14 1 1
mud-platform-backend/internal/world/ticker_manager.go:237.42,247.64 5 1
mud-platform-backend/internal/world/ticker_manager.go:247.64,253.3 5 1
mud-platform-backend/internal/world/ticker_manager.go:255.2,255.16 1 1
mud-platform-backend/internal/world/ticker_manager.go:255.16,258.3 2 0
mud-platform-backend/internal/world/ticker_manager.go:261.2,261.29 1 1
mud-platform-backend/internal/world/ticker_manager.go:261.29,271.65 4 1
mud-platform-backend/internal/world/ticker_manager.go:271.65,273.4 1 0
mud-platform-backend/internal/world/ticker_manager.go:277.2,285.26 3 1
mud-platform-backend/internal/world/ticker_manager.go:285.26,296.80 3 1
mud-platform-backend/internal/world/ticker_manager.go:296.80,298.4 1 0
