mode: set
mud-platform-backend/internal/auth/jwt.go:34.79,35.30 1 1
mud-platform-backend/internal/auth/jwt.go:35.30,37.3 1 1
mud-platform-backend/internal/auth/jwt.go:38.2,41.8 1 1
mud-platform-backend/internal/auth/jwt.go:45.96,56.16 3 1
mud-platform-backend/internal/auth/jwt.go:56.16,58.3 1 0
mud-platform-backend/internal/auth/jwt.go:61.2,62.16 2 1
mud-platform-backend/internal/auth/jwt.go:62.16,64.3 1 0
mud-platform-backend/internal/auth/jwt.go:67.2,76.42 3 1
mud-platform-backend/internal/auth/jwt.go:80.76,82.83 1 1
mud-platform-backend/internal/auth/jwt.go:82.83,83.58 1 1
mud-platform-backend/internal/auth/jwt.go:83.58,85.4 1 0
mud-platform-backend/internal/auth/jwt.go:86.3,86.28 1 1
mud-platform-backend/internal/auth/jwt.go:89.2,89.16 1 1
mud-platform-backend/internal/auth/jwt.go:89.16,91.3 1 1
mud-platform-backend/internal/auth/jwt.go:93.2,93.18 1 1
mud-platform-backend/internal/auth/jwt.go:93.18,95.3 1 0
mud-platform-backend/internal/auth/jwt.go:97.2,98.9 2 1
mud-platform-backend/internal/auth/jwt.go:98.9,100.3 1 0
mud-platform-backend/internal/auth/jwt.go:103.2,104.9 2 1
mud-platform-backend/internal/auth/jwt.go:104.9,106.3 1 0
mud-platform-backend/internal/auth/jwt.go:108.2,109.16 2 1
mud-platform-backend/internal/auth/jwt.go:109.16,111.3 1 0
mud-platform-backend/internal/auth/jwt.go:113.2,114.16 2 1
mud-platform-backend/internal/auth/jwt.go:114.16,116.3 1 0
mud-platform-backend/internal/auth/jwt.go:118.2,122.70 2 1
mud-platform-backend/internal/auth/jwt.go:122.70,124.3 1 0
mud-platform-backend/internal/auth/jwt.go:127.2,139.20 2 1
mud-platform-backend/internal/auth/jwt.go:142.67,144.16 2 1
mud-platform-backend/internal/auth/jwt.go:144.16,146.3 1 0
mud-platform-backend/internal/auth/jwt.go:148.2,149.16 2 1
mud-platform-backend/internal/auth/jwt.go:149.16,151.3 1 0
mud-platform-backend/internal/auth/jwt.go:153.2,154.59 2 1
mud-platform-backend/internal/auth/jwt.go:154.59,156.3 1 0
mud-platform-backend/internal/auth/jwt.go:158.2,158.52 1 1
mud-platform-backend/internal/auth/jwt.go:161.68,163.16 2 1
mud-platform-backend/internal/auth/jwt.go:163.16,165.3 1 0
mud-platform-backend/internal/auth/jwt.go:167.2,168.16 2 1
mud-platform-backend/internal/auth/jwt.go:168.16,170.3 1 0
mud-platform-backend/internal/auth/jwt.go:172.2,172.39 1 1
mud-platform-backend/internal/auth/jwt.go:172.39,174.3 1 1
mud-platform-backend/internal/auth/jwt.go:176.2,177.46 2 1
mud-platform-backend/internal/auth/password.go:24.42,32.2 1 1
mud-platform-backend/internal/auth/password.go:35.73,37.43 2 1
mud-platform-backend/internal/auth/password.go:37.43,39.3 1 0
mud-platform-backend/internal/auth/password.go:41.2,50.25 5 1
mud-platform-backend/internal/auth/password.go:54.87,56.21 2 1
mud-platform-backend/internal/auth/password.go:56.21,58.3 1 1
mud-platform-backend/internal/auth/password.go:60.2,60.28 1 1
mud-platform-backend/internal/auth/password.go:60.28,62.3 1 1
mud-platform-backend/internal/auth/password.go:64.2,66.16 3 1
mud-platform-backend/internal/auth/password.go:66.16,68.3 1 0
mud-platform-backend/internal/auth/password.go:69.2,69.31 1 1
mud-platform-backend/internal/auth/password.go:69.31,71.3 1 1
mud-platform-backend/internal/auth/password.go:73.2,76.16 4 1
mud-platform-backend/internal/auth/password.go:76.16,78.3 1 1
mud-platform-backend/internal/auth/password.go:80.2,81.16 2 1
mud-platform-backend/internal/auth/password.go:81.16,83.3 1 1
mud-platform-backend/internal/auth/password.go:85.2,86.16 2 1
mud-platform-backend/internal/auth/password.go:86.16,88.3 1 1
mud-platform-backend/internal/auth/password.go:90.2,92.56 2 1
mud-platform-backend/internal/auth/password.go:92.56,94.3 1 1
mud-platform-backend/internal/auth/password.go:95.2,95.19 1 1
mud-platform-backend/internal/auth/ratelimit.go:16.56,20.2 1 1
mud-platform-backend/internal/auth/ratelimit.go:30.110,35.16 3 1
mud-platform-backend/internal/auth/ratelimit.go:35.16,37.3 1 0
mud-platform-backend/internal/auth/ratelimit.go:40.2,40.16 1 1
mud-platform-backend/internal/auth/ratelimit.go:40.16,41.75 1 1
mud-platform-backend/internal/auth/ratelimit.go:41.75,43.4 1 0
mud-platform-backend/internal/auth/ratelimit.go:47.2,47.26 1 1
mud-platform-backend/internal/auth/ratelimit.go:47.26,49.3 1 1
mud-platform-backend/internal/auth/ratelimit.go:51.2,51.18 1 1
mud-platform-backend/internal/auth/session.go:29.62,34.2 1 1
mud-platform-backend/internal/auth/session.go:37.105,50.16 5 1
mud-platform-backend/internal/auth/session.go:50.16,52.3 1 0
mud-platform-backend/internal/auth/session.go:54.2,55.68 2 1
mud-platform-backend/internal/auth/session.go:55.68,57.3 1 0
mud-platform-backend/internal/auth/session.go:59.2,59.21 1 1
mud-platform-backend/internal/auth/session.go:63.95,66.16 3 1
mud-platform-backend/internal/auth/session.go:66.16,67.23 1 1
mud-platform-backend/internal/auth/session.go:67.23,69.4 1 1
mud-platform-backend/internal/auth/session.go:70.3,70.18 1 0
mud-platform-backend/internal/auth/session.go:73.2,74.55 2 1
mud-platform-backend/internal/auth/session.go:74.55,76.3 1 0
mud-platform-backend/internal/auth/session.go:79.2,81.16 3 1
mud-platform-backend/internal/auth/session.go:81.16,83.3 1 0
mud-platform-backend/internal/auth/session.go:85.2,85.75 1 1
mud-platform-backend/internal/auth/session.go:85.75,87.3 1 0
mud-platform-backend/internal/auth/session.go:89.2,89.22 1 1
mud-platform-backend/internal/auth/session.go:93.90,96.2 2 1
mud-platform-backend/internal/health/checker.go:28.76,34.2 1 1
mud-platform-backend/internal/health/checker.go:37.71,42.18 3 1
mud-platform-backend/internal/health/checker.go:42.18,44.41 2 1
mud-platform-backend/internal/health/checker.go:44.41,47.4 2 1
mud-platform-backend/internal/health/checker.go:47.9,49.4 1 1
mud-platform-backend/internal/health/checker.go:50.3,50.11 1 1
mud-platform-backend/internal/health/checker.go:54.2,54.21 1 1
mud-platform-backend/internal/health/checker.go:54.21,56.44 2 1
mud-platform-backend/internal/health/checker.go:56.44,59.4 2 0
mud-platform-backend/internal/health/checker.go:59.9,61.4 1 1
mud-platform-backend/internal/health/checker.go:62.3,62.11 1 1
mud-platform-backend/internal/health/checker.go:66.2,66.20 1 1
mud-platform-backend/internal/health/checker.go:66.20,67.41 1 1
mud-platform-backend/internal/health/checker.go:67.41,70.4 2 0
mud-platform-backend/internal/health/checker.go:70.9,72.4 1 1
mud-platform-backend/internal/health/checker.go:75.2,75.15 1 1
mud-platform-backend/internal/health/checker.go:79.53,80.54 1 1
mud-platform-backend/internal/health/checker.go:80.54,87.31 4 1
mud-platform-backend/internal/health/checker.go:87.31,89.4 1 0
mud-platform-backend/internal/health/checker.go:91.3,92.36 2 1
mud-platform-backend/internal/logging/logger.go:22.19,25.2 2 1
mud-platform-backend/internal/logging/logger.go:28.49,29.71 1 1
mud-platform-backend/internal/logging/logger.go:29.71,31.26 2 1
mud-platform-backend/internal/logging/logger.go:31.26,33.4 1 1
mud-platform-backend/internal/logging/logger.go:36.3,57.28 7 1
mud-platform-backend/internal/logging/logger.go:62.55,63.61 1 1
mud-platform-backend/internal/logging/logger.go:63.61,65.3 1 1
mud-platform-backend/internal/logging/logger.go:66.2,66.20 1 0
mud-platform-backend/internal/logging/logger.go:70.51,71.56 1 1
mud-platform-backend/internal/logging/logger.go:71.56,73.3 1 1
mud-platform-backend/internal/logging/logger.go:74.2,74.11 1 0
mud-platform-backend/internal/metrics/prometheus.go:18.28,46.2 1 1
mud-platform-backend/internal/metrics/prometheus.go:49.55,58.2 1 1
mud-platform-backend/internal/repository/npc_memory_repository.go:27.70,31.2 1 0
mud-platform-backend/internal/repository/npc_memory_repository.go:34.85,36.16 2 0
mud-platform-backend/internal/repository/npc_memory_repository.go:36.16,38.3 1 0
mud-platform-backend/internal/repository/npc_memory_repository.go:39.2,39.12 1 0
mud-platform-backend/internal/repository/npc_memory_repository.go:43.72,54.16 3 0
mud-platform-backend/internal/repository/npc_memory_repository.go:54.16,56.3 1 0
mud-platform-backend/internal/repository/npc_memory_repository.go:57.2,57.12 1 0
mud-platform-backend/internal/repository/npc_memory_repository.go:61.107,64.16 3 0
mud-platform-backend/internal/repository/npc_memory_repository.go:64.16,66.3 1 0
mud-platform-backend/internal/repository/npc_memory_repository.go:67.2,70.51 3 0
mud-platform-backend/internal/repository/npc_memory_repository.go:70.51,72.3 1 0
mud-platform-backend/internal/repository/npc_memory_repository.go:73.2,73.22 1 0
mud-platform-backend/internal/repository/npc_memory_repository.go:77.86,82.16 4 0
mud-platform-backend/internal/repository/npc_memory_repository.go:82.16,84.3 1 0
mud-platform-backend/internal/repository/npc_memory_repository.go:85.2,85.12 1 0
mud-platform-backend/internal/repository/spatial_repository.go:35.80,37.2 1 1
mud-platform-backend/internal/repository/spatial_repository.go:39.123,46.2 3 1
mud-platform-backend/internal/repository/spatial_repository.go:48.122,56.2 3 1
mud-platform-backend/internal/repository/spatial_repository.go:58.105,68.16 5 1
mud-platform-backend/internal/repository/spatial_repository.go:68.16,70.3 1 0
mud-platform-backend/internal/repository/spatial_repository.go:71.2,71.16 1 1
mud-platform-backend/internal/repository/spatial_repository.go:74.138,83.16 3 1
mud-platform-backend/internal/repository/spatial_repository.go:83.16,85.3 1 0
mud-platform-backend/internal/repository/spatial_repository.go:86.2,89.18 3 1
mud-platform-backend/internal/repository/spatial_repository.go:89.18,91.85 2 1
mud-platform-backend/internal/repository/spatial_repository.go:91.85,93.4 1 0
mud-platform-backend/internal/repository/spatial_repository.go:94.3,94.33 1 1
mud-platform-backend/internal/repository/spatial_repository.go:96.2,96.22 1 1
mud-platform-backend/internal/repository/spatial_repository.go:99.147,108.16 3 1
mud-platform-backend/internal/repository/spatial_repository.go:108.16,110.3 1 0
mud-platform-backend/internal/repository/spatial_repository.go:111.2,114.18 3 1
mud-platform-backend/internal/repository/spatial_repository.go:114.18,116.85 2 1
mud-platform-backend/internal/repository/spatial_repository.go:116.85,118.4 1 0
mud-platform-backend/internal/repository/spatial_repository.go:119.3,119.33 1 1
mud-platform-backend/internal/repository/spatial_repository.go:121.2,121.22 1 1
mud-platform-backend/internal/repository/spatial_repository.go:124.125,134.2 4 1
mud-platform-backend/internal/repository/world_repository.go:52.76,54.2 1 1
mud-platform-backend/internal/repository/world_repository.go:56.88,63.28 3 1
mud-platform-backend/internal/repository/world_repository.go:63.28,67.3 3 1
mud-platform-backend/internal/repository/world_repository.go:68.2,68.28 1 1
mud-platform-backend/internal/repository/world_repository.go:68.28,72.3 3 1
mud-platform-backend/internal/repository/world_repository.go:74.2,80.12 2 1
mud-platform-backend/internal/repository/world_repository.go:83.100,99.16 5 1
mud-platform-backend/internal/repository/world_repository.go:99.16,101.3 1 1
mud-platform-backend/internal/repository/world_repository.go:104.2,104.23 1 1
mud-platform-backend/internal/repository/world_repository.go:104.23,106.3 1 1
mud-platform-backend/internal/repository/world_repository.go:107.2,107.23 1 1
mud-platform-backend/internal/repository/world_repository.go:107.23,109.3 1 1
mud-platform-backend/internal/repository/world_repository.go:111.2,111.20 1 1
mud-platform-backend/internal/repository/world_repository.go:114.84,122.16 3 1
mud-platform-backend/internal/repository/world_repository.go:122.16,124.3 1 0
mud-platform-backend/internal/repository/world_repository.go:125.2,128.18 3 1
mud-platform-backend/internal/repository/world_repository.go:128.18,138.17 4 1
mud-platform-backend/internal/repository/world_repository.go:138.17,140.4 1 0
mud-platform-backend/internal/repository/world_repository.go:142.3,142.24 1 1
mud-platform-backend/internal/repository/world_repository.go:142.24,144.4 1 1
mud-platform-backend/internal/repository/world_repository.go:145.3,145.24 1 1
mud-platform-backend/internal/repository/world_repository.go:145.24,147.4 1 1
mud-platform-backend/internal/repository/world_repository.go:149.3,149.33 1 1
mud-platform-backend/internal/repository/world_repository.go:152.2,152.20 1 1
mud-platform-backend/internal/repository/world_repository.go:155.88,166.28 3 1
mud-platform-backend/internal/repository/world_repository.go:166.28,170.3 3 0
mud-platform-backend/internal/repository/world_repository.go:171.2,171.28 1 1
mud-platform-backend/internal/repository/world_repository.go:171.28,175.3 3 0
mud-platform-backend/internal/repository/world_repository.go:177.2,183.12 2 1
mud-platform-backend/internal/repository/world_repository.go:186.93,190.2 3 1
mud-platform-backend/internal/spatial/collision.go:26.60,32.2 1 1
mud-platform-backend/internal/spatial/collision.go:34.122,35.30 1 1
mud-platform-backend/internal/spatial/collision.go:35.30,37.3 1 1
mud-platform-backend/internal/spatial/collision.go:38.2,38.30 1 1
mud-platform-backend/internal/spatial/collision.go:38.30,40.3 1 0
mud-platform-backend/internal/spatial/collision.go:41.2,41.30 1 1
mud-platform-backend/internal/spatial/collision.go:41.30,43.3 1 0
mud-platform-backend/internal/spatial/collision.go:44.2,44.18 1 1
mud-platform-backend/internal/spatial/movement.go:26.118,27.19 1 1
mud-platform-backend/internal/spatial/movement.go:27.19,29.3 1 0
mud-platform-backend/internal/spatial/movement.go:35.2,37.19 2 1
mud-platform-backend/internal/spatial/movement.go:38.13,39.33 1 1
mud-platform-backend/internal/spatial/movement.go:40.13,41.33 1 1
mud-platform-backend/internal/spatial/movement.go:42.12,43.33 1 1
mud-platform-backend/internal/spatial/movement.go:44.12,45.33 1 1
mud-platform-backend/internal/spatial/movement.go:46.17,47.44 1 1
mud-platform-backend/internal/spatial/movement.go:48.17,49.44 1 0
mud-platform-backend/internal/spatial/movement.go:50.17,51.44 1 0
mud-platform-backend/internal/spatial/movement.go:52.17,53.44 1 0
mud-platform-backend/internal/spatial/movement.go:54.10,55.33 1 1
mud-platform-backend/internal/spatial/movement.go:56.12,57.33 1 1
mud-platform-backend/internal/spatial/movement.go:58.10,59.50 1 1
mud-platform-backend/internal/memory/decay_engine.go:25.87,30.2 1 0
mud-platform-backend/internal/memory/decay_engine.go:38.64,39.65 1 0
mud-platform-backend/internal/memory/decay_engine.go:39.65,41.57 2 0
mud-platform-backend/internal/memory/decay_engine.go:41.57,44.4 2 0
mud-platform-backend/internal/memory/decay_engine.go:46.3,48.78 2 0
mud-platform-backend/internal/memory/decay_engine.go:48.78,50.4 1 0
mud-platform-backend/internal/memory/decay_engine.go:53.2,53.16 1 0
mud-platform-backend/internal/memory/decay_engine.go:53.16,55.3 1 0
mud-platform-backend/internal/memory/decay_engine.go:57.2,57.12 1 0
mud-platform-backend/internal/memory/decay_engine.go:60.108,62.16 2 0
mud-platform-backend/internal/memory/decay_engine.go:62.16,64.3 1 0
mud-platform-backend/internal/memory/decay_engine.go:66.2,66.31 1 0
mud-platform-backend/internal/memory/decay_engine.go:66.31,69.22 2 0
mud-platform-backend/internal/memory/decay_engine.go:69.22,70.12 1 0
mud-platform-backend/internal/memory/decay_engine.go:74.3,75.26 2 0
mud-platform-backend/internal/memory/decay_engine.go:75.26,77.4 1 0
mud-platform-backend/internal/memory/decay_engine.go:80.3,84.30 3 0
mud-platform-backend/internal/memory/decay_engine.go:84.30,86.4 1 0
mud-platform-backend/internal/memory/decay_engine.go:88.3,90.71 2 0
mud-platform-backend/internal/memory/decay_engine.go:90.71,97.4 4 0
mud-platform-backend/internal/memory/decay_engine.go:97.9,97.29 1 0
mud-platform-backend/internal/memory/decay_engine.go:97.29,100.4 1 0
mud-platform-backend/internal/memory/decay_engine.go:102.3,102.14 1 0
mud-platform-backend/internal/memory/decay_engine.go:102.14,104.56 1 0
mud-platform-backend/internal/memory/decay_engine.go:104.56,106.5 1 0
mud-platform-backend/internal/memory/decay_engine.go:110.2,110.12 1 0
mud-platform-backend/internal/service/spatial_service.go:16.75,20.2 1 0
mud-platform-backend/internal/service/spatial_service.go:22.105,23.76 1 0
mud-platform-backend/internal/service/spatial_service.go:23.76,25.3 1 0
mud-platform-backend/internal/service/spatial_service.go:26.2,26.12 1 0
mud-platform-backend/cmd/ai-gateway/main.go:15.13,20.19 3 0
mud-platform-backend/cmd/ai-gateway/main.go:20.19,22.3 1 0
mud-platform-backend/cmd/ai-gateway/main.go:24.2,26.16 3 0
mud-platform-backend/cmd/ai-gateway/main.go:26.16,28.3 1 0
mud-platform-backend/cmd/ai-gateway/main.go:29.2,37.50 4 0
mud-platform-backend/cmd/ai-gateway/main.go:37.50,39.3 1 0
mud-platform-backend/cmd/ai-gateway/main.go:41.2,48.52 5 0
mud-platform-backend/internal/ai/desire_engine.go:20.89,25.2 1 0
mud-platform-backend/internal/ai/desire_engine.go:46.51,49.16 2 0
mud-platform-backend/internal/ai/desire_engine.go:49.16,51.3 1 0
mud-platform-backend/internal/ai/desire_engine.go:54.2,55.16 2 0
mud-platform-backend/internal/ai/desire_engine.go:55.16,57.3 1 0
mud-platform-backend/internal/ai/desire_engine.go:59.2,59.12 1 0
mud-platform-backend/internal/ai/desire_engine.go:62.58,64.55 2 0
mud-platform-backend/internal/ai/desire_engine.go:64.55,67.3 2 0
mud-platform-backend/internal/ai/desire_engine.go:70.2,74.16 4 0
mud-platform-backend/internal/ai/desire_engine.go:74.16,77.3 2 0
mud-platform-backend/internal/ai/desire_engine.go:80.2,81.31 2 0
mud-platform-backend/internal/ai/desire_engine.go:81.31,82.61 1 0
mud-platform-backend/internal/ai/desire_engine.go:82.61,84.4 1 0
mud-platform-backend/internal/ai/desire_engine.go:88.2,106.66 4 0
mud-platform-backend/internal/ai/desire_engine.go:106.66,108.3 1 0
mud-platform-backend/internal/ai/desire_engine.go:111.56,113.56 2 0
mud-platform-backend/internal/ai/desire_engine.go:113.56,116.3 2 0
mud-platform-backend/internal/ai/desire_engine.go:118.2,129.86 2 0
mud-platform-backend/internal/ai/desire_engine.go:129.86,131.3 1 0
mud-platform-backend/internal/nats/event_listener.go:21.82,26.2 1 0
mud-platform-backend/internal/nats/event_listener.go:39.47,40.71 1 0
mud-platform-backend/internal/nats/event_listener.go:40.71,42.56 2 0
mud-platform-backend/internal/nats/event_listener.go:42.56,45.4 2 0
mud-platform-backend/internal/nats/event_listener.go:47.3,48.17 2 0
mud-platform-backend/internal/nats/event_listener.go:48.17,51.4 2 0
mud-platform-backend/internal/nats/event_listener.go:53.3,56.116 3 0
mud-platform-backend/internal/nats/event_listener.go:56.116,59.4 2 0
mud-platform-backend/internal/nats/event_listener.go:61.3,66.23 1 0
mud-platform-backend/internal/nats/event_listener.go:69.2,69.16 1 0
mud-platform-backend/internal/nats/event_listener.go:69.16,71.3 1 0
mud-platform-backend/internal/nats/event_listener.go:73.2,73.12 1 0
mud-platform-backend/internal/ai/gateway/listener.go:16.41,17.61 1 1
mud-platform-backend/internal/ai/gateway/listener.go:17.61,19.56 2 1
mud-platform-backend/internal/ai/gateway/listener.go:19.56,22.4 2 1
mud-platform-backend/internal/ai/gateway/listener.go:25.3,25.22 1 1
mud-platform-backend/internal/ai/gateway/listener.go:25.22,27.4 1 0
mud-platform-backend/internal/ai/gateway/listener.go:27.9,27.26 1 1
mud-platform-backend/internal/ai/gateway/listener.go:27.26,29.4 1 1
mud-platform-backend/internal/ai/gateway/listener.go:29.9,32.24 2 0
mud-platform-backend/internal/ai/gateway/listener.go:32.24,35.5 2 0
mud-platform-backend/internal/ai/gateway/listener.go:39.3,39.10 1 1
mud-platform-backend/internal/ai/gateway/listener.go:40.28,41.58 1 1
mud-platform-backend/internal/ai/gateway/listener.go:42.11,43.76 1 1
mud-platform-backend/internal/ai/gateway/listener.go:47.2,47.16 1 1
mud-platform-backend/internal/ai/gateway/listener.go:47.16,49.3 1 0
mud-platform-backend/internal/ai/gateway/listener.go:51.2,52.12 2 1
mud-platform-backend/internal/ai/gateway/ollama_client.go:21.38,23.15 2 1
mud-platform-backend/internal/ai/gateway/ollama_client.go:23.15,25.3 1 0
mud-platform-backend/internal/ai/gateway/ollama_client.go:27.2,29.22 3 1
mud-platform-backend/internal/ai/gateway/ollama_client.go:29.22,30.59 1 0
mud-platform-backend/internal/ai/gateway/ollama_client.go:30.59,32.4 1 0
mud-platform-backend/internal/ai/gateway/ollama_client.go:32.9,34.4 1 0
mud-platform-backend/internal/ai/gateway/ollama_client.go:37.2,42.3 1 1
mud-platform-backend/internal/ai/gateway/ollama_client.go:56.78,57.17 1 1
mud-platform-backend/internal/ai/gateway/ollama_client.go:57.17,59.3 1 0
mud-platform-backend/internal/ai/gateway/ollama_client.go:61.2,68.16 3 1
mud-platform-backend/internal/ai/gateway/ollama_client.go:68.16,70.3 1 0
mud-platform-backend/internal/ai/gateway/ollama_client.go:72.2,75.16 3 1
mud-platform-backend/internal/ai/gateway/ollama_client.go:75.16,77.3 1 1
mud-platform-backend/internal/ai/gateway/ollama_client.go:78.2,80.38 2 1
mud-platform-backend/internal/ai/gateway/ollama_client.go:80.38,83.3 2 1
mud-platform-backend/internal/ai/gateway/ollama_client.go:85.2,88.6 3 1
mud-platform-backend/internal/ai/gateway/ollama_client.go:88.6,90.48 2 1
mud-platform-backend/internal/ai/gateway/ollama_client.go:90.48,91.21 1 1
mud-platform-backend/internal/ai/gateway/ollama_client.go:91.21,92.10 1 0
mud-platform-backend/internal/ai/gateway/ollama_client.go:94.4,94.60 1 1
mud-platform-backend/internal/ai/gateway/ollama_client.go:97.3,99.17 2 1
mud-platform-backend/internal/ai/gateway/ollama_client.go:99.17,100.9 1 1
mud-platform-backend/internal/ai/gateway/ollama_client.go:104.2,104.35 1 1
mud-platform-backend/internal/ai/gateway/worker.go:22.49,23.12 1 0
mud-platform-backend/internal/ai/gateway/worker.go:23.12,25.33 2 0
mud-platform-backend/internal/ai/gateway/worker.go:25.33,27.4 1 0
mud-platform-backend/internal/ai/gateway/worker.go:31.67,43.16 6 1
mud-platform-backend/internal/ai/gateway/worker.go:43.16,46.3 2 1
mud-platform-backend/internal/ai/gateway/worker.go:46.8,48.3 1 1
mud-platform-backend/internal/ai/gateway/worker.go:50.2,51.16 2 1
mud-platform-backend/internal/ai/gateway/worker.go:51.16,54.3 2 0
mud-platform-backend/internal/ai/gateway/worker.go:56.2,56.31 1 1
mud-platform-backend/internal/ai/gateway/worker.go:56.31,57.67 1 1
mud-platform-backend/internal/ai/gateway/worker.go:57.67,59.4 1 0
mud-platform-backend/internal/ai/gateway/worker.go:60.8,62.3 1 1
mud-platform-backend/internal/eventstore/projections.go:19.48,23.2 1 1
mud-platform-backend/internal/eventstore/projections.go:25.63,27.2 1 1
mud-platform-backend/internal/eventstore/projections.go:29.83,34.38 1 1
mud-platform-backend/internal/eventstore/projections.go:34.38,35.51 1 1
mud-platform-backend/internal/eventstore/projections.go:35.51,37.4 1 0
mud-platform-backend/internal/eventstore/projections.go:39.2,39.12 1 1
mud-platform-backend/internal/eventstore/replay.go:21.70,23.2 1 1
mud-platform-backend/internal/eventstore/replay.go:25.133,38.16 2 1
mud-platform-backend/internal/eventstore/replay.go:38.16,40.3 1 0
mud-platform-backend/internal/eventstore/replay.go:43.2,44.27 2 1
mud-platform-backend/internal/eventstore/replay.go:44.27,45.29 1 1
mud-platform-backend/internal/eventstore/replay.go:45.29,47.4 1 1
mud-platform-backend/internal/eventstore/replay.go:47.9,49.9 1 1
mud-platform-backend/internal/eventstore/replay.go:52.2,52.22 1 1
mud-platform-backend/internal/eventstore/replay.go:55.129,58.16 2 1
mud-platform-backend/internal/eventstore/replay.go:58.16,60.3 1 0
mud-platform-backend/internal/eventstore/replay.go:62.2,63.27 2 1
mud-platform-backend/internal/eventstore/replay.go:63.27,64.36 1 1
mud-platform-backend/internal/eventstore/replay.go:64.36,66.4 1 1
mud-platform-backend/internal/eventstore/replay.go:66.10,71.4 0 1
mud-platform-backend/internal/eventstore/replay.go:73.2,73.22 1 1
mud-platform-backend/internal/eventstore/store.go:24.68,26.2 1 1
mud-platform-backend/internal/eventstore/store.go:28.82,44.2 3 1
mud-platform-backend/internal/eventstore/store.go:46.128,54.16 3 1
mud-platform-backend/internal/eventstore/store.go:54.16,56.3 1 0
mud-platform-backend/internal/eventstore/store.go:57.2,60.18 3 1
mud-platform-backend/internal/eventstore/store.go:60.18,72.17 3 1
mud-platform-backend/internal/eventstore/store.go:72.17,74.4 1 0
mud-platform-backend/internal/eventstore/store.go:75.3,75.29 1 1
mud-platform-backend/internal/eventstore/store.go:77.2,77.27 1 1
mud-platform-backend/internal/eventstore/store.go:80.143,88.16 3 1
mud-platform-backend/internal/eventstore/store.go:88.16,90.3 1 0
mud-platform-backend/internal/eventstore/store.go:91.2,94.18 3 1
mud-platform-backend/internal/eventstore/store.go:94.18,106.17 3 1
mud-platform-backend/internal/eventstore/store.go:106.17,108.4 1 0
mud-platform-backend/internal/eventstore/store.go:109.3,109.29 1 1
mud-platform-backend/internal/eventstore/store.go:111.2,111.27 1 1
mud-platform-backend/internal/eventstore/store.go:114.117,123.16 3 1
mud-platform-backend/internal/eventstore/store.go:123.16,125.3 1 0
mud-platform-backend/internal/eventstore/store.go:126.2,129.18 3 1
mud-platform-backend/internal/eventstore/store.go:129.18,141.17 3 1
mud-platform-backend/internal/eventstore/store.go:141.17,143.4 1 0
mud-platform-backend/internal/eventstore/store.go:144.3,144.29 1 1
mud-platform-backend/internal/eventstore/store.go:146.2,146.27 1 1
mud-platform-backend/internal/eventstore/versioning.go:17.48,21.2 1 1
mud-platform-backend/internal/eventstore/versioning.go:23.59,25.2 1 1
mud-platform-backend/internal/eventstore/versioning.go:27.70,39.6 2 1
mud-platform-backend/internal/eventstore/versioning.go:39.6,41.10 2 1
mud-platform-backend/internal/eventstore/versioning.go:41.10,42.9 1 1
mud-platform-backend/internal/eventstore/versioning.go:45.3,46.17 2 1
mud-platform-backend/internal/eventstore/versioning.go:46.17,48.4 1 0
mud-platform-backend/internal/eventstore/versioning.go:49.3,49.26 1 1
mud-platform-backend/internal/eventstore/versioning.go:52.2,52.26 1 1
