mode: set
mud-platform-backend/internal/eventstore/projections.go:19.48,23.2 1 1
mud-platform-backend/internal/eventstore/projections.go:25.63,27.2 1 1
mud-platform-backend/internal/eventstore/projections.go:29.83,34.38 1 1
mud-platform-backend/internal/eventstore/projections.go:34.38,35.51 1 1
mud-platform-backend/internal/eventstore/projections.go:35.51,37.4 1 0
mud-platform-backend/internal/eventstore/projections.go:39.2,39.12 1 1
mud-platform-backend/internal/eventstore/replay.go:21.70,23.2 1 1
mud-platform-backend/internal/eventstore/replay.go:25.133,38.16 2 1
mud-platform-backend/internal/eventstore/replay.go:38.16,40.3 1 0
mud-platform-backend/internal/eventstore/replay.go:43.2,44.27 2 1
mud-platform-backend/internal/eventstore/replay.go:44.27,45.29 1 1
mud-platform-backend/internal/eventstore/replay.go:45.29,47.4 1 1
mud-platform-backend/internal/eventstore/replay.go:47.9,49.9 1 1
mud-platform-backend/internal/eventstore/replay.go:52.2,52.22 1 1
mud-platform-backend/internal/eventstore/replay.go:55.129,58.16 2 1
mud-platform-backend/internal/eventstore/replay.go:58.16,60.3 1 0
mud-platform-backend/internal/eventstore/replay.go:62.2,63.27 2 1
mud-platform-backend/internal/eventstore/replay.go:63.27,64.36 1 1
mud-platform-backend/internal/eventstore/replay.go:64.36,66.4 1 1
mud-platform-backend/internal/eventstore/replay.go:66.10,71.4 0 1
mud-platform-backend/internal/eventstore/replay.go:73.2,73.22 1 1
mud-platform-backend/internal/eventstore/store.go:24.68,26.2 1 1
mud-platform-backend/internal/eventstore/store.go:28.82,44.2 3 1
mud-platform-backend/internal/eventstore/store.go:46.128,54.16 3 1
mud-platform-backend/internal/eventstore/store.go:54.16,56.3 1 0
mud-platform-backend/internal/eventstore/store.go:57.2,60.18 3 1
mud-platform-backend/internal/eventstore/store.go:60.18,72.17 3 1
mud-platform-backend/internal/eventstore/store.go:72.17,74.4 1 0
mud-platform-backend/internal/eventstore/store.go:75.3,75.29 1 1
mud-platform-backend/internal/eventstore/store.go:77.2,77.27 1 1
mud-platform-backend/internal/eventstore/store.go:80.143,88.16 3 1
mud-platform-backend/internal/eventstore/store.go:88.16,90.3 1 0
mud-platform-backend/internal/eventstore/store.go:91.2,94.18 3 1
mud-platform-backend/internal/eventstore/store.go:94.18,106.17 3 1
mud-platform-backend/internal/eventstore/store.go:106.17,108.4 1 0
mud-platform-backend/internal/eventstore/store.go:109.3,109.29 1 1
mud-platform-backend/internal/eventstore/store.go:111.2,111.27 1 1
mud-platform-backend/internal/eventstore/store.go:114.117,123.16 3 1
mud-platform-backend/internal/eventstore/store.go:123.16,125.3 1 0
mud-platform-backend/internal/eventstore/store.go:126.2,129.18 3 1
mud-platform-backend/internal/eventstore/store.go:129.18,141.17 3 1
mud-platform-backend/internal/eventstore/store.go:141.17,143.4 1 0
mud-platform-backend/internal/eventstore/store.go:144.3,144.29 1 1
mud-platform-backend/internal/eventstore/store.go:146.2,146.27 1 1
mud-platform-backend/internal/eventstore/versioning.go:17.48,21.2 1 1
mud-platform-backend/internal/eventstore/versioning.go:23.59,25.2 1 1
mud-platform-backend/internal/eventstore/versioning.go:27.70,39.6 2 1
mud-platform-backend/internal/eventstore/versioning.go:39.6,41.10 2 1
mud-platform-backend/internal/eventstore/versioning.go:41.10,42.9 1 1
mud-platform-backend/internal/eventstore/versioning.go:45.3,46.17 2 1
mud-platform-backend/internal/eventstore/versioning.go:46.17,48.4 1 0
mud-platform-backend/internal/eventstore/versioning.go:49.3,49.26 1 1
mud-platform-backend/internal/eventstore/versioning.go:52.2,52.26 1 1
