mode: set
mud-platform-backend/internal/npc/desire/achievement.go:12.127,33.23 4 1
mud-platform-backend/internal/npc/desire/achievement.go:33.23,35.3 1 0
mud-platform-backend/internal/npc/desire/achievement.go:36.2,45.23 4 1
mud-platform-backend/internal/npc/desire/achievement.go:45.23,47.3 1 0
mud-platform-backend/internal/npc/desire/achievement.go:48.2,53.33 2 1
mud-platform-backend/internal/npc/desire/achievement.go:53.33,58.3 2 1
mud-platform-backend/internal/npc/desire/achievement.go:59.2,59.47 1 1
mud-platform-backend/internal/npc/desire/fulfillment.go:8.56,14.19 2 1
mud-platform-backend/internal/npc/desire/fulfillment.go:16.18,17.23 1 1
mud-platform-backend/internal/npc/desire/fulfillment.go:17.23,20.4 2 1
mud-platform-backend/internal/npc/desire/fulfillment.go:20.9,23.4 2 1
mud-platform-backend/internal/npc/desire/fulfillment.go:24.18,25.23 1 1
mud-platform-backend/internal/npc/desire/fulfillment.go:25.23,28.4 2 1
mud-platform-backend/internal/npc/desire/fulfillment.go:28.9,31.4 2 1
mud-platform-backend/internal/npc/desire/fulfillment.go:32.17,33.23 1 1
mud-platform-backend/internal/npc/desire/fulfillment.go:33.23,36.4 2 1
mud-platform-backend/internal/npc/desire/fulfillment.go:36.9,39.4 2 1
mud-platform-backend/internal/npc/desire/fulfillment.go:40.18,41.23 1 1
mud-platform-backend/internal/npc/desire/fulfillment.go:41.23,44.4 2 1
mud-platform-backend/internal/npc/desire/fulfillment.go:44.9,47.4 2 1
mud-platform-backend/internal/npc/desire/fulfillment.go:50.25,52.31 2 1
mud-platform-backend/internal/npc/desire/fulfillment.go:53.24,55.23 2 1
mud-platform-backend/internal/npc/desire/fulfillment.go:56.21,58.28 2 1
mud-platform-backend/internal/npc/desire/fulfillment.go:61.26,63.23 2 1
mud-platform-backend/internal/npc/desire/fulfillment.go:64.28,66.27 2 1
mud-platform-backend/internal/npc/desire/fulfillment.go:67.31,69.25 2 1
mud-platform-backend/internal/npc/desire/fulfillment.go:72.21,74.26 2 1
mud-platform-backend/internal/npc/desire/fulfillment.go:75.20,77.27 2 1
mud-platform-backend/internal/npc/desire/fulfillment.go:78.22,80.25 2 1
mud-platform-backend/internal/npc/desire/fulfillment.go:83.2,83.15 1 1
mud-platform-backend/internal/npc/desire/pleasure.go:11.121,15.24 1 1
mud-platform-backend/internal/npc/desire/pleasure.go:15.24,18.3 2 0
mud-platform-backend/internal/npc/desire/pleasure.go:23.2,28.27 2 1
mud-platform-backend/internal/npc/desire/pleasure.go:28.27,34.3 3 0
mud-platform-backend/internal/npc/desire/pleasure.go:35.2,40.20 2 1
mud-platform-backend/internal/npc/desire/pleasure.go:40.20,42.3 1 0
mud-platform-backend/internal/npc/desire/pleasure.go:42.8,45.3 2 1
mud-platform-backend/internal/npc/desire/pleasure.go:46.2,46.38 1 1
mud-platform-backend/internal/npc/desire/priority.go:14.87,17.37 2 1
mud-platform-backend/internal/npc/desire/priority.go:17.37,20.3 2 1
mud-platform-backend/internal/npc/desire/priority.go:23.2,23.45 1 1
mud-platform-backend/internal/npc/desire/priority.go:23.45,25.3 1 1
mud-platform-backend/internal/npc/desire/priority.go:27.2,27.19 1 1
mud-platform-backend/internal/npc/desire/priority.go:31.75,37.19 3 1
mud-platform-backend/internal/npc/desire/priority.go:38.20,39.17 1 1
mud-platform-backend/internal/npc/desire/priority.go:40.18,41.17 1 1
mud-platform-backend/internal/npc/desire/priority.go:42.23,43.17 1 1
mud-platform-backend/internal/npc/desire/priority.go:44.20,45.17 1 1
mud-platform-backend/internal/npc/desire/priority.go:50.2,51.19 2 1
mud-platform-backend/internal/npc/desire/priority.go:52.53,58.40 1 1
mud-platform-backend/internal/npc/desire/priority.go:59.58,61.41 1 1
mud-platform-backend/internal/npc/desire/priority.go:62.73,64.46 1 1
mud-platform-backend/internal/npc/desire/priority.go:65.37,67.37 1 1
mud-platform-backend/internal/npc/desire/priority.go:68.20,71.41 1 1
mud-platform-backend/internal/npc/desire/priority.go:74.2,74.40 1 1
mud-platform-backend/internal/npc/desire/priority.go:78.90,79.24 1 1
mud-platform-backend/internal/npc/desire/priority.go:79.24,81.3 1 1
mud-platform-backend/internal/npc/desire/priority.go:83.2,83.46 1 1
mud-platform-backend/internal/npc/desire/social.go:24.117,27.15 1 1
mud-platform-backend/internal/npc/desire/social.go:27.15,42.3 3 1
mud-platform-backend/internal/npc/desire/social.go:42.8,42.28 1 1
mud-platform-backend/internal/npc/desire/social.go:42.28,44.3 1 1
mud-platform-backend/internal/npc/desire/social.go:45.2,49.18 2 1
mud-platform-backend/internal/npc/desire/social.go:49.18,61.3 3 1
mud-platform-backend/internal/npc/desire/social.go:61.8,67.3 1 1
mud-platform-backend/internal/npc/desire/social.go:68.2,73.28 3 1
mud-platform-backend/internal/npc/desire/social.go:73.28,75.3 1 0
mud-platform-backend/internal/npc/desire/social.go:76.2,76.37 1 1
mud-platform-backend/internal/npc/desire/social.go:80.72,84.50 2 1
mud-platform-backend/internal/npc/desire/social.go:84.50,87.3 1 1
mud-platform-backend/internal/npc/desire/social.go:89.2,89.13 1 1
mud-platform-backend/internal/npc/desire/survival.go:19.87,22.19 1 1
mud-platform-backend/internal/npc/desire/survival.go:22.19,24.3 1 1
mud-platform-backend/internal/npc/desire/survival.go:25.2,29.21 2 1
mud-platform-backend/internal/npc/desire/survival.go:29.21,31.3 1 1
mud-platform-backend/internal/npc/desire/survival.go:32.2,37.20 2 1
mud-platform-backend/internal/npc/desire/survival.go:37.20,39.3 1 1
mud-platform-backend/internal/npc/desire/survival.go:39.8,41.3 1 1
mud-platform-backend/internal/npc/desire/survival.go:42.2,47.18 3 1
mud-platform-backend/internal/npc/desire/survival.go:47.18,49.3 1 0
mud-platform-backend/internal/npc/desire/survival.go:49.8,51.3 1 1
mud-platform-backend/internal/npc/desire/survival.go:52.2,53.34 2 1
mud-platform-backend/internal/npc/desire/survival.go:57.74,61.43 2 1
mud-platform-backend/internal/npc/desire/survival.go:61.43,81.3 10 1
mud-platform-backend/internal/npc/desire/survival.go:84.2,84.43 1 1
mud-platform-backend/internal/npc/desire/survival.go:84.43,96.3 10 0
mud-platform-backend/internal/npc/desire/survival.go:99.2,99.42 1 1
mud-platform-backend/internal/npc/desire/survival.go:99.42,111.3 10 1
mud-platform-backend/internal/npc/desire/survival.go:111.8,111.49 1 1
mud-platform-backend/internal/npc/desire/survival.go:111.49,115.3 2 0
mud-platform-backend/internal/npc/desire/survival.go:117.2,117.13 1 1
mud-platform-backend/internal/npc/desire/survival.go:120.21,121.19 1 1
mud-platform-backend/internal/npc/desire/survival.go:121.19,123.3 1 0
mud-platform-backend/internal/npc/desire/survival.go:124.2,124.17 1 1
mud-platform-backend/internal/npc/desire/survival.go:124.17,126.3 1 1
mud-platform-backend/internal/npc/desire/types.go:54.55,83.2 15 1
