mode: set
mud-platform-backend/internal/npc/memory/corruption.go:9.38,10.22 1 1
mud-platform-backend/internal/npc/memory/corruption.go:10.22,12.3 1 1
mud-platform-backend/internal/npc/memory/corruption.go:14.2,15.17 2 1
mud-platform-backend/internal/npc/memory/corruption.go:15.17,17.3 1 1
mud-platform-backend/internal/npc/memory/corruption.go:19.2,19.29 1 1
mud-platform-backend/internal/npc/memory/corruption.go:19.29,21.3 1 0
mud-platform-backend/internal/npc/memory/corruption.go:25.36,27.35 1 1
mud-platform-backend/internal/npc/memory/corruption.go:27.35,29.3 1 1
mud-platform-backend/internal/npc/memory/corruption.go:31.2,34.36 2 1
mud-platform-backend/internal/npc/memory/corruption.go:35.26,37.27 1 1
mud-platform-backend/internal/npc/memory/corruption.go:37.27,41.4 2 1
mud-platform-backend/internal/npc/memory/corruption.go:41.9,44.4 1 1
mud-platform-backend/internal/npc/memory/corruption.go:45.3,45.21 1 1
mud-platform-backend/internal/npc/memory/corruption.go:47.27,49.27 1 1
mud-platform-backend/internal/npc/memory/corruption.go:49.27,51.4 1 1
mud-platform-backend/internal/npc/memory/corruption.go:51.9,54.34 2 0
mud-platform-backend/internal/npc/memory/corruption.go:54.34,56.5 1 0
mud-platform-backend/internal/npc/memory/corruption.go:57.4,57.34 1 0
mud-platform-backend/internal/npc/memory/corruption.go:57.34,59.5 1 0
mud-platform-backend/internal/npc/memory/corruption.go:61.3,61.21 1 1
mud-platform-backend/internal/npc/memory/corruption.go:63.20,65.21 2 1
mud-platform-backend/internal/npc/memory/corruption.go:67.27,70.21 2 1
mud-platform-backend/internal/npc/memory/decay.go:13.68,15.19 2 1
mud-platform-backend/internal/npc/memory/decay.go:15.19,17.3 1 0
mud-platform-backend/internal/npc/memory/decay.go:22.2,26.26 3 1
mud-platform-backend/internal/npc/memory/decay.go:26.26,28.3 1 1
mud-platform-backend/internal/npc/memory/decay.go:31.2,35.33 3 1
mud-platform-backend/internal/npc/memory/decay.go:35.33,37.3 1 1
mud-platform-backend/internal/npc/memory/decay.go:39.2,39.23 1 1
mud-platform-backend/internal/npc/memory/emotional_scoring.go:5.54,19.21 2 1
mud-platform-backend/internal/npc/memory/emotional_scoring.go:20.23,21.23 1 1
mud-platform-backend/internal/npc/memory/emotional_scoring.go:22.30,23.23 1 1
mud-platform-backend/internal/npc/memory/emotional_scoring.go:24.30,25.23 1 1
mud-platform-backend/internal/npc/memory/emotional_scoring.go:26.29,27.23 1 1
mud-platform-backend/internal/npc/memory/emotional_scoring.go:35.2,37.22 2 1
mud-platform-backend/internal/npc/memory/emotional_scoring.go:37.22,42.3 1 1
mud-platform-backend/internal/npc/memory/emotional_scoring.go:44.2,44.19 1 1
mud-platform-backend/internal/npc/memory/jobs.go:15.49,20.2 1 1
mud-platform-backend/internal/npc/memory/jobs.go:23.45,24.45 1 0
mud-platform-backend/internal/npc/memory/jobs.go:24.45,26.3 1 0
mud-platform-backend/internal/npc/memory/jobs.go:27.2,27.16 1 0
mud-platform-backend/internal/npc/memory/jobs.go:27.16,29.3 1 0
mud-platform-backend/internal/npc/memory/jobs.go:30.2,31.12 2 0
mud-platform-backend/internal/npc/memory/jobs.go:35.30,37.2 1 0
mud-platform-backend/internal/npc/memory/jobs.go:51.43,77.2 0 0
mud-platform-backend/internal/npc/memory/jobs.go:80.58,82.31 2 1
mud-platform-backend/internal/npc/memory/jobs.go:82.31,97.47 2 1
mud-platform-backend/internal/npc/memory/jobs.go:97.47,101.4 2 1
mud-platform-backend/internal/npc/memory/jobs.go:101.9,103.4 1 1
mud-platform-backend/internal/npc/memory/jobs.go:106.3,106.28 1 1
mud-platform-backend/internal/npc/memory/mongo_repository.go:24.62,28.2 1 1
mud-platform-backend/internal/npc/memory/mongo_repository.go:31.74,32.27 1 1
mud-platform-backend/internal/npc/memory/mongo_repository.go:32.27,34.3 1 1
mud-platform-backend/internal/npc/memory/mongo_repository.go:36.2,37.16 2 1
mud-platform-backend/internal/npc/memory/mongo_repository.go:37.16,39.3 1 0
mud-platform-backend/internal/npc/memory/mongo_repository.go:41.2,41.23 1 1
mud-platform-backend/internal/npc/memory/mongo_repository.go:45.67,48.16 3 1
mud-platform-backend/internal/npc/memory/mongo_repository.go:48.16,49.34 1 1
mud-platform-backend/internal/npc/memory/mongo_repository.go:49.34,51.4 1 1
mud-platform-backend/internal/npc/memory/mongo_repository.go:52.3,52.23 1 0
mud-platform-backend/internal/npc/memory/mongo_repository.go:55.2,55.26 1 1
mud-platform-backend/internal/npc/memory/mongo_repository.go:59.98,61.15 2 1
mud-platform-backend/internal/npc/memory/mongo_repository.go:61.15,63.3 1 1
mud-platform-backend/internal/npc/memory/mongo_repository.go:64.2,64.16 1 1
mud-platform-backend/internal/npc/memory/mongo_repository.go:64.16,66.3 1 0
mud-platform-backend/internal/npc/memory/mongo_repository.go:68.2,69.16 2 1
mud-platform-backend/internal/npc/memory/mongo_repository.go:69.16,71.3 1 0
mud-platform-backend/internal/npc/memory/mongo_repository.go:72.2,74.31 2 1
mud-platform-backend/internal/npc/memory/mongo_repository.go:78.110,80.15 2 1
mud-platform-backend/internal/npc/memory/mongo_repository.go:80.15,82.3 1 1
mud-platform-backend/internal/npc/memory/mongo_repository.go:84.2,85.16 2 1
mud-platform-backend/internal/npc/memory/mongo_repository.go:85.16,87.3 1 0
mud-platform-backend/internal/npc/memory/mongo_repository.go:88.2,90.31 2 1
mud-platform-backend/internal/npc/memory/mongo_repository.go:94.115,104.16 3 0
mud-platform-backend/internal/npc/memory/mongo_repository.go:104.16,106.3 1 0
mud-platform-backend/internal/npc/memory/mongo_repository.go:107.2,109.31 2 0
mud-platform-backend/internal/npc/memory/mongo_repository.go:113.102,126.16 3 1
mud-platform-backend/internal/npc/memory/mongo_repository.go:126.16,128.3 1 0
mud-platform-backend/internal/npc/memory/mongo_repository.go:129.2,131.31 2 1
mud-platform-backend/internal/npc/memory/mongo_repository.go:135.122,137.15 2 1
mud-platform-backend/internal/npc/memory/mongo_repository.go:137.15,139.3 1 1
mud-platform-backend/internal/npc/memory/mongo_repository.go:141.2,147.16 3 1
mud-platform-backend/internal/npc/memory/mongo_repository.go:147.16,149.3 1 0
mud-platform-backend/internal/npc/memory/mongo_repository.go:150.2,152.31 2 1
mud-platform-backend/internal/npc/memory/mongo_repository.go:156.110,158.14 2 1
mud-platform-backend/internal/npc/memory/mongo_repository.go:158.14,160.3 1 1
mud-platform-backend/internal/npc/memory/mongo_repository.go:160.8,162.3 1 1
mud-platform-backend/internal/npc/memory/mongo_repository.go:164.2,170.16 3 1
mud-platform-backend/internal/npc/memory/mongo_repository.go:170.16,172.3 1 0
mud-platform-backend/internal/npc/memory/mongo_repository.go:173.2,175.31 2 1
mud-platform-backend/internal/npc/memory/mongo_repository.go:179.77,181.16 2 0
mud-platform-backend/internal/npc/memory/mongo_repository.go:181.16,183.3 1 0
mud-platform-backend/internal/npc/memory/mongo_repository.go:184.2,185.31 2 0
mud-platform-backend/internal/npc/memory/mongo_repository.go:189.61,192.2 2 1
mud-platform-backend/internal/npc/memory/mongo_repository.go:195.60,198.2 2 1
mud-platform-backend/internal/npc/memory/mongo_repository.go:202.61,204.40 2 1
mud-platform-backend/internal/npc/memory/mongo_repository.go:204.40,206.45 2 1
mud-platform-backend/internal/npc/memory/mongo_repository.go:206.45,208.4 1 0
mud-platform-backend/internal/npc/memory/mongo_repository.go:209.3,210.17 2 1
mud-platform-backend/internal/npc/memory/mongo_repository.go:210.17,212.4 1 0
mud-platform-backend/internal/npc/memory/mongo_repository.go:213.3,213.33 1 1
mud-platform-backend/internal/npc/memory/mongo_repository.go:215.2,215.21 1 1
mud-platform-backend/internal/npc/memory/mongo_repository.go:218.47,226.16 2 1
mud-platform-backend/internal/npc/memory/mongo_repository.go:226.16,228.3 1 0
mud-platform-backend/internal/npc/memory/mongo_repository.go:230.2,231.53 2 1
mud-platform-backend/internal/npc/memory/mongo_repository.go:231.53,233.3 1 0
mud-platform-backend/internal/npc/memory/mongo_repository.go:237.2,238.16 2 1
mud-platform-backend/internal/npc/memory/mongo_repository.go:238.16,240.3 1 0
mud-platform-backend/internal/npc/memory/mongo_repository.go:242.2,243.19 2 1
mud-platform-backend/internal/npc/memory/mongo_repository.go:244.29,247.18 3 1
mud-platform-backend/internal/npc/memory/mongo_repository.go:248.30,251.18 3 1
mud-platform-backend/internal/npc/memory/mongo_repository.go:252.23,255.18 3 1
mud-platform-backend/internal/npc/memory/mongo_repository.go:256.30,259.18 3 1
mud-platform-backend/internal/npc/memory/mongo_repository.go:260.10,262.29 1 0
mud-platform-backend/internal/npc/memory/mongo_repository.go:265.2,265.16 1 1
mud-platform-backend/internal/npc/memory/mongo_repository.go:265.16,267.3 1 0
mud-platform-backend/internal/npc/memory/mongo_repository.go:269.2,270.18 2 1
mud-platform-backend/internal/npc/memory/rehearsal.go:9.55,11.17 2 1
mud-platform-backend/internal/npc/memory/rehearsal.go:11.17,13.3 1 1
mud-platform-backend/internal/npc/memory/rehearsal.go:14.2,14.14 1 1
mud-platform-backend/internal/npc/memory/rehearsal.go:18.50,21.2 2 1
mud-platform-backend/internal/npc/memory/relevance.go:17.49,21.17 2 1
mud-platform-backend/internal/npc/memory/relevance.go:21.17,23.3 1 0
mud-platform-backend/internal/npc/memory/relevance.go:26.2,28.22 3 1
mud-platform-backend/internal/npc/memory/relevance.go:28.22,30.3 1 1
mud-platform-backend/internal/npc/memory/relevance.go:33.2,34.23 2 1
mud-platform-backend/internal/npc/memory/relevance.go:34.23,36.3 1 1
mud-platform-backend/internal/npc/memory/relevance.go:38.2,38.50 1 1
mud-platform-backend/internal/npc/memory/relevance.go:43.74,47.17 3 1
mud-platform-backend/internal/npc/memory/relevance.go:47.17,49.3 1 0
mud-platform-backend/internal/npc/memory/relevance.go:52.2,53.18 2 1
mud-platform-backend/internal/npc/memory/relevance.go:53.18,55.3 1 0
mud-platform-backend/internal/npc/memory/relevance.go:58.2,59.27 2 1
mud-platform-backend/internal/npc/memory/relevance.go:59.27,61.39 2 1
mud-platform-backend/internal/npc/memory/relevance.go:61.39,62.39 1 1
mud-platform-backend/internal/npc/memory/relevance.go:62.39,63.25 1 1
mud-platform-backend/internal/npc/memory/relevance.go:63.25,65.11 2 1
mud-platform-backend/internal/npc/memory/relevance.go:69.3,69.61 1 1
mud-platform-backend/internal/npc/memory/relevance.go:73.2,74.14 2 1
mud-platform-backend/internal/npc/memory/relevance.go:78.80,85.29 3 1
mud-platform-backend/internal/npc/memory/relevance.go:85.29,90.3 1 1
mud-platform-backend/internal/npc/memory/relevance.go:92.2,92.41 1 1
mud-platform-backend/internal/npc/memory/relevance.go:92.41,94.3 1 1
mud-platform-backend/internal/npc/memory/relevance.go:96.2,97.27 2 1
mud-platform-backend/internal/npc/memory/relevance.go:97.27,99.3 1 1
mud-platform-backend/internal/npc/memory/relevance.go:100.2,100.15 1 1
mud-platform-backend/internal/npc/memory/repository.go:30.42,34.2 1 1
mud-platform-backend/internal/npc/memory/repository.go:36.73,37.27 1 1
mud-platform-backend/internal/npc/memory/repository.go:37.27,39.3 1 1
mud-platform-backend/internal/npc/memory/repository.go:40.2,41.23 2 1
mud-platform-backend/internal/npc/memory/repository.go:44.66,46.9 2 1
mud-platform-backend/internal/npc/memory/repository.go:46.9,48.3 1 1
mud-platform-backend/internal/npc/memory/repository.go:49.2,49.17 1 1
mud-platform-backend/internal/npc/memory/repository.go:52.97,54.33 2 1
mud-platform-backend/internal/npc/memory/repository.go:54.33,55.25 1 1
mud-platform-backend/internal/npc/memory/repository.go:55.25,57.4 1 1
mud-platform-backend/internal/npc/memory/repository.go:63.2,63.27 1 1
mud-platform-backend/internal/npc/memory/repository.go:63.27,65.3 1 0
mud-platform-backend/internal/npc/memory/repository.go:66.2,67.23 2 1
mud-platform-backend/internal/npc/memory/repository.go:67.23,69.3 1 1
mud-platform-backend/internal/npc/memory/repository.go:70.2,70.32 1 1
mud-platform-backend/internal/npc/memory/repository.go:73.109,75.33 2 1
mud-platform-backend/internal/npc/memory/repository.go:75.33,76.51 1 1
mud-platform-backend/internal/npc/memory/repository.go:76.51,78.4 1 1
mud-platform-backend/internal/npc/memory/repository.go:80.2,80.38 1 1
mud-platform-backend/internal/npc/memory/repository.go:80.38,82.3 1 0
mud-platform-backend/internal/npc/memory/repository.go:83.2,83.20 1 1
mud-platform-backend/internal/npc/memory/repository.go:86.114,88.33 2 1
mud-platform-backend/internal/npc/memory/repository.go:88.33,89.162 1 1
mud-platform-backend/internal/npc/memory/repository.go:89.162,91.4 1 1
mud-platform-backend/internal/npc/memory/repository.go:93.2,93.20 1 1
mud-platform-backend/internal/npc/memory/repository.go:96.101,98.33 2 1
mud-platform-backend/internal/npc/memory/repository.go:98.33,99.25 1 1
mud-platform-backend/internal/npc/memory/repository.go:99.25,100.12 1 1
mud-platform-backend/internal/npc/memory/repository.go:104.3,105.34 2 1
mud-platform-backend/internal/npc/memory/repository.go:106.27,107.40 1 1
mud-platform-backend/internal/npc/memory/repository.go:107.40,108.22 1 1
mud-platform-backend/internal/npc/memory/repository.go:108.22,110.11 2 1
mud-platform-backend/internal/npc/memory/repository.go:113.28,114.37 1 1
mud-platform-backend/internal/npc/memory/repository.go:114.37,115.22 1 1
mud-platform-backend/internal/npc/memory/repository.go:115.22,117.11 2 1
mud-platform-backend/internal/npc/memory/repository.go:120.21,121.37 1 0
mud-platform-backend/internal/npc/memory/repository.go:121.37,122.22 1 0
mud-platform-backend/internal/npc/memory/repository.go:122.22,124.11 2 0
mud-platform-backend/internal/npc/memory/repository.go:127.28,128.36 1 0
mud-platform-backend/internal/npc/memory/repository.go:128.36,130.5 1 0
mud-platform-backend/internal/npc/memory/repository.go:132.3,132.12 1 1
mud-platform-backend/internal/npc/memory/repository.go:132.12,134.4 1 1
mud-platform-backend/internal/npc/memory/repository.go:136.2,136.20 1 1
mud-platform-backend/internal/npc/memory/repository.go:139.121,141.33 2 1
mud-platform-backend/internal/npc/memory/repository.go:141.33,142.70 1 1
mud-platform-backend/internal/npc/memory/repository.go:142.70,144.4 1 1
mud-platform-backend/internal/npc/memory/repository.go:146.2,146.38 1 1
mud-platform-backend/internal/npc/memory/repository.go:146.38,148.3 1 0
mud-platform-backend/internal/npc/memory/repository.go:149.2,149.20 1 1
mud-platform-backend/internal/npc/memory/repository.go:152.109,154.33 2 1
mud-platform-backend/internal/npc/memory/repository.go:154.33,155.25 1 1
mud-platform-backend/internal/npc/memory/repository.go:155.25,156.12 1 0
mud-platform-backend/internal/npc/memory/repository.go:159.3,160.28 2 1
mud-platform-backend/internal/npc/memory/repository.go:160.28,161.36 1 1
mud-platform-backend/internal/npc/memory/repository.go:161.36,162.22 1 1
mud-platform-backend/internal/npc/memory/repository.go:162.22,164.11 2 1
mud-platform-backend/internal/npc/memory/repository.go:169.3,169.15 1 1
mud-platform-backend/internal/npc/memory/repository.go:169.15,170.28 1 1
mud-platform-backend/internal/npc/memory/repository.go:170.28,172.5 1 1
mud-platform-backend/internal/npc/memory/repository.go:173.9,174.19 1 1
mud-platform-backend/internal/npc/memory/repository.go:174.19,176.5 1 1
mud-platform-backend/internal/npc/memory/repository.go:179.2,179.20 1 1
mud-platform-backend/internal/npc/memory/repository.go:182.76,184.33 2 1
mud-platform-backend/internal/npc/memory/repository.go:184.33,185.25 1 1
mud-platform-backend/internal/npc/memory/repository.go:185.25,187.4 1 1
mud-platform-backend/internal/npc/memory/repository.go:189.2,189.20 1 1
mud-platform-backend/internal/npc/memory/repository.go:192.60,193.41 1 1
mud-platform-backend/internal/npc/memory/repository.go:193.41,195.3 1 0
mud-platform-backend/internal/npc/memory/repository.go:196.2,197.12 2 1
mud-platform-backend/internal/npc/memory/repository.go:200.59,203.2 2 1
mud-platform-backend/internal/npc/memory/retention.go:10.68,14.19 3 1
mud-platform-backend/internal/npc/memory/retention.go:14.19,16.3 1 0
mud-platform-backend/internal/npc/memory/retention.go:21.2,22.21 2 1
mud-platform-backend/internal/npc/memory/retention.go:22.21,24.3 1 0
mud-platform-backend/internal/npc/memory/retention.go:38.2,41.54 3 1
mud-platform-backend/internal/npc/memory/retention.go:45.38,47.2 1 1
mud-platform-backend/internal/npc/memory/tagging.go:19.43,23.24 2 1
mud-platform-backend/internal/npc/memory/tagging.go:23.24,24.14 1 1
mud-platform-backend/internal/npc/memory/tagging.go:24.14,26.4 1 1
mud-platform-backend/internal/npc/memory/tagging.go:30.2,33.42 2 1
mud-platform-backend/internal/npc/memory/tagging.go:34.26,38.50 4 1
mud-platform-backend/internal/npc/memory/tagging.go:38.50,40.4 1 1
mud-platform-backend/internal/npc/memory/tagging.go:42.3,42.38 1 1
mud-platform-backend/internal/npc/memory/tagging.go:44.27,47.42 3 1
mud-platform-backend/internal/npc/memory/tagging.go:47.42,49.4 1 1
mud-platform-backend/internal/npc/memory/tagging.go:51.3,51.41 1 1
mud-platform-backend/internal/npc/memory/tagging.go:51.41,54.4 2 1
mud-platform-backend/internal/npc/memory/tagging.go:56.20,60.42 4 1
mud-platform-backend/internal/npc/memory/tagging.go:60.42,62.4 1 0
mud-platform-backend/internal/npc/memory/tagging.go:63.3,63.44 1 1
mud-platform-backend/internal/npc/memory/tagging.go:65.27,67.48 2 0
mud-platform-backend/internal/npc/memory/tagging.go:71.2,72.22 2 1
mud-platform-backend/internal/npc/memory/tagging.go:72.22,74.3 1 1
mud-platform-backend/internal/npc/memory/tagging.go:75.2,75.15 1 1
mud-platform-backend/internal/npc/memory/tagging.go:78.57,80.42 2 1
mud-platform-backend/internal/npc/memory/tagging.go:80.42,81.39 1 1
mud-platform-backend/internal/npc/memory/tagging.go:81.39,83.4 1 1
