mode: set
mud-platform-backend/internal/spatial/collision.go:26.60,32.2 1 1
mud-platform-backend/internal/spatial/collision.go:34.122,35.30 1 1
mud-platform-backend/internal/spatial/collision.go:35.30,37.3 1 1
mud-platform-backend/internal/spatial/collision.go:38.2,38.30 1 1
mud-platform-backend/internal/spatial/collision.go:38.30,40.3 1 0
mud-platform-backend/internal/spatial/collision.go:41.2,41.30 1 1
mud-platform-backend/internal/spatial/collision.go:41.30,43.3 1 0
mud-platform-backend/internal/spatial/collision.go:44.2,44.18 1 1
mud-platform-backend/internal/spatial/movement.go:26.118,27.19 1 1
mud-platform-backend/internal/spatial/movement.go:27.19,29.3 1 0
mud-platform-backend/internal/spatial/movement.go:35.2,37.19 2 1
mud-platform-backend/internal/spatial/movement.go:38.13,39.33 1 1
mud-platform-backend/internal/spatial/movement.go:40.13,41.33 1 1
mud-platform-backend/internal/spatial/movement.go:42.12,43.33 1 1
mud-platform-backend/internal/spatial/movement.go:44.12,45.33 1 1
mud-platform-backend/internal/spatial/movement.go:46.17,47.44 1 1
mud-platform-backend/internal/spatial/movement.go:48.17,49.44 1 0
mud-platform-backend/internal/spatial/movement.go:50.17,51.44 1 0
mud-platform-backend/internal/spatial/movement.go:52.17,53.44 1 0
mud-platform-backend/internal/spatial/movement.go:54.10,55.33 1 1
mud-platform-backend/internal/spatial/movement.go:56.12,57.33 1 1
mud-platform-backend/internal/spatial/movement.go:58.10,59.50 1 1
mud-platform-backend/internal/repository/npc_memory_repository.go:27.70,31.2 1 0
mud-platform-backend/internal/repository/npc_memory_repository.go:34.85,36.16 2 0
mud-platform-backend/internal/repository/npc_memory_repository.go:36.16,38.3 1 0
mud-platform-backend/internal/repository/npc_memory_repository.go:39.2,39.12 1 0
mud-platform-backend/internal/repository/npc_memory_repository.go:43.72,54.16 3 0
mud-platform-backend/internal/repository/npc_memory_repository.go:54.16,56.3 1 0
mud-platform-backend/internal/repository/npc_memory_repository.go:57.2,57.12 1 0
mud-platform-backend/internal/repository/npc_memory_repository.go:61.107,64.16 3 0
mud-platform-backend/internal/repository/npc_memory_repository.go:64.16,66.3 1 0
mud-platform-backend/internal/repository/npc_memory_repository.go:67.2,70.51 3 0
mud-platform-backend/internal/repository/npc_memory_repository.go:70.51,72.3 1 0
mud-platform-backend/internal/repository/npc_memory_repository.go:73.2,73.22 1 0
mud-platform-backend/internal/repository/npc_memory_repository.go:77.86,82.16 4 0
mud-platform-backend/internal/repository/npc_memory_repository.go:82.16,84.3 1 0
mud-platform-backend/internal/repository/npc_memory_repository.go:85.2,85.12 1 0
mud-platform-backend/internal/repository/spatial_repository.go:34.80,36.2 1 1
mud-platform-backend/internal/repository/spatial_repository.go:38.123,45.2 3 1
mud-platform-backend/internal/repository/spatial_repository.go:47.122,55.2 3 1
mud-platform-backend/internal/repository/spatial_repository.go:57.105,67.16 5 1
mud-platform-backend/internal/repository/spatial_repository.go:67.16,69.3 1 0
mud-platform-backend/internal/repository/spatial_repository.go:70.2,70.16 1 1
mud-platform-backend/internal/repository/spatial_repository.go:73.138,82.16 3 1
mud-platform-backend/internal/repository/spatial_repository.go:82.16,84.3 1 0
mud-platform-backend/internal/repository/spatial_repository.go:85.2,88.18 3 1
mud-platform-backend/internal/repository/spatial_repository.go:88.18,90.85 2 1
mud-platform-backend/internal/repository/spatial_repository.go:90.85,92.4 1 0
mud-platform-backend/internal/repository/spatial_repository.go:93.3,93.33 1 1
mud-platform-backend/internal/repository/spatial_repository.go:95.2,95.22 1 1
mud-platform-backend/internal/repository/spatial_repository.go:98.147,107.16 3 0
mud-platform-backend/internal/repository/spatial_repository.go:107.16,109.3 1 0
mud-platform-backend/internal/repository/spatial_repository.go:110.2,113.18 3 0
mud-platform-backend/internal/repository/spatial_repository.go:113.18,115.85 2 0
mud-platform-backend/internal/repository/spatial_repository.go:115.85,117.4 1 0
mud-platform-backend/internal/repository/spatial_repository.go:118.3,118.33 1 0
mud-platform-backend/internal/repository/spatial_repository.go:120.2,120.22 1 0
mud-platform-backend/internal/repository/spatial_repository.go:123.125,132.2 4 1
