mode: set
mud-platform-backend/internal/spatial/collision.go:26.60,32.2 1 1
mud-platform-backend/internal/spatial/collision.go:34.122,35.30 1 1
mud-platform-backend/internal/spatial/collision.go:35.30,37.3 1 1
mud-platform-backend/internal/spatial/collision.go:38.2,38.30 1 1
mud-platform-backend/internal/spatial/collision.go:38.30,40.3 1 0
mud-platform-backend/internal/spatial/collision.go:41.2,41.30 1 1
mud-platform-backend/internal/spatial/collision.go:41.30,43.3 1 0
mud-platform-backend/internal/spatial/collision.go:44.2,44.18 1 1
mud-platform-backend/internal/spatial/movement.go:26.118,27.19 1 1
mud-platform-backend/internal/spatial/movement.go:27.19,29.3 1 0
mud-platform-backend/internal/spatial/movement.go:35.2,37.19 2 1
mud-platform-backend/internal/spatial/movement.go:38.13,39.33 1 1
mud-platform-backend/internal/spatial/movement.go:40.13,41.33 1 1
mud-platform-backend/internal/spatial/movement.go:42.12,43.33 1 1
mud-platform-backend/internal/spatial/movement.go:44.12,45.33 1 1
mud-platform-backend/internal/spatial/movement.go:46.17,47.44 1 1
mud-platform-backend/internal/spatial/movement.go:48.17,49.44 1 0
mud-platform-backend/internal/spatial/movement.go:50.17,51.44 1 0
mud-platform-backend/internal/spatial/movement.go:52.17,53.44 1 0
mud-platform-backend/internal/spatial/movement.go:54.10,55.33 1 1
mud-platform-backend/internal/spatial/movement.go:56.12,57.33 1 1
mud-platform-backend/internal/spatial/movement.go:58.10,59.50 1 1
mud-platform-backend/internal/repository/npc_memory_repository.go:27.70,31.2 1 0
mud-platform-backend/internal/repository/npc_memory_repository.go:34.85,36.16 2 0
mud-platform-backend/internal/repository/npc_memory_repository.go:36.16,38.3 1 0
mud-platform-backend/internal/repository/npc_memory_repository.go:39.2,39.12 1 0
mud-platform-backend/internal/repository/npc_memory_repository.go:43.72,54.16 3 0
mud-platform-backend/internal/repository/npc_memory_repository.go:54.16,56.3 1 0
mud-platform-backend/internal/repository/npc_memory_repository.go:57.2,57.12 1 0
mud-platform-backend/internal/repository/npc_memory_repository.go:61.107,64.16 3 0
mud-platform-backend/internal/repository/npc_memory_repository.go:64.16,66.3 1 0
mud-platform-backend/internal/repository/npc_memory_repository.go:67.2,70.51 3 0
mud-platform-backend/internal/repository/npc_memory_repository.go:70.51,72.3 1 0
mud-platform-backend/internal/repository/npc_memory_repository.go:73.2,73.22 1 0
mud-platform-backend/internal/repository/npc_memory_repository.go:77.86,82.16 4 0
mud-platform-backend/internal/repository/npc_memory_repository.go:82.16,84.3 1 0
mud-platform-backend/internal/repository/npc_memory_repository.go:85.2,85.12 1 0
mud-platform-backend/internal/repository/spatial_repository.go:35.80,37.2 1 1
mud-platform-backend/internal/repository/spatial_repository.go:39.123,46.2 3 1
mud-platform-backend/internal/repository/spatial_repository.go:48.122,56.2 3 1
mud-platform-backend/internal/repository/spatial_repository.go:58.105,68.16 5 1
mud-platform-backend/internal/repository/spatial_repository.go:68.16,70.3 1 0
mud-platform-backend/internal/repository/spatial_repository.go:71.2,71.16 1 1
mud-platform-backend/internal/repository/spatial_repository.go:74.138,83.16 3 1
mud-platform-backend/internal/repository/spatial_repository.go:83.16,85.3 1 0
mud-platform-backend/internal/repository/spatial_repository.go:86.2,89.18 3 1
mud-platform-backend/internal/repository/spatial_repository.go:89.18,91.85 2 1
mud-platform-backend/internal/repository/spatial_repository.go:91.85,93.4 1 0
mud-platform-backend/internal/repository/spatial_repository.go:94.3,94.33 1 1
mud-platform-backend/internal/repository/spatial_repository.go:96.2,96.22 1 1
mud-platform-backend/internal/repository/spatial_repository.go:99.147,108.16 3 1
mud-platform-backend/internal/repository/spatial_repository.go:108.16,110.3 1 0
mud-platform-backend/internal/repository/spatial_repository.go:111.2,114.18 3 1
mud-platform-backend/internal/repository/spatial_repository.go:114.18,116.85 2 1
mud-platform-backend/internal/repository/spatial_repository.go:116.85,118.4 1 0
mud-platform-backend/internal/repository/spatial_repository.go:119.3,119.33 1 1
mud-platform-backend/internal/repository/spatial_repository.go:121.2,121.22 1 1
mud-platform-backend/internal/repository/spatial_repository.go:124.125,134.2 4 1
mud-platform-backend/internal/repository/world_repository.go:52.76,54.2 1 1
mud-platform-backend/internal/repository/world_repository.go:56.88,63.28 3 1
mud-platform-backend/internal/repository/world_repository.go:63.28,67.3 3 1
mud-platform-backend/internal/repository/world_repository.go:68.2,68.28 1 1
mud-platform-backend/internal/repository/world_repository.go:68.28,72.3 3 1
mud-platform-backend/internal/repository/world_repository.go:74.2,80.12 2 1
mud-platform-backend/internal/repository/world_repository.go:83.100,99.16 5 1
mud-platform-backend/internal/repository/world_repository.go:99.16,101.3 1 1
mud-platform-backend/internal/repository/world_repository.go:104.2,104.23 1 1
mud-platform-backend/internal/repository/world_repository.go:104.23,106.3 1 1
mud-platform-backend/internal/repository/world_repository.go:107.2,107.23 1 1
mud-platform-backend/internal/repository/world_repository.go:107.23,109.3 1 1
mud-platform-backend/internal/repository/world_repository.go:111.2,111.20 1 1
mud-platform-backend/internal/repository/world_repository.go:114.84,122.16 3 1
mud-platform-backend/internal/repository/world_repository.go:122.16,124.3 1 0
mud-platform-backend/internal/repository/world_repository.go:125.2,128.18 3 1
mud-platform-backend/internal/repository/world_repository.go:128.18,138.17 4 1
mud-platform-backend/internal/repository/world_repository.go:138.17,140.4 1 0
mud-platform-backend/internal/repository/world_repository.go:142.3,142.24 1 1
mud-platform-backend/internal/repository/world_repository.go:142.24,144.4 1 1
mud-platform-backend/internal/repository/world_repository.go:145.3,145.24 1 1
mud-platform-backend/internal/repository/world_repository.go:145.24,147.4 1 1
mud-platform-backend/internal/repository/world_repository.go:149.3,149.33 1 1
mud-platform-backend/internal/repository/world_repository.go:152.2,152.20 1 1
mud-platform-backend/internal/repository/world_repository.go:155.88,166.28 3 1
mud-platform-backend/internal/repository/world_repository.go:166.28,170.3 3 0
mud-platform-backend/internal/repository/world_repository.go:171.2,171.28 1 1
mud-platform-backend/internal/repository/world_repository.go:171.28,175.3 3 0
mud-platform-backend/internal/repository/world_repository.go:177.2,183.12 2 1
mud-platform-backend/internal/repository/world_repository.go:186.93,190.2 3 1
