mode: set
mud-platform-backend/internal/npc/personality/archetypes.go:47.45,49.14 2 1
mud-platform-backend/internal/npc/personality/archetypes.go:50.20,51.31 1 1
mud-platform-backend/internal/npc/personality/archetypes.go:52.17,53.28 1 1
mud-platform-backend/internal/npc/personality/archetypes.go:54.16,55.27 1 1
mud-platform-backend/internal/npc/personality/archetypes.go:56.16,57.27 1 1
mud-platform-backend/internal/npc/personality/archetypes.go:58.18,59.29 1 0
mud-platform-backend/internal/npc/personality/archetypes.go:60.10,61.26 1 0
mud-platform-backend/internal/npc/personality/archetypes.go:65.2,71.3 1 1
mud-platform-backend/internal/npc/personality/decisions.go:28.85,32.62 2 1
mud-platform-backend/internal/npc/personality/decisions.go:32.62,34.15 2 1
mud-platform-backend/internal/npc/personality/decisions.go:34.15,35.45 1 1
mud-platform-backend/internal/npc/personality/decisions.go:35.45,37.5 1 1
mud-platform-backend/internal/npc/personality/decisions.go:40.3,40.16 1 1
mud-platform-backend/internal/npc/personality/decisions.go:40.16,42.4 1 0
mud-platform-backend/internal/npc/personality/decisions.go:43.3,43.14 1 1
mud-platform-backend/internal/npc/personality/decisions.go:43.14,45.4 1 0
mud-platform-backend/internal/npc/personality/decisions.go:46.3,46.13 1 1
mud-platform-backend/internal/npc/personality/decisions.go:49.2,56.34 6 1
mud-platform-backend/internal/npc/personality/decisions.go:56.34,57.14 1 1
mud-platform-backend/internal/npc/personality/decisions.go:58.17,60.22 1 1
mud-platform-backend/internal/npc/personality/decisions.go:60.22,62.5 1 1
mud-platform-backend/internal/npc/personality/decisions.go:63.4,63.22 1 1
mud-platform-backend/internal/npc/personality/decisions.go:63.22,65.5 1 0
mud-platform-backend/internal/npc/personality/decisions.go:66.20,67.22 1 1
mud-platform-backend/internal/npc/personality/decisions.go:67.22,69.5 1 1
mud-platform-backend/internal/npc/personality/decisions.go:70.4,70.22 1 1
mud-platform-backend/internal/npc/personality/decisions.go:70.22,72.5 1 1
mud-platform-backend/internal/npc/personality/decisions.go:74.19,76.31 1 1
mud-platform-backend/internal/npc/personality/decisions.go:76.31,78.5 1 1
mud-platform-backend/internal/npc/personality/decisions.go:79.4,79.31 1 1
mud-platform-backend/internal/npc/personality/decisions.go:79.31,81.5 1 0
mud-platform-backend/internal/npc/personality/decisions.go:82.21,83.31 1 1
mud-platform-backend/internal/npc/personality/decisions.go:83.31,85.5 1 0
mud-platform-backend/internal/npc/personality/decisions.go:86.4,86.31 1 1
mud-platform-backend/internal/npc/personality/decisions.go:86.31,88.5 1 1
mud-platform-backend/internal/npc/personality/decisions.go:90.18,92.26 1 1
mud-platform-backend/internal/npc/personality/decisions.go:92.26,94.5 1 1
mud-platform-backend/internal/npc/personality/decisions.go:95.4,95.26 1 1
mud-platform-backend/internal/npc/personality/decisions.go:95.26,97.5 1 0
mud-platform-backend/internal/npc/personality/decisions.go:98.20,99.26 1 1
mud-platform-backend/internal/npc/personality/decisions.go:99.26,101.5 1 1
mud-platform-backend/internal/npc/personality/decisions.go:102.4,102.26 1 1
mud-platform-backend/internal/npc/personality/decisions.go:102.26,104.5 1 1
mud-platform-backend/internal/npc/personality/decisions.go:106.23,108.27 1 1
mud-platform-backend/internal/npc/personality/decisions.go:108.27,110.5 1 1
mud-platform-backend/internal/npc/personality/decisions.go:111.4,111.27 1 1
mud-platform-backend/internal/npc/personality/decisions.go:111.27,113.5 1 0
mud-platform-backend/internal/npc/personality/decisions.go:114.23,115.27 1 1
mud-platform-backend/internal/npc/personality/decisions.go:115.27,117.5 1 0
mud-platform-backend/internal/npc/personality/decisions.go:118.4,118.27 1 1
mud-platform-backend/internal/npc/personality/decisions.go:118.27,120.5 1 1
mud-platform-backend/internal/npc/personality/decisions.go:122.16,124.25 1 1
mud-platform-backend/internal/npc/personality/decisions.go:124.25,126.5 1 1
mud-platform-backend/internal/npc/personality/decisions.go:127.4,127.25 1 1
mud-platform-backend/internal/npc/personality/decisions.go:127.25,129.5 1 0
mud-platform-backend/internal/npc/personality/decisions.go:130.17,131.25 1 1
mud-platform-backend/internal/npc/personality/decisions.go:131.25,133.5 1 1
mud-platform-backend/internal/npc/personality/decisions.go:134.4,134.25 1 1
mud-platform-backend/internal/npc/personality/decisions.go:134.25,136.5 1 1
mud-platform-backend/internal/npc/personality/decisions.go:141.2,143.14 2 1
mud-platform-backend/internal/npc/personality/experiences.go:19.73,20.31 1 1
mud-platform-backend/internal/npc/personality/experiences.go:20.31,32.32 7 1
mud-platform-backend/internal/npc/personality/experiences.go:32.32,33.15 1 1
mud-platform-backend/internal/npc/personality/experiences.go:34.21,35.20 1 1
mud-platform-backend/internal/npc/personality/experiences.go:36.23,37.22 1 1
mud-platform-backend/internal/npc/personality/experiences.go:38.25,39.24 1 1
mud-platform-backend/internal/npc/personality/experiences.go:40.28,41.27 1 1
mud-platform-backend/internal/npc/personality/experiences.go:42.28,43.27 1 1
mud-platform-backend/internal/npc/personality/experiences.go:44.26,45.25 1 1
mud-platform-backend/internal/npc/personality/experiences.go:50.3,50.59 1 1
mud-platform-backend/internal/npc/personality/experiences.go:50.59,52.45 2 1
mud-platform-backend/internal/npc/personality/experiences.go:52.45,54.5 1 1
mud-platform-backend/internal/npc/personality/experiences.go:55.4,55.46 1 1
mud-platform-backend/internal/npc/personality/experiences.go:55.46,57.5 1 0
mud-platform-backend/internal/npc/personality/experiences.go:58.4,58.46 1 1
mud-platform-backend/internal/npc/personality/experiences.go:58.46,60.5 1 0
mud-platform-backend/internal/npc/personality/experiences.go:67.3,67.15 1 1
mud-platform-backend/internal/npc/personality/experiences.go:67.15,82.4 1 1
mud-platform-backend/internal/npc/personality/experiences.go:84.3,84.17 1 1
mud-platform-backend/internal/npc/personality/experiences.go:84.17,87.4 1 1
mud-platform-backend/internal/npc/personality/experiences.go:89.3,89.19 1 1
mud-platform-backend/internal/npc/personality/experiences.go:89.19,92.4 1 1
mud-platform-backend/internal/npc/personality/experiences.go:94.3,94.22 1 1
mud-platform-backend/internal/npc/personality/experiences.go:94.22,97.4 1 1
mud-platform-backend/internal/npc/personality/experiences.go:99.3,99.22 1 1
mud-platform-backend/internal/npc/personality/experiences.go:99.22,103.4 2 1
mud-platform-backend/internal/npc/personality/experiences.go:105.3,105.20 1 1
mud-platform-backend/internal/npc/personality/experiences.go:105.20,108.4 1 1
mud-platform-backend/internal/npc/personality/experiences.go:112.2,116.28 5 1
mud-platform-backend/internal/npc/personality/experiences.go:119.27,120.19 1 1
mud-platform-backend/internal/npc/personality/experiences.go:120.19,122.3 1 1
mud-platform-backend/internal/npc/personality/experiences.go:123.2,123.17 1 1
mud-platform-backend/internal/npc/personality/experiences.go:123.17,125.3 1 1
mud-platform-backend/internal/npc/personality/genetics.go:18.56,22.41 2 1
mud-platform-backend/internal/npc/personality/genetics.go:22.41,24.3 1 1
mud-platform-backend/internal/npc/personality/genetics.go:30.2,30.44 1 1
mud-platform-backend/internal/npc/personality/genetics.go:30.44,31.39 1 1
mud-platform-backend/internal/npc/personality/genetics.go:31.39,32.30 1 1
mud-platform-backend/internal/npc/personality/genetics.go:32.30,33.22 1 1
mud-platform-backend/internal/npc/personality/genetics.go:33.22,36.6 1 1
mud-platform-backend/internal/npc/personality/genetics.go:38.5,38.24 1 1
mud-platform-backend/internal/npc/personality/genetics.go:41.4,41.23 1 1
mud-platform-backend/internal/npc/personality/genetics.go:44.3,44.22 1 1
mud-platform-backend/internal/npc/personality/genetics.go:47.2,53.10 6 1
mud-platform-backend/internal/npc/personality/mood.go:14.99,18.31 2 1
mud-platform-backend/internal/npc/personality/mood.go:18.31,19.16 1 1
mud-platform-backend/internal/npc/personality/mood.go:20.24,21.30 1 1
mud-platform-backend/internal/npc/personality/mood.go:22.22,23.29 1 1
mud-platform-backend/internal/npc/personality/mood.go:24.24,25.27 1 1
mud-platform-backend/internal/npc/personality/mood.go:26.20,27.32 1 1
mud-platform-backend/internal/npc/personality/mood.go:28.27,29.29 1 1
mud-platform-backend/internal/npc/personality/mood.go:34.2,34.23 1 1
mud-platform-backend/internal/npc/personality/mood.go:34.23,38.22 2 1
mud-platform-backend/internal/npc/personality/mood.go:39.21,40.22 1 1
mud-platform-backend/internal/npc/personality/mood.go:41.20,42.22 1 1
mud-platform-backend/internal/npc/personality/mood.go:43.18,44.22 1 1
mud-platform-backend/internal/npc/personality/mood.go:45.23,46.22 1 1
mud-platform-backend/internal/npc/personality/mood.go:47.20,48.22 1 1
mud-platform-backend/internal/npc/personality/mood.go:53.3,55.40 2 1
mud-platform-backend/internal/npc/personality/mood.go:59.2,59.56 1 1
mud-platform-backend/internal/npc/personality/mood.go:59.56,61.32 2 1
mud-platform-backend/internal/npc/personality/mood.go:61.32,64.4 1 1
mud-platform-backend/internal/npc/personality/mood.go:65.3,65.21 1 1
mud-platform-backend/internal/npc/personality/mood.go:69.2,69.24 1 1
mud-platform-backend/internal/npc/personality/mood.go:69.24,71.3 1 1
mud-platform-backend/internal/npc/personality/mood.go:73.2,73.20 1 0
mud-platform-backend/internal/npc/personality/types.go:45.36,53.2 1 1
mud-platform-backend/internal/npc/personality/types.go:56.55,64.18 2 1
mud-platform-backend/internal/npc/personality/types.go:65.20,66.39 1 1
mud-platform-backend/internal/npc/personality/types.go:67.22,68.40 1 1
mud-platform-backend/internal/npc/personality/types.go:69.19,70.39 1 1
mud-platform-backend/internal/npc/personality/types.go:71.17,72.42 1 1
mud-platform-backend/internal/npc/personality/types.go:73.19,74.36 1 1
mud-platform-backend/internal/npc/personality/types.go:75.16,75.16 0 1
mud-platform-backend/internal/npc/personality/types.go:79.2,79.10 1 1
